Log file open, 08/19/19 08:55:08
LogWindows: Failed to load 'aqProf.dll' (GetLastError=126)
LogWindows: File 'aqProf.dll' does not exist
LogWindows: Failed to load 'VtuneApi.dll' (GetLastError=126)
LogWindows: File 'VtuneApi.dll' does not exist
LogWindows: Failed to load 'VtuneApi32e.dll' (GetLastError=126)
LogWindows: File 'VtuneApi32e.dll' does not exist
LogConsoleResponse: Display: Failed to find resolution value strings in scalability ini. Falling back to default.
LogInit: Display: Running engine for game: 三维弹球
LogPlatformFile: Not using cached read wrapper
LogTaskGraph: Started task graph with 5 named threads and 23 total threads with 3 sets of task threads.
LogStats: Stats thread started at 0.140692
LogD3D11RHI: Loaded GFSDK_Aftermath_Lib.x64.dll
LogICUInternationalization: ICU TimeZone Detection - Raw Offset: +8:00, Platform Override: ''
LogPluginManager: Mounting plugin Paper2D
LogPluginManager: Mounting plugin AISupport
LogPluginManager: Mounting plugin LightPropagationVolume
LogPluginManager: Mounting plugin ActorLayerUtilities
LogPluginManager: Mounting plugin AnimationSharing
LogPluginManager: Mounting plugin CLionSourceCodeAccess
LogPluginManager: Mounting plugin CodeLiteSourceCodeAccess
LogPluginManager: Mounting plugin GitSourceControl
LogPluginManager: Mounting plugin KDevelopSourceCodeAccess
LogPluginManager: Mounting plugin NullSourceCodeAccess
LogPluginManager: Mounting plugin PerforceSourceControl
LogPluginManager: Mounting plugin SubversionSourceControl
LogPluginManager: Mounting plugin UObjectPlugin
LogPluginManager: Mounting plugin VisualStudioCodeSourceCodeAccess
LogPluginManager: Mounting plugin VisualStudioSourceCodeAccess
LogPluginManager: Mounting plugin XCodeSourceCodeAccess
LogPluginManager: Mounting plugin AssetManagerEditor
LogPluginManager: Mounting plugin CryptoKeys
LogPluginManager: Mounting plugin CurveEditorTools
LogPluginManager: Mounting plugin DataValidation
LogPluginManager: Mounting plugin FacialAnimation
LogPluginManager: Mounting plugin GameplayTagsEditor
LogPluginManager: Mounting plugin MacGraphicsSwitching
LogPluginManager: Mounting plugin MaterialAnalyzer
LogPluginManager: Mounting plugin MobileLauncherProfileWizard
LogPluginManager: Mounting plugin PluginBrowser
LogPluginManager: Mounting plugin SpeedTreeImporter
LogPluginManager: Mounting plugin DatasmithContent
LogPluginManager: Mounting plugin VariantManagerContent
LogPluginManager: Mounting plugin AlembicImporter
LogPluginManager: Mounting plugin AutomationUtils
LogPluginManager: Mounting plugin BackChannel
LogPluginManager: Mounting plugin CharacterAI
LogPluginManager: Mounting plugin GeometryCache
LogPluginManager: Mounting plugin HTML5Networking
LogPluginManager: Mounting plugin PlatformCrypto
LogPluginManager: Mounting plugin ProxyLODPlugin
LogPluginManager: Mounting plugin SkeletalReduction
LogPluginManager: Mounting plugin MagicLeap
LogPluginManager: Mounting plugin MagicLeapMedia
LogPluginManager: Mounting plugin AndroidMedia
LogPluginManager: Mounting plugin AvfMedia
LogPluginManager: Mounting plugin ImgMedia
LogPluginManager: Mounting plugin MediaCompositing
LogPluginManager: Mounting plugin MediaPlayerEditor
LogPluginManager: Mounting plugin WebMMedia
LogPluginManager: Mounting plugin WmfMedia
LogPluginManager: Mounting plugin TcpMessaging
LogPluginManager: Mounting plugin UdpMessaging
LogPluginManager: Mounting plugin ActorSequence
LogPluginManager: Mounting plugin LevelSequenceEditor
LogPluginManager: Mounting plugin MatineeToLevelSequence
LogPluginManager: Mounting plugin NetcodeUnitTest
LogPluginManager: Mounting plugin NUTUnrealEngine4
LogPluginManager: Mounting plugin OnlineSubsystemGooglePlay
LogPluginManager: Mounting plugin OnlineSubsystemIOS
LogPluginManager: Mounting plugin OnlineSubsystem
LogPluginManager: Mounting plugin OnlineSubsystemNull
LogPluginManager: Mounting plugin OnlineSubsystemUtils
LogPluginManager: Mounting plugin LauncherChunkInstaller
LogPluginManager: Mounting plugin AndroidDeviceProfileSelector
LogPluginManager: Mounting plugin AndroidMoviePlayer
LogPluginManager: Mounting plugin AndroidPermission
LogPluginManager: Mounting plugin AppleImageUtils
LogPluginManager: Mounting plugin AppleMoviePlayer
LogPluginManager: Mounting plugin ArchVisCharacter
LogPluginManager: Mounting plugin AudioCapture
LogPluginManager: Mounting plugin CableComponent
LogPluginManager: Mounting plugin CustomMeshComponent
LogPluginManager: Mounting plugin EditableMesh
LogPluginManager: Mounting plugin ExampleDeviceProfileSelector
LogPluginManager: Mounting plugin GoogleCloudMessaging
LogPluginManager: Mounting plugin IOSDeviceProfileSelector
LogPluginManager: Mounting plugin LinuxDeviceProfileSelector
LogPluginManager: Mounting plugin LocationServicesBPLibrary
LogPluginManager: Mounting plugin MobilePatchingUtils
LogPluginManager: Mounting plugin OculusVR
LogPluginManager: Mounting plugin PhysXVehicles
LogPluginManager: Mounting plugin ProceduralMeshComponent
LogPluginManager: Mounting plugin RuntimePhysXCooking
LogPluginManager: Mounting plugin SignificanceManager
LogPluginManager: Mounting plugin SteamVR
LogPluginManager: Mounting plugin WebMMoviePlayer
LogPluginManager: Mounting plugin WindowsMoviePlayer
LogPluginManager: Mounting plugin ScreenshotTools
LogInit: Using libcurl 7.55.1-DEV
LogInit:  - built for x86_64-pc-win32
LogInit:  - supports SSL with OpenSSL/1.1.1
LogInit:  - supports HTTP deflate (compression) using libz 1.2.8
LogInit:  - other features:
LogInit:      CURL_VERSION_SSL
LogInit:      CURL_VERSION_LIBZ
LogInit:      CURL_VERSION_IPV6
LogInit:      CURL_VERSION_ASYNCHDNS
LogInit:      CURL_VERSION_LARGEFILE
LogInit:      CURL_VERSION_IDN
LogInit:  CurlRequestOptions (configurable via config and command line):
LogInit:  - bVerifyPeer = true  - Libcurl will verify peer certificate
LogInit:  - bUseHttpProxy = false  - Libcurl will NOT use HTTP proxy
LogInit:  - bDontReuseConnections = false  - Libcurl will reuse connections
LogInit:  - MaxHostConnections = 16  - Libcurl will limit the number of connections to a host
LogInit:  - LocalHostAddr = Default
LogInit:  - BufferSize = 65536
LogOnline: OSS: Creating online subsystem instance for: NULL
LogInit: WinSock: version 1.1 (2.2), MaxSocks=32767, MaxUdp=65467
LogInit: Build: ++UE4+Release-4.23-CL-7948402
LogInit: Engine Version: 4.23.0-7948402+++UE4+Release-4.23
LogInit: Compatible Engine Version: 4.23.0-7948402+++UE4+Release-4.23
LogInit: Net CL: 7948402
LogInit: OS: Windows 10 (Release 1803) (), CPU: Intel(R) Core(TM) i7-7700HQ CPU @ 2.80GHz, GPU: Intel(R) HD Graphics 630
LogInit: Compiled (64-bit): Aug 12 2019 02:04:59
LogInit: Compiled with Visual C++: 19.16.27030.01
LogInit: Build Configuration: Development
LogInit: Branch Name: ++UE4+Release-4.23
LogInit: Command Line: 
LogInit: Base Directory: F:/UE_4.23/Engine/Binaries/Win64/
LogInit: Installed Engine Build: 1
LogDevObjectVersion: Number of dev versions registered: 23
LogDevObjectVersion:   Dev-Blueprints (B0D832E4-1F89-4F0D-ACCF-7EB736FD4AA2): 10
LogDevObjectVersion:   Dev-Build (E1C64328-A22C-4D53-A36C-8E866417BD8C): 0
LogDevObjectVersion:   Dev-Core (375EC13C-06E4-48FB-B500-84F0262A717E): 3
LogDevObjectVersion:   Dev-Editor (E4B068ED-F494-42E9-A231-DA0B2E46BB41): 34
LogDevObjectVersion:   Dev-Framework (CFFC743F-43B0-4480-9391-14DF171D2073): 35
LogDevObjectVersion:   Dev-Mobile (B02B49B5-BB20-44E9-A304-32B752E40360): 2
LogDevObjectVersion:   Dev-Networking (A4E4105C-59A1-49B5-A7C5-40C4547EDFEE): 0
LogDevObjectVersion:   Dev-Online (39C831C9-5AE6-47DC-9A44-9C173E1C8E7C): 0
LogDevObjectVersion:   Dev-Physics (78F01B33-EBEA-4F98-B9B4-84EACCB95AA2): 0
LogDevObjectVersion:   Dev-Platform (6631380F-2D4D-43E0-8009-CF276956A95A): 0
LogDevObjectVersion:   Dev-Rendering (12F88B9F-8875-4AFC-A67C-D90C383ABD29): 31
LogDevObjectVersion:   Dev-Sequencer (7B5AE74C-D270-4C10-A958-57980B212A5A): 11
LogDevObjectVersion:   Dev-VR (D7296918-1DD6-4BDD-9DE2-64A83CC13884): 2
LogDevObjectVersion:   Dev-LoadTimes (C2A15278-BFE7-4AFE-6C17-90FF531DF755): 1
LogDevObjectVersion:   Private-Geometry (6EACA3D4-40EC-4CC1-B786-8BED09428FC5): 3
LogDevObjectVersion:   Dev-AnimPhys (29E575DD-E0A3-4627-9D10-D276232CDCEA): 17
LogDevObjectVersion:   Dev-Anim (AF43A65D-7FD3-4947-9873-3E8ED9C1BB05): 2
LogDevObjectVersion:   Dev-ReflectionCapture (6B266CEC-1EC7-4B8F-A30B-E4D90942FC07): 1
LogDevObjectVersion:   Dev-Automation (0DF73D61-A23F-47EA-B727-89E90C41499A): 1
LogDevObjectVersion:   FortniteMain (601D1886-AC64-4F84-AA16-D3DE0DEAC7D6): 27
LogDevObjectVersion:   Dev-Enterprise (9DFFBCD6-494F-0158-E221-12823C92A888): 6
LogDevObjectVersion:   Dev-Niagara (F2AED0AC-9AFE-416F-8664-AA7FFA26D6FC): 1
LogDevObjectVersion:   Dev-Destruction (174F1F0B-B4C6-45A5-B13F-2EE8D0FB917D): 9
LogInit: Presizing for max 16777216 objects, including 0 objects not considered by GC, pre-allocating 0 bytes for permanent pool.
LogInit: Object subsystem initialized
LogConfig: Setting CVar [[con.DebugEarlyDefault:1]]
LogConfig: Setting CVar [[r.setres:1280x720]]
[2019.08.19-00.55.08:656][  0]LogConfig: Setting CVar [[r.VSync:0]]
[2019.08.19-00.55.08:656][  0]LogConfig: Setting CVar [[r.RHICmdBypass:0]]
[2019.08.19-00.55.08:656][  0]LogConfig: Applying CVar settings from Section [/Script/Engine.RendererSettings] File [C:/Users/ACER/Desktop/ball/三维弹球/Saved/Config/Windows/Engine.ini]
[2019.08.19-00.55.08:656][  0]LogConfig: Setting CVar [[r.GPUCrashDebugging:0]]
[2019.08.19-00.55.08:656][  0]LogConfig: Setting CVar [[r.DefaultFeature.AutoExposure.ExtendDefaultLuminanceRange:1]]
[2019.08.19-00.55.08:656][  0]LogConfig: Applying CVar settings from Section [/Script/Engine.RendererOverrideSettings] File [C:/Users/ACER/Desktop/ball/三维弹球/Saved/Config/Windows/Engine.ini]
[2019.08.19-00.55.08:656][  0]LogConfig: Applying CVar settings from Section [/Script/Engine.StreamingSettings] File [C:/Users/ACER/Desktop/ball/三维弹球/Saved/Config/Windows/Engine.ini]
[2019.08.19-00.55.08:656][  0]LogConfig: Setting CVar [[s.MinBulkDataSizeForAsyncLoading:131072]]
[2019.08.19-00.55.08:656][  0]LogConfig: Setting CVar [[s.AsyncLoadingThreadEnabled:0]]
[2019.08.19-00.55.08:656][  0]LogConfig: Setting CVar [[s.EventDrivenLoaderEnabled:1]]
[2019.08.19-00.55.08:656][  0]LogConfig: Setting CVar [[s.WarnIfTimeLimitExceeded:0]]
[2019.08.19-00.55.08:656][  0]LogConfig: Setting CVar [[s.TimeLimitExceededMultiplier:1.5]]
[2019.08.19-00.55.08:656][  0]LogConfig: Setting CVar [[s.TimeLimitExceededMinTime:0.005]]
[2019.08.19-00.55.08:656][  0]LogConfig: Setting CVar [[s.UseBackgroundLevelStreaming:1]]
[2019.08.19-00.55.08:656][  0]LogConfig: Setting CVar [[s.PriorityAsyncLoadingExtraTime:15.0]]
[2019.08.19-00.55.08:656][  0]LogConfig: Setting CVar [[s.LevelStreamingActorsUpdateTimeLimit:5.0]]
[2019.08.19-00.55.08:656][  0]LogConfig: Setting CVar [[s.PriorityLevelStreamingActorsUpdateExtraTime:5.0]]
[2019.08.19-00.55.08:656][  0]LogConfig: Setting CVar [[s.LevelStreamingComponentsRegistrationGranularity:10]]
[2019.08.19-00.55.08:656][  0]LogConfig: Setting CVar [[s.UnregisterComponentsTimeLimit:1.0]]
[2019.08.19-00.55.08:656][  0]LogConfig: Setting CVar [[s.LevelStreamingComponentsUnregistrationGranularity:5]]
[2019.08.19-00.55.08:656][  0]LogConfig: Applying CVar settings from Section [/Script/Engine.GarbageCollectionSettings] File [C:/Users/ACER/Desktop/ball/三维弹球/Saved/Config/Windows/Engine.ini]
[2019.08.19-00.55.08:656][  0]LogConfig: Setting CVar [[gc.MaxObjectsNotConsideredByGC:1]]
[2019.08.19-00.55.08:656][  0]LogConfig: Setting CVar [[gc.SizeOfPermanentObjectPool:0]]
[2019.08.19-00.55.08:656][  0]LogConfig: Setting CVar [[gc.FlushStreamingOnGC:0]]
[2019.08.19-00.55.08:656][  0]LogConfig: Setting CVar [[gc.NumRetriesBeforeForcingGC:10]]
[2019.08.19-00.55.08:656][  0]LogConfig: Setting CVar [[gc.AllowParallelGC:1]]
[2019.08.19-00.55.08:656][  0]LogConfig: Setting CVar [[gc.TimeBetweenPurgingPendingKillObjects:61.1]]
[2019.08.19-00.55.08:656][  0]LogConfig: Setting CVar [[gc.MaxObjectsInEditor:16777216]]
[2019.08.19-00.55.08:656][  0]LogConfig: Setting CVar [[gc.IncrementalBeginDestroyEnabled:1]]
[2019.08.19-00.55.08:656][  0]LogConfig: Setting CVar [[gc.CreateGCClusters:1]]
[2019.08.19-00.55.08:656][  0]LogConfig: Setting CVar [[gc.MinGCClusterSize:5]]
[2019.08.19-00.55.08:656][  0]LogConfig: Setting CVar [[gc.ActorClusteringEnabled:0]]
[2019.08.19-00.55.08:656][  0]LogConfig: Setting CVar [[gc.BlueprintClusteringEnabled:0]]
[2019.08.19-00.55.08:656][  0]LogConfig: Setting CVar [[gc.UseDisregardForGCOnDedicatedServers:0]]
[2019.08.19-00.55.08:656][  0]LogConfig: Applying CVar settings from Section [/Script/Engine.NetworkSettings] File [C:/Users/ACER/Desktop/ball/三维弹球/Saved/Config/Windows/Engine.ini]
[2019.08.19-00.55.08:656][  0]LogConfig: Applying CVar settings from Section [/Script/UnrealEd.CookerSettings] File [C:/Users/ACER/Desktop/ball/三维弹球/Saved/Config/Windows/Engine.ini]
[2019.08.19-00.55.08:660][  0]LogConfig: Applying CVar settings from Section [ViewDistanceQuality@3] File [C:/Users/ACER/Desktop/ball/三维弹球/Saved/Config/Windows/Scalability.ini]
[2019.08.19-00.55.08:660][  0]LogConfig: Setting CVar [[r.SkeletalMeshLODBias:0]]
[2019.08.19-00.55.08:660][  0]LogConfig: Setting CVar [[r.ViewDistanceScale:1.0]]
[2019.08.19-00.55.08:660][  0]LogConfig: Applying CVar settings from Section [AntiAliasingQuality@3] File [C:/Users/ACER/Desktop/ball/三维弹球/Saved/Config/Windows/Scalability.ini]
[2019.08.19-00.55.08:660][  0]LogConfig: Setting CVar [[r.PostProcessAAQuality:4]]
[2019.08.19-00.55.08:660][  0]LogConfig: Applying CVar settings from Section [ShadowQuality@3] File [C:/Users/ACER/Desktop/ball/三维弹球/Saved/Config/Windows/Scalability.ini]
[2019.08.19-00.55.08:660][  0]LogConfig: Setting CVar [[r.LightFunctionQuality:1]]
[2019.08.19-00.55.08:660][  0]LogConfig: Setting CVar [[r.ShadowQuality:5]]
[2019.08.19-00.55.08:660][  0]LogConfig: Setting CVar [[r.Shadow.CSM.MaxCascades:10]]
[2019.08.19-00.55.08:660][  0]LogConfig: Setting CVar [[r.Shadow.MaxResolution:2048]]
[2019.08.19-00.55.08:660][  0]LogConfig: Setting CVar [[r.Shadow.MaxCSMResolution:2048]]
[2019.08.19-00.55.08:660][  0]LogConfig: Setting CVar [[r.Shadow.RadiusThreshold:0.01]]
[2019.08.19-00.55.08:660][  0]LogConfig: Setting CVar [[r.Shadow.DistanceScale:1.0]]
[2019.08.19-00.55.08:660][  0]LogConfig: Setting CVar [[r.Shadow.CSM.TransitionScale:1.0]]
[2019.08.19-00.55.08:660][  0]LogConfig: Setting CVar [[r.Shadow.PreShadowResolutionFactor:1.0]]
[2019.08.19-00.55.08:660][  0]LogConfig: Setting CVar [[r.DistanceFieldShadowing:1]]
[2019.08.19-00.55.08:660][  0]LogConfig: Setting CVar [[r.DistanceFieldAO:1]]
[2019.08.19-00.55.08:660][  0]LogConfig: Setting CVar [[r.AOQuality:2]]
[2019.08.19-00.55.08:660][  0]LogConfig: Setting CVar [[r.VolumetricFog:1]]
[2019.08.19-00.55.08:661][  0]LogConfig: Setting CVar [[r.VolumetricFog.GridPixelSize:8]]
[2019.08.19-00.55.08:661][  0]LogConfig: Setting CVar [[r.VolumetricFog.GridSizeZ:128]]
[2019.08.19-00.55.08:661][  0]LogConfig: Setting CVar [[r.VolumetricFog.HistoryMissSupersampleCount:4]]
[2019.08.19-00.55.08:661][  0]LogConfig: Setting CVar [[r.LightMaxDrawDistanceScale:1]]
[2019.08.19-00.55.08:661][  0]LogConfig: Setting CVar [[r.CapsuleShadows:1]]
[2019.08.19-00.55.08:661][  0]LogConfig: Applying CVar settings from Section [PostProcessQuality@3] File [C:/Users/ACER/Desktop/ball/三维弹球/Saved/Config/Windows/Scalability.ini]
[2019.08.19-00.55.08:661][  0]LogConfig: Setting CVar [[r.MotionBlurQuality:4]]
[2019.08.19-00.55.08:661][  0]LogConfig: Setting CVar [[r.AmbientOcclusionMipLevelFactor:0.4]]
[2019.08.19-00.55.08:661][  0]LogConfig: Setting CVar [[r.AmbientOcclusionMaxQuality:100]]
[2019.08.19-00.55.08:661][  0]LogConfig: Setting CVar [[r.AmbientOcclusionLevels:-1]]
[2019.08.19-00.55.08:661][  0]LogConfig: Setting CVar [[r.AmbientOcclusionRadiusScale:1.0]]
[2019.08.19-00.55.08:661][  0]LogConfig: Setting CVar [[r.DepthOfFieldQuality:2]]
[2019.08.19-00.55.08:661][  0]LogConfig: Setting CVar [[r.RenderTargetPoolMin:400]]
[2019.08.19-00.55.08:661][  0]LogConfig: Setting CVar [[r.LensFlareQuality:2]]
[2019.08.19-00.55.08:661][  0]LogConfig: Setting CVar [[r.SceneColorFringeQuality:1]]
[2019.08.19-00.55.08:661][  0]LogConfig: Setting CVar [[r.EyeAdaptationQuality:2]]
[2019.08.19-00.55.08:661][  0]LogConfig: Setting CVar [[r.BloomQuality:5]]
[2019.08.19-00.55.08:661][  0]LogConfig: Setting CVar [[r.FastBlurThreshold:100]]
[2019.08.19-00.55.08:661][  0]LogConfig: Setting CVar [[r.Upscale.Quality:3]]
[2019.08.19-00.55.08:661][  0]LogConfig: Setting CVar [[r.Tonemapper.GrainQuantization:1]]
[2019.08.19-00.55.08:661][  0]LogConfig: Setting CVar [[r.LightShaftQuality:1]]
[2019.08.19-00.55.08:661][  0]LogConfig: Setting CVar [[r.Filter.SizeScale:1]]
[2019.08.19-00.55.08:661][  0]LogConfig: Setting CVar [[r.Tonemapper.Quality:5]]
[2019.08.19-00.55.08:661][  0]LogConfig: Setting CVar [[r.DOF.Gather.AccumulatorQuality:1        ; higher gathering accumulator quality]]
[2019.08.19-00.55.08:661][  0]LogConfig: Setting CVar [[r.DOF.Gather.PostfilterMethod:1          ; Median3x3 postfilering method]]
[2019.08.19-00.55.08:661][  0]LogConfig: Setting CVar [[r.DOF.Gather.EnableBokehSettings:0       ; no bokeh simulation when gathering]]
[2019.08.19-00.55.08:661][  0]LogConfig: Setting CVar [[r.DOF.Gather.RingCount:4                 ; medium number of samples when gathering]]
[2019.08.19-00.55.08:661][  0]LogConfig: Setting CVar [[r.DOF.Scatter.ForegroundCompositing:1    ; additive foreground scattering]]
[2019.08.19-00.55.08:661][  0]LogConfig: Setting CVar [[r.DOF.Scatter.BackgroundCompositing:2    ; additive background scattering]]
[2019.08.19-00.55.08:661][  0]LogConfig: Setting CVar [[r.DOF.Scatter.EnableBokehSettings:1      ; bokeh simulation when scattering]]
[2019.08.19-00.55.08:661][  0]LogConfig: Setting CVar [[r.DOF.Scatter.MaxSpriteRatio:0.1         ; only a maximum of 10% of scattered bokeh]]
[2019.08.19-00.55.08:661][  0]LogConfig: Setting CVar [[r.DOF.Recombine.Quality:1                ; cheap slight out of focus]]
[2019.08.19-00.55.08:661][  0]LogConfig: Setting CVar [[r.DOF.Recombine.EnableBokehSettings:0    ; no bokeh simulation on slight out of focus]]
[2019.08.19-00.55.08:661][  0]LogConfig: Setting CVar [[r.DOF.TemporalAAQuality:1                ; more stable temporal accumulation]]
[2019.08.19-00.55.08:661][  0]LogConfig: Setting CVar [[r.DOF.Kernel.MaxForegroundRadius:0.025]]
[2019.08.19-00.55.08:661][  0]LogConfig: Setting CVar [[r.DOF.Kernel.MaxBackgroundRadius:0.025]]
[2019.08.19-00.55.08:661][  0]LogConfig: Applying CVar settings from Section [TextureQuality@3] File [C:/Users/ACER/Desktop/ball/三维弹球/Saved/Config/Windows/Scalability.ini]
[2019.08.19-00.55.08:661][  0]LogConfig: Setting CVar [[r.Streaming.MipBias:0]]
[2019.08.19-00.55.08:661][  0]LogConfig: Setting CVar [[r.Streaming.AmortizeCPUToGPUCopy:0]]
[2019.08.19-00.55.08:661][  0]LogConfig: Setting CVar [[r.Streaming.MaxNumTexturesToStreamPerFrame:0]]
[2019.08.19-00.55.08:661][  0]LogConfig: Setting CVar [[r.Streaming.Boost:1]]
[2019.08.19-00.55.08:661][  0]LogConfig: Setting CVar [[r.MaxAnisotropy:8]]
[2019.08.19-00.55.08:661][  0]LogConfig: Setting CVar [[r.Streaming.LimitPoolSizeToVRAM:0]]
[2019.08.19-00.55.08:661][  0]LogConfig: Setting CVar [[r.Streaming.PoolSize:1000]]
[2019.08.19-00.55.08:661][  0]LogConfig: Setting CVar [[r.Streaming.MaxEffectiveScreenSize:0]]
[2019.08.19-00.55.08:661][  0]LogConfig: Applying CVar settings from Section [EffectsQuality@3] File [C:/Users/ACER/Desktop/ball/三维弹球/Saved/Config/Windows/Scalability.ini]
[2019.08.19-00.55.08:661][  0]LogConfig: Setting CVar [[r.TranslucencyLightingVolumeDim:64]]
[2019.08.19-00.55.08:661][  0]LogConfig: Setting CVar [[r.RefractionQuality:2]]
[2019.08.19-00.55.08:661][  0]LogConfig: Setting CVar [[r.SSR.Quality:3]]
[2019.08.19-00.55.08:661][  0]LogConfig: Setting CVar [[r.SceneColorFormat:4]]
[2019.08.19-00.55.08:661][  0]LogConfig: Setting CVar [[r.DetailMode:2]]
[2019.08.19-00.55.08:661][  0]LogConfig: Setting CVar [[r.TranslucencyVolumeBlur:1]]
[2019.08.19-00.55.08:661][  0]LogConfig: Setting CVar [[r.MaterialQualityLevel:1 ; High quality]]
[2019.08.19-00.55.08:661][  0]LogConfig: Setting CVar [[r.SSS.Scale:1]]
[2019.08.19-00.55.08:661][  0]LogConfig: Setting CVar [[r.SSS.SampleSet:2]]
[2019.08.19-00.55.08:661][  0]LogConfig: Setting CVar [[r.SSS.Quality:1]]
[2019.08.19-00.55.08:661][  0]LogConfig: Setting CVar [[r.SSS.HalfRes:1]]
[2019.08.19-00.55.08:661][  0]LogConfig: Setting CVar [[r.EmitterSpawnRateScale:1.0]]
[2019.08.19-00.55.08:662][  0]LogConfig: Setting CVar [[r.ParticleLightQuality:2]]
[2019.08.19-00.55.08:662][  0]LogConfig: Applying CVar settings from Section [FoliageQuality@3] File [C:/Users/ACER/Desktop/ball/三维弹球/Saved/Config/Windows/Scalability.ini]
[2019.08.19-00.55.08:662][  0]LogConfig: Setting CVar [[foliage.DensityScale:1.0]]
[2019.08.19-00.55.08:662][  0]LogConfig: Setting CVar [[grass.DensityScale:1.0]]
[2019.08.19-00.55.08:662][  0]LogInit: Selected Device Profile: [Windows]
[2019.08.19-00.55.08:662][  0]LogInit: Applying CVar settings loaded from the selected device profile: [Windows]
[2019.08.19-00.55.08:668][  0]LogHAL: Display: Platform has ~ 16 GB [17057816576 / 17179869184 / 16], which maps to Larger [LargestMinGB=32, LargerMinGB=12, DefaultMinGB=8, SmallerMinGB=6, SmallestMinGB=0)
[2019.08.19-00.55.08:668][  0]LogInit: Going up to parent DeviceProfile []
[2019.08.19-00.55.08:668][  0]LogConfig: Applying CVar settings from Section [ViewDistanceQuality@3] File [C:/Users/ACER/Desktop/ball/三维弹球/Saved/Config/Windows/Scalability.ini]
[2019.08.19-00.55.08:668][  0]LogConfig: Setting CVar [[r.SkeletalMeshLODBias:0]]
[2019.08.19-00.55.08:669][  0]LogConfig: Setting CVar [[r.ViewDistanceScale:1.0]]
[2019.08.19-00.55.08:669][  0]LogConfig: Applying CVar settings from Section [AntiAliasingQuality@3] File [C:/Users/ACER/Desktop/ball/三维弹球/Saved/Config/Windows/Scalability.ini]
[2019.08.19-00.55.08:669][  0]LogConfig: Setting CVar [[r.PostProcessAAQuality:4]]
[2019.08.19-00.55.08:669][  0]LogConfig: Applying CVar settings from Section [ShadowQuality@3] File [C:/Users/ACER/Desktop/ball/三维弹球/Saved/Config/Windows/Scalability.ini]
[2019.08.19-00.55.08:669][  0]LogConfig: Setting CVar [[r.LightFunctionQuality:1]]
[2019.08.19-00.55.08:669][  0]LogConfig: Setting CVar [[r.ShadowQuality:5]]
[2019.08.19-00.55.08:669][  0]LogConfig: Setting CVar [[r.Shadow.CSM.MaxCascades:10]]
[2019.08.19-00.55.08:669][  0]LogConfig: Setting CVar [[r.Shadow.MaxResolution:2048]]
[2019.08.19-00.55.08:669][  0]LogConfig: Setting CVar [[r.Shadow.MaxCSMResolution:2048]]
[2019.08.19-00.55.08:669][  0]LogConfig: Setting CVar [[r.Shadow.RadiusThreshold:0.01]]
[2019.08.19-00.55.08:669][  0]LogConfig: Setting CVar [[r.Shadow.DistanceScale:1.0]]
[2019.08.19-00.55.08:669][  0]LogConfig: Setting CVar [[r.Shadow.CSM.TransitionScale:1.0]]
[2019.08.19-00.55.08:669][  0]LogConfig: Setting CVar [[r.Shadow.PreShadowResolutionFactor:1.0]]
[2019.08.19-00.55.08:669][  0]LogConfig: Setting CVar [[r.DistanceFieldShadowing:1]]
[2019.08.19-00.55.08:669][  0]LogConfig: Setting CVar [[r.DistanceFieldAO:1]]
[2019.08.19-00.55.08:669][  0]LogConfig: Setting CVar [[r.AOQuality:2]]
[2019.08.19-00.55.08:669][  0]LogConfig: Setting CVar [[r.VolumetricFog:1]]
[2019.08.19-00.55.08:669][  0]LogConfig: Setting CVar [[r.VolumetricFog.GridPixelSize:8]]
[2019.08.19-00.55.08:669][  0]LogConfig: Setting CVar [[r.VolumetricFog.GridSizeZ:128]]
[2019.08.19-00.55.08:669][  0]LogConfig: Setting CVar [[r.VolumetricFog.HistoryMissSupersampleCount:4]]
[2019.08.19-00.55.08:669][  0]LogConfig: Setting CVar [[r.LightMaxDrawDistanceScale:1]]
[2019.08.19-00.55.08:669][  0]LogConfig: Setting CVar [[r.CapsuleShadows:1]]
[2019.08.19-00.55.08:669][  0]LogConfig: Applying CVar settings from Section [PostProcessQuality@3] File [C:/Users/ACER/Desktop/ball/三维弹球/Saved/Config/Windows/Scalability.ini]
[2019.08.19-00.55.08:669][  0]LogConfig: Setting CVar [[r.MotionBlurQuality:4]]
[2019.08.19-00.55.08:669][  0]LogConfig: Setting CVar [[r.AmbientOcclusionMipLevelFactor:0.4]]
[2019.08.19-00.55.08:669][  0]LogConfig: Setting CVar [[r.AmbientOcclusionMaxQuality:100]]
[2019.08.19-00.55.08:669][  0]LogConfig: Setting CVar [[r.AmbientOcclusionLevels:-1]]
[2019.08.19-00.55.08:669][  0]LogConfig: Setting CVar [[r.AmbientOcclusionRadiusScale:1.0]]
[2019.08.19-00.55.08:669][  0]LogConfig: Setting CVar [[r.DepthOfFieldQuality:2]]
[2019.08.19-00.55.08:669][  0]LogConfig: Setting CVar [[r.RenderTargetPoolMin:400]]
[2019.08.19-00.55.08:669][  0]LogConfig: Setting CVar [[r.LensFlareQuality:2]]
[2019.08.19-00.55.08:669][  0]LogConfig: Setting CVar [[r.SceneColorFringeQuality:1]]
[2019.08.19-00.55.08:669][  0]LogConfig: Setting CVar [[r.EyeAdaptationQuality:2]]
[2019.08.19-00.55.08:669][  0]LogConfig: Setting CVar [[r.BloomQuality:5]]
[2019.08.19-00.55.08:669][  0]LogConfig: Setting CVar [[r.FastBlurThreshold:100]]
[2019.08.19-00.55.08:669][  0]LogConfig: Setting CVar [[r.Upscale.Quality:3]]
[2019.08.19-00.55.08:669][  0]LogConfig: Setting CVar [[r.Tonemapper.GrainQuantization:1]]
[2019.08.19-00.55.08:669][  0]LogConfig: Setting CVar [[r.LightShaftQuality:1]]
[2019.08.19-00.55.08:669][  0]LogConfig: Setting CVar [[r.Filter.SizeScale:1]]
[2019.08.19-00.55.08:669][  0]LogConfig: Setting CVar [[r.Tonemapper.Quality:5]]
[2019.08.19-00.55.08:669][  0]LogConfig: Setting CVar [[r.DOF.Gather.AccumulatorQuality:1        ; higher gathering accumulator quality]]
[2019.08.19-00.55.08:669][  0]LogConfig: Setting CVar [[r.DOF.Gather.PostfilterMethod:1          ; Median3x3 postfilering method]]
[2019.08.19-00.55.08:670][  0]LogConfig: Setting CVar [[r.DOF.Gather.EnableBokehSettings:0       ; no bokeh simulation when gathering]]
[2019.08.19-00.55.08:670][  0]LogConfig: Setting CVar [[r.DOF.Gather.RingCount:4                 ; medium number of samples when gathering]]
[2019.08.19-00.55.08:670][  0]LogConfig: Setting CVar [[r.DOF.Scatter.ForegroundCompositing:1    ; additive foreground scattering]]
[2019.08.19-00.55.08:670][  0]LogConfig: Setting CVar [[r.DOF.Scatter.BackgroundCompositing:2    ; additive background scattering]]
[2019.08.19-00.55.08:670][  0]LogConfig: Setting CVar [[r.DOF.Scatter.EnableBokehSettings:1      ; bokeh simulation when scattering]]
[2019.08.19-00.55.08:670][  0]LogConfig: Setting CVar [[r.DOF.Scatter.MaxSpriteRatio:0.1         ; only a maximum of 10% of scattered bokeh]]
[2019.08.19-00.55.08:670][  0]LogConfig: Setting CVar [[r.DOF.Recombine.Quality:1                ; cheap slight out of focus]]
[2019.08.19-00.55.08:670][  0]LogConfig: Setting CVar [[r.DOF.Recombine.EnableBokehSettings:0    ; no bokeh simulation on slight out of focus]]
[2019.08.19-00.55.08:670][  0]LogConfig: Setting CVar [[r.DOF.TemporalAAQuality:1                ; more stable temporal accumulation]]
[2019.08.19-00.55.08:670][  0]LogConfig: Setting CVar [[r.DOF.Kernel.MaxForegroundRadius:0.025]]
[2019.08.19-00.55.08:670][  0]LogConfig: Setting CVar [[r.DOF.Kernel.MaxBackgroundRadius:0.025]]
[2019.08.19-00.55.08:670][  0]LogConfig: Applying CVar settings from Section [TextureQuality@3] File [C:/Users/ACER/Desktop/ball/三维弹球/Saved/Config/Windows/Scalability.ini]
[2019.08.19-00.55.08:670][  0]LogConfig: Setting CVar [[r.Streaming.MipBias:0]]
[2019.08.19-00.55.08:670][  0]LogConfig: Setting CVar [[r.Streaming.AmortizeCPUToGPUCopy:0]]
[2019.08.19-00.55.08:670][  0]LogConfig: Setting CVar [[r.Streaming.MaxNumTexturesToStreamPerFrame:0]]
[2019.08.19-00.55.08:670][  0]LogConfig: Setting CVar [[r.Streaming.Boost:1]]
[2019.08.19-00.55.08:670][  0]LogConfig: Setting CVar [[r.MaxAnisotropy:8]]
[2019.08.19-00.55.08:670][  0]LogConfig: Setting CVar [[r.Streaming.LimitPoolSizeToVRAM:0]]
[2019.08.19-00.55.08:670][  0]LogConfig: Setting CVar [[r.Streaming.PoolSize:1000]]
[2019.08.19-00.55.08:670][  0]LogConfig: Setting CVar [[r.Streaming.MaxEffectiveScreenSize:0]]
[2019.08.19-00.55.08:670][  0]LogConfig: Applying CVar settings from Section [EffectsQuality@3] File [C:/Users/ACER/Desktop/ball/三维弹球/Saved/Config/Windows/Scalability.ini]
[2019.08.19-00.55.08:670][  0]LogConfig: Setting CVar [[r.TranslucencyLightingVolumeDim:64]]
[2019.08.19-00.55.08:670][  0]LogConfig: Setting CVar [[r.RefractionQuality:2]]
[2019.08.19-00.55.08:670][  0]LogConfig: Setting CVar [[r.SSR.Quality:3]]
[2019.08.19-00.55.08:670][  0]LogConfig: Setting CVar [[r.SceneColorFormat:4]]
[2019.08.19-00.55.08:670][  0]LogConfig: Setting CVar [[r.DetailMode:2]]
[2019.08.19-00.55.08:670][  0]LogConfig: Setting CVar [[r.TranslucencyVolumeBlur:1]]
[2019.08.19-00.55.08:670][  0]LogConfig: Setting CVar [[r.MaterialQualityLevel:1 ; High quality]]
[2019.08.19-00.55.08:670][  0]LogConfig: Setting CVar [[r.SSS.Scale:1]]
[2019.08.19-00.55.08:670][  0]LogConfig: Setting CVar [[r.SSS.SampleSet:2]]
[2019.08.19-00.55.08:670][  0]LogConfig: Setting CVar [[r.SSS.Quality:1]]
[2019.08.19-00.55.08:670][  0]LogConfig: Setting CVar [[r.SSS.HalfRes:1]]
[2019.08.19-00.55.08:670][  0]LogConfig: Setting CVar [[r.EmitterSpawnRateScale:1.0]]
[2019.08.19-00.55.08:671][  0]LogConfig: Setting CVar [[r.ParticleLightQuality:2]]
[2019.08.19-00.55.08:671][  0]LogConfig: Applying CVar settings from Section [FoliageQuality@3] File [C:/Users/ACER/Desktop/ball/三维弹球/Saved/Config/Windows/Scalability.ini]
[2019.08.19-00.55.08:671][  0]LogConfig: Setting CVar [[foliage.DensityScale:1.0]]
[2019.08.19-00.55.08:671][  0]LogConfig: Setting CVar [[grass.DensityScale:1.0]]
[2019.08.19-00.55.08:671][  0]LogConfig: Applying CVar settings from Section [Startup] File [../../../Engine/Config/ConsoleVariables.ini]
[2019.08.19-00.55.08:671][  0]LogConfig: Setting CVar [[net.UseAdaptiveNetUpdateFrequency:0]]
[2019.08.19-00.55.08:671][  0]LogConfig: Setting CVar [[p.chaos.AllowCreatePhysxBodies:1]]
[2019.08.19-00.55.08:671][  0]LogConfig: Applying CVar settings from Section [ConsoleVariables] File [C:/Users/ACER/Desktop/ball/三维弹球/Saved/Config/Windows/Engine.ini]
[2019.08.19-00.55.08:672][  0]LogInit: Computer: PREOATOR
[2019.08.19-00.55.08:672][  0]LogInit: User: ACER
[2019.08.19-00.55.08:672][  0]LogInit: CPU Page size=4096, Cores=4
[2019.08.19-00.55.08:672][  0]LogInit: High frequency timer resolution =2.742184 MHz
[2019.08.19-00.55.08:672][  0]LogMemory: Memory total: Physical=15.9GB (16GB approx)
[2019.08.19-00.55.08:672][  0]LogMemory: Platform Memory Stats for Windows
[2019.08.19-00.55.08:672][  0]LogMemory: Process Physical Memory: 100.84 MB used, 100.84 MB peak
[2019.08.19-00.55.08:672][  0]LogMemory: Process Virtual Memory: 88.89 MB used, 88.89 MB peak
[2019.08.19-00.55.08:672][  0]LogMemory: Physical Memory: 6030.49 MB used,  10237.11 MB free, 16267.60 MB total
[2019.08.19-00.55.08:672][  0]LogMemory: Virtual Memory: 4677.00 MB used,  134213048.00 MB free, 134217728.00 MB total
[2019.08.19-00.55.08:676][  0]LogWindows: WindowsPlatformFeatures enabled
[2019.08.19-00.55.08:745][  0]LogInit: Using OS detected language (zh-CN).
[2019.08.19-00.55.08:745][  0]LogInit: Using OS detected locale (zh-CN).
[2019.08.19-00.55.08:746][  0]LogTextLocalizationResource: LocRes '../../../Engine/Content/Localization/Editor/zh-Hans-CN/Editor.locres' could not be opened for reading!
[2019.08.19-00.55.08:746][  0]LogTextLocalizationResource: LocRes '../../../Engine/Content/Localization/EditorTutorials/zh-Hans-CN/EditorTutorials.locres' could not be opened for reading!
[2019.08.19-00.55.08:746][  0]LogTextLocalizationResource: LocRes '../../../Engine/Content/Localization/Keywords/zh-Hans-CN/Keywords.locres' could not be opened for reading!
[2019.08.19-00.55.08:747][  0]LogTextLocalizationResource: LocRes '../../../Engine/Content/Localization/Category/zh-Hans-CN/Category.locres' could not be opened for reading!
[2019.08.19-00.55.08:747][  0]LogTextLocalizationResource: LocRes '../../../Engine/Content/Localization/ToolTips/zh-Hans-CN/ToolTips.locres' could not be opened for reading!
[2019.08.19-00.55.08:747][  0]LogTextLocalizationResource: LocRes '../../../Engine/Content/Localization/PropertyNames/zh-Hans-CN/PropertyNames.locres' could not be opened for reading!
[2019.08.19-00.55.08:747][  0]LogTextLocalizationResource: LocRes '../../../Engine/Content/Localization/Engine/zh-Hans-CN/Engine.locres' could not be opened for reading!
[2019.08.19-00.55.08:747][  0]LogTextLocalizationResource: LocRes '../../../Engine/Plugins/Online/Android/OnlineSubsystemGooglePlay/Content/Localization/OnlineSubsystemGooglePlay/zh-Hans-CN/OnlineSubsystemGooglePlay.locres' could not be opened for reading!
[2019.08.19-00.55.08:747][  0]LogTextLocalizationResource: LocRes '../../../Engine/Plugins/Online/IOS/OnlineSubsystemIOS/Content/Localization/OnlineSubsystemIOS/zh-Hans-CN/OnlineSubsystemIOS.locres' could not be opened for reading!
[2019.08.19-00.55.08:747][  0]LogTextLocalizationResource: LocRes '../../../Engine/Plugins/Online/OnlineSubsystem/Content/Localization/OnlineSubsystem/zh-Hans-CN/OnlineSubsystem.locres' could not be opened for reading!
[2019.08.19-00.55.08:748][  0]LogTextLocalizationResource: LocRes '../../../Engine/Plugins/Online/OnlineSubsystemUtils/Content/Localization/OnlineSubsystemUtils/zh-Hans-CN/OnlineSubsystemUtils.locres' could not be opened for reading!
[2019.08.19-00.55.08:815][  0]LogTextLocalizationResource: LocRes '../../../Engine/Plugins/Online/Android/OnlineSubsystemGooglePlay/Content/Localization/OnlineSubsystemGooglePlay/zh-CN/OnlineSubsystemGooglePlay.locres' could not be opened for reading!
[2019.08.19-00.55.08:815][  0]LogTextLocalizationResource: LocRes '../../../Engine/Plugins/Online/IOS/OnlineSubsystemIOS/Content/Localization/OnlineSubsystemIOS/zh-CN/OnlineSubsystemIOS.locres' could not be opened for reading!
[2019.08.19-00.55.08:816][  0]LogTextLocalizationResource: LocRes '../../../Engine/Plugins/Online/OnlineSubsystem/Content/Localization/OnlineSubsystem/zh-CN/OnlineSubsystem.locres' could not be opened for reading!
[2019.08.19-00.55.08:816][  0]LogTextLocalizationResource: LocRes '../../../Engine/Plugins/Online/OnlineSubsystemUtils/Content/Localization/OnlineSubsystemUtils/zh-CN/OnlineSubsystemUtils.locres' could not be opened for reading!
[2019.08.19-00.55.08:816][  0]LogTextLocalizationResource: LocRes '../../../Engine/Content/Localization/Editor/zh-Hans/Editor.locres' could not be opened for reading!
[2019.08.19-00.55.08:816][  0]LogTextLocalizationResource: LocRes '../../../Engine/Content/Localization/EditorTutorials/zh-Hans/EditorTutorials.locres' could not be opened for reading!
[2019.08.19-00.55.08:816][  0]LogTextLocalizationResource: LocRes '../../../Engine/Content/Localization/Keywords/zh-Hans/Keywords.locres' could not be opened for reading!
[2019.08.19-00.55.08:817][  0]LogTextLocalizationResource: LocRes '../../../Engine/Content/Localization/Category/zh-Hans/Category.locres' could not be opened for reading!
[2019.08.19-00.55.08:817][  0]LogTextLocalizationResource: LocRes '../../../Engine/Content/Localization/ToolTips/zh-Hans/ToolTips.locres' could not be opened for reading!
[2019.08.19-00.55.08:817][  0]LogTextLocalizationResource: LocRes '../../../Engine/Content/Localization/PropertyNames/zh-Hans/PropertyNames.locres' could not be opened for reading!
[2019.08.19-00.55.08:817][  0]LogTextLocalizationResource: LocRes '../../../Engine/Content/Localization/Engine/zh-Hans/Engine.locres' could not be opened for reading!
[2019.08.19-00.55.08:818][  0]LogTextLocalizationResource: LocRes '../../../Engine/Content/Localization/Editor/zh/Editor.locres' could not be opened for reading!
[2019.08.19-00.55.08:818][  0]LogTextLocalizationResource: LocRes '../../../Engine/Content/Localization/EditorTutorials/zh/EditorTutorials.locres' could not be opened for reading!
[2019.08.19-00.55.08:818][  0]LogTextLocalizationResource: LocRes '../../../Engine/Content/Localization/Keywords/zh/Keywords.locres' could not be opened for reading!
[2019.08.19-00.55.08:819][  0]LogTextLocalizationResource: LocRes '../../../Engine/Content/Localization/Category/zh/Category.locres' could not be opened for reading!
[2019.08.19-00.55.08:819][  0]LogTextLocalizationResource: LocRes '../../../Engine/Content/Localization/ToolTips/zh/ToolTips.locres' could not be opened for reading!
[2019.08.19-00.55.08:819][  0]LogTextLocalizationResource: LocRes '../../../Engine/Content/Localization/PropertyNames/zh/PropertyNames.locres' could not be opened for reading!
[2019.08.19-00.55.08:819][  0]LogTextLocalizationResource: LocRes '../../../Engine/Content/Localization/Engine/zh/Engine.locres' could not be opened for reading!
[2019.08.19-00.55.08:819][  0]LogTextLocalizationResource: LocRes '../../../Engine/Plugins/Online/Android/OnlineSubsystemGooglePlay/Content/Localization/OnlineSubsystemGooglePlay/zh/OnlineSubsystemGooglePlay.locres' could not be opened for reading!
[2019.08.19-00.55.08:819][  0]LogTextLocalizationResource: LocRes '../../../Engine/Plugins/Online/IOS/OnlineSubsystemIOS/Content/Localization/OnlineSubsystemIOS/zh/OnlineSubsystemIOS.locres' could not be opened for reading!
[2019.08.19-00.55.08:819][  0]LogTextLocalizationResource: LocRes '../../../Engine/Plugins/Online/OnlineSubsystem/Content/Localization/OnlineSubsystem/zh/OnlineSubsystem.locres' could not be opened for reading!
[2019.08.19-00.55.08:820][  0]LogTextLocalizationResource: LocRes '../../../Engine/Plugins/Online/OnlineSubsystemUtils/Content/Localization/OnlineSubsystemUtils/zh/OnlineSubsystemUtils.locres' could not be opened for reading!
[2019.08.19-00.55.08:856][  0]LogInit: Setting process to per monitor DPI aware
[2019.08.19-00.55.08:904][  0]LogSlate: New Slate User Created.  User Index 0, Is Virtual User: 0
[2019.08.19-00.55.08:904][  0]LogSlate: Slate User Registered.  User Index 0, Is Virtual User: 0
[2019.08.19-00.55.09:197][  0]LogHMD: Failed to initialize OpenVR with code 110
[2019.08.19-00.55.09:197][  0]LogD3D11RHI: D3D11 adapters:
[2019.08.19-00.55.09:312][  0]LogD3D11RHI:    0. 'NVIDIA GeForce GTX 1060' (Feature Level 11_0)
[2019.08.19-00.55.09:312][  0]LogD3D11RHI:       6052/0/8133 MB DedicatedVideo/DedicatedSystem/SharedSystem, Outputs:1, VendorId:0x10de
[2019.08.19-00.55.09:331][  0]LogD3D11RHI:    1. 'Intel(R) HD Graphics 630' (Feature Level 11_0)
[2019.08.19-00.55.09:331][  0]LogD3D11RHI:       128/0/8133 MB DedicatedVideo/DedicatedSystem/SharedSystem, Outputs:0, VendorId:0x8086
[2019.08.19-00.55.09:336][  0]LogD3D11RHI:    2. 'Microsoft Basic Render Driver' (Feature Level 11_0)
[2019.08.19-00.55.09:337][  0]LogD3D11RHI:       0/0/8133 MB DedicatedVideo/DedicatedSystem/SharedSystem, Outputs:0, VendorId:0x1414
[2019.08.19-00.55.09:341][  0]LogD3D11RHI:    3. 'Microsoft Basic Render Driver' (Feature Level 11_0)
[2019.08.19-00.55.09:341][  0]LogD3D11RHI:       0/0/8133 MB DedicatedVideo/DedicatedSystem/SharedSystem, Outputs:0, VendorId:0x1414
[2019.08.19-00.55.09:341][  0]LogD3D11RHI: Chosen D3D11 Adapter: 0
[2019.08.19-00.55.09:394][  0]LogD3D11RHI: Creating new Direct3DDevice
[2019.08.19-00.55.09:394][  0]LogD3D11RHI:     GPU DeviceId: 0x1c20 (for the marketing name, search the web for "GPU Device Id")
[2019.08.19-00.55.09:394][  0]LogWindows: EnumDisplayDevices:
[2019.08.19-00.55.09:394][  0]LogWindows:    0. 'Intel(R) HD Graphics 630' (P:1 D:1)
[2019.08.19-00.55.09:396][  0]LogWindows:    1. 'Intel(R) HD Graphics 630' (P:0 D:0)
[2019.08.19-00.55.09:397][  0]LogWindows:    2. 'Intel(R) HD Graphics 630' (P:0 D:0)
[2019.08.19-00.55.09:399][  0]LogWindows:    3. 'NVIDIA GeForce GTX 1060' (P:0 D:0)
[2019.08.19-00.55.09:400][  0]LogWindows:    4. 'NVIDIA GeForce GTX 1060' (P:0 D:0)
[2019.08.19-00.55.09:401][  0]LogWindows:    5. 'NVIDIA GeForce GTX 1060' (P:0 D:0)
[2019.08.19-00.55.09:402][  0]LogWindows:    6. 'NVIDIA GeForce GTX 1060' (P:0 D:0)
[2019.08.19-00.55.09:403][  0]LogWindows:    7. 'LuminonCore IDDCX Adapter' (P:0 D:0)
[2019.08.19-00.55.09:405][  0]LogWindows:    8. 'LuminonCore IDDCX Adapter' (P:0 D:0)
[2019.08.19-00.55.09:406][  0]LogWindows:    9. 'LuminonCore IDDCX Adapter' (P:0 D:0)
[2019.08.19-00.55.09:407][  0]LogWindows:    10. 'LuminonCore IDDCX Adapter' (P:0 D:0)
[2019.08.19-00.55.09:408][  0]LogWindows:    11. 'LuminonCore IDDCX Adapter' (P:0 D:0)
[2019.08.19-00.55.09:408][  0]LogWindows:    12. 'LuminonCore IDDCX Adapter' (P:0 D:0)
[2019.08.19-00.55.09:409][  0]LogWindows:    13. 'LuminonCore IDDCX Adapter' (P:0 D:0)
[2019.08.19-00.55.09:410][  0]LogWindows:    14. 'LuminonCore IDDCX Adapter' (P:0 D:0)
[2019.08.19-00.55.09:411][  0]LogWindows:    15. 'LuminonCore IDDCX Adapter' (P:0 D:0)
[2019.08.19-00.55.09:413][  0]LogWindows:    16. 'LuminonCore IDDCX Adapter' (P:0 D:0)
[2019.08.19-00.55.09:415][  0]LogWindows:    17. 'LuminonCore IDDCX Adapter' (P:0 D:0)
[2019.08.19-00.55.09:417][  0]LogWindows:    18. 'LuminonCore IDDCX Adapter' (P:0 D:0)
[2019.08.19-00.55.09:418][  0]LogWindows:    19. 'LuminonCore IDDCX Adapter' (P:0 D:0)
[2019.08.19-00.55.09:420][  0]LogWindows:    20. 'LuminonCore IDDCX Adapter' (P:0 D:0)
[2019.08.19-00.55.09:421][  0]LogWindows:    21. 'LuminonCore IDDCX Adapter' (P:0 D:0)
[2019.08.19-00.55.09:422][  0]LogWindows:    22. 'LuminonCore IDDCX Adapter' (P:0 D:0)
[2019.08.19-00.55.09:424][  0]LogWindows: DebugString: PrimaryIsNotTheChoosenAdapter PrimaryIsNotTheChoosenAdapter PrimaryIsNotTheChoosenAdapter GetVideoDriverDetailsInvalid PrimaryIsNotTheChoosenAdapter GetVideoDriverDetailsInvalid PrimaryIsNotTheChoosenAdapter GetVideoDriverDetailsInvalid PrimaryIsNotTheChoosenAdapter GetVideoDriverDetailsInvalid PrimaryIsNotTheChoosenAdapter GetVideoDriverDetailsInvalid PrimaryIsNotTheChoosenAdapter GetVideoDriverDetailsInvalid PrimaryIsNotTheChoosenAdapter GetVideoDriverDetailsInvalid PrimaryIsNotTheChoosenAdapter GetVideoDriverDetailsInvalid PrimaryIsNotTheChoosenAdapter GetVideoDriverDetailsInvalid PrimaryIsNotTheChoosenAdapter GetVideoDriverDetailsInvalid PrimaryIsNotTheChoosenAdapter GetVideoDriverDetailsInvalid PrimaryIsNotTheChoosenAdapter GetVideoDriverDetailsInvalid PrimaryIsNotTheChoosenAdapter GetVideoDriverDetailsInvalid PrimaryIsNotTheChoosenAdapter GetVideoDriverDetailsInvalid PrimaryIsNotTheChoosenAdapter GetVideoDriverDetailsInvalid PrimaryIsNotTheChoosenAdapter GetVideoDriverDetailsInvalid PrimaryIsNotTheChoosenAdapter FoundDriverCount:4 
[2019.08.19-00.55.09:424][  0]LogD3D11RHI:     Adapter Name: NVIDIA GeForce GTX 1060
[2019.08.19-00.55.09:424][  0]LogD3D11RHI:   Driver Version: 431.60 (internal:26.21.14.3160, unified:431.60)
[2019.08.19-00.55.09:424][  0]LogD3D11RHI:      Driver Date: 7-17-2019
[2019.08.19-00.55.09:424][  0]LogRHI: Texture pool is 4236 MB (70% of 6052 MB)
[2019.08.19-00.55.09:480][  0]LogD3D11RHI: Async texture creation enabled
[2019.08.19-00.55.09:497][  0]LogD3D11RHI: GPU Timing Frequency: 1000.000000 (Debug: 2 1)
[2019.08.19-00.55.10:015][  0]LogTemp: Display: Module 'AllDesktopTargetPlatform' loaded TargetPlatform 'AllDesktop'
[2019.08.19-00.55.10:025][  0]LogTemp: Display: Module 'MacClientTargetPlatform' loaded TargetPlatform 'MacClient'
[2019.08.19-00.55.10:036][  0]LogTemp: Display: Module 'MacNoEditorTargetPlatform' loaded TargetPlatform 'MacNoEditor'
[2019.08.19-00.55.10:048][  0]LogTemp: Display: Module 'MacServerTargetPlatform' loaded TargetPlatform 'MacServer'
[2019.08.19-00.55.10:060][  0]LogTemp: Display: Module 'MacTargetPlatform' loaded TargetPlatform 'Mac'
[2019.08.19-00.55.10:071][  0]LogTemp: Display: Module 'WindowsClientTargetPlatform' loaded TargetPlatform 'WindowsClient'
[2019.08.19-00.55.10:082][  0]LogTemp: Display: Module 'WindowsNoEditorTargetPlatform' loaded TargetPlatform 'WindowsNoEditor'
[2019.08.19-00.55.10:092][  0]LogTemp: Display: Module 'WindowsServerTargetPlatform' loaded TargetPlatform 'WindowsServer'
[2019.08.19-00.55.10:098][  0]LogTemp: Display: Module 'WindowsTargetPlatform' loaded TargetPlatform 'Windows'
[2019.08.19-00.55.10:143][  0]LogTemp: Display: Module 'AndroidTargetPlatform' loaded TargetPlatform 'Android'
[2019.08.19-00.55.10:143][  0]LogTemp: Display: Module 'AndroidTargetPlatform' loaded TargetPlatform 'Android_ASTC'
[2019.08.19-00.55.10:143][  0]LogTemp: Display: Module 'AndroidTargetPlatform' loaded TargetPlatform 'Android_ATC'
[2019.08.19-00.55.10:143][  0]LogTemp: Display: Module 'AndroidTargetPlatform' loaded TargetPlatform 'Android_DXT'
[2019.08.19-00.55.10:143][  0]LogTemp: Display: Module 'AndroidTargetPlatform' loaded TargetPlatform 'Android_ETC1'
[2019.08.19-00.55.10:143][  0]LogTemp: Display: Module 'AndroidTargetPlatform' loaded TargetPlatform 'Android_ETC1a'
[2019.08.19-00.55.10:143][  0]LogTemp: Display: Module 'AndroidTargetPlatform' loaded TargetPlatform 'Android_ETC2'
[2019.08.19-00.55.10:143][  0]LogTemp: Display: Module 'AndroidTargetPlatform' loaded TargetPlatform 'Android_PVRTC'
[2019.08.19-00.55.10:143][  0]LogTemp: Display: Module 'AndroidTargetPlatform' loaded TargetPlatform 'AndroidClient'
[2019.08.19-00.55.10:143][  0]LogTemp: Display: Module 'AndroidTargetPlatform' loaded TargetPlatform 'Android_ASTCClient'
[2019.08.19-00.55.10:143][  0]LogTemp: Display: Module 'AndroidTargetPlatform' loaded TargetPlatform 'Android_ATCClient'
[2019.08.19-00.55.10:143][  0]LogTemp: Display: Module 'AndroidTargetPlatform' loaded TargetPlatform 'Android_DXTClient'
[2019.08.19-00.55.10:143][  0]LogTemp: Display: Module 'AndroidTargetPlatform' loaded TargetPlatform 'Android_ETC1Client'
[2019.08.19-00.55.10:143][  0]LogTemp: Display: Module 'AndroidTargetPlatform' loaded TargetPlatform 'Android_ETC1aClient'
[2019.08.19-00.55.10:143][  0]LogTemp: Display: Module 'AndroidTargetPlatform' loaded TargetPlatform 'Android_ETC2Client'
[2019.08.19-00.55.10:143][  0]LogTemp: Display: Module 'AndroidTargetPlatform' loaded TargetPlatform 'Android_PVRTCClient'
[2019.08.19-00.55.10:143][  0]LogTemp: Display: Module 'AndroidTargetPlatform' loaded TargetPlatform 'Android_Multi'
[2019.08.19-00.55.10:143][  0]LogTemp: Display: Module 'AndroidTargetPlatform' loaded TargetPlatform 'Android_MultiClient'
[2019.08.19-00.55.10:147][  0]LogTemp: Display: Module 'HTML5TargetPlatform' loaded TargetPlatform 'HTML5'
[2019.08.19-00.55.10:174][  0]LogTemp: Display: Module 'IOSTargetPlatform' loaded TargetPlatform 'IOSClient'
[2019.08.19-00.55.10:174][  0]LogTemp: Display: Module 'IOSTargetPlatform' loaded TargetPlatform 'IOS'
[2019.08.19-00.55.10:195][  0]LogTemp: Display: Module 'TVOSTargetPlatform' loaded TargetPlatform 'TVOSClient'
[2019.08.19-00.55.10:195][  0]LogTemp: Display: Module 'TVOSTargetPlatform' loaded TargetPlatform 'TVOS'
[2019.08.19-00.55.10:207][  0]LogTemp: Display: Module 'LinuxClientTargetPlatform' loaded TargetPlatform 'LinuxClient'
[2019.08.19-00.55.10:218][  0]LogTemp: Display: Module 'LinuxNoEditorTargetPlatform' loaded TargetPlatform 'LinuxNoEditor'
[2019.08.19-00.55.10:228][  0]LogTemp: Display: Module 'LinuxServerTargetPlatform' loaded TargetPlatform 'LinuxServer'
[2019.08.19-00.55.10:241][  0]LogTemp: Display: Module 'LinuxTargetPlatform' loaded TargetPlatform 'Linux'
[2019.08.19-00.55.10:280][  0]LogTemp: Display: Module 'LuminTargetPlatform' loaded TargetPlatform 'Lumin'
[2019.08.19-00.55.10:280][  0]LogTemp: Display: Module 'LuminTargetPlatform' loaded TargetPlatform 'LuminClient'
[2019.08.19-00.55.10:280][  0]LogTargetPlatformManager: Display: Building Assets For Windows
[2019.08.19-00.55.10:296][  0]LogAudioDebug: Display: Lib vorbis DLL was dynamically loaded.
[2019.08.19-00.55.10:387][  0]LogShaderCompilers: Guid format shader working directory is 13 characters bigger than the processId version (C:/Users/ACER/Desktop/ball/三维弹球/Intermediate/Shaders/WorkingDirectory/12292/).
[2019.08.19-00.55.10:387][  0]LogShaderCompilers: Cleaned the shader compiler working directory 'C:/Users/ACER/AppData/Local/Temp/UnrealShaderWorkingDir/C3EED0194608090333AEB780328A0363/'.
[2019.08.19-00.55.10:391][  0]LogShaderCompilers: Display: Using XGE Shader Compiler (Interception Interface).
[2019.08.19-00.55.11:167][  0]LogDerivedDataCache: Display: Max Cache Size: 512 MB
[2019.08.19-00.55.11:239][  0]LogDerivedDataCache: Loaded boot cache 0.07s 76MB C:/Users/ACER/AppData/Local/UnrealEngine/4.23/DerivedDataCache/Boot.ddc.
[2019.08.19-00.55.11:239][  0]LogDerivedDataCache: Display: Loaded Boot cache: C:/Users/ACER/AppData/Local/UnrealEngine/4.23/DerivedDataCache/Boot.ddc
[2019.08.19-00.55.11:239][  0]LogDerivedDataCache: FDerivedDataBackendGraph:  Pak pak cache file C:/Users/ACER/Desktop/ball/三维弹球/DerivedDataCache/DDC.ddp not found, will not use a pak cache.
[2019.08.19-00.55.11:241][  0]LogDerivedDataCache: Unable to find inner node Pak for hierarchical cache Hierarchy.
[2019.08.19-00.55.11:241][  0]LogDerivedDataCache: FDerivedDataBackendGraph:  CompressedPak pak cache file C:/Users/ACER/Desktop/ball/三维弹球/DerivedDataCache/Compressed.ddp not found, will not use a pak cache.
[2019.08.19-00.55.11:241][  0]LogDerivedDataCache: Unable to find inner node CompressedPak for hierarchical cache Hierarchy.
[2019.08.19-00.55.11:254][  0]LogDerivedDataCache: Display: Pak cache opened for reading ../../../Engine/DerivedDataCache/Compressed.ddp.
[2019.08.19-00.55.11:254][  0]LogDerivedDataCache: FDerivedDataBackendGraph:  EnterprisePak pak cache file ../../../Enterprise/DerivedDataCache/Compressed.ddp not found, will not use a pak cache.
[2019.08.19-00.55.11:254][  0]LogDerivedDataCache: Unable to find inner node EnterprisePak for hierarchical cache Hierarchy.
[2019.08.19-00.55.11:258][  0]LogDerivedDataCache: Using Local data cache path C:/Users/ACER/AppData/Local/UnrealEngine/Common/DerivedDataCache: Writable
[2019.08.19-00.55.11:258][  0]LogDerivedDataCache: Shared data cache path not found in *engine.ini, will not use an Shared cache.
[2019.08.19-00.55.11:258][  0]LogDerivedDataCache: Unable to find inner node Shared for hierarchical cache Hierarchy.
[2019.08.19-00.55.11:286][  0]LogMaterial: Verifying Global Shaders for PCD3D_SM5
[2019.08.19-00.55.11:289][  0]LogSlate: Using FreeType 2.6.0
[2019.08.19-00.55.11:289][  0]LogSlate: SlateFontServices - WITH_FREETYPE: 1, WITH_HARFBUZZ: 1
[2019.08.19-00.55.11:357][  0]LogAssetRegistry: FAssetRegistry took 0.0034 seconds to start up
[2019.08.19-00.55.11:737][  0]LogInit: Selected Device Profile: [Windows]
[2019.08.19-00.55.11:943][  0]LogMeshReduction: Using QuadricMeshReduction for automatic static mesh reduction
[2019.08.19-00.55.11:943][  0]LogMeshReduction: Using SimplygonMeshReduction for automatic skeletal mesh reduction
[2019.08.19-00.55.11:944][  0]LogMeshReduction: Using ProxyLODMeshReduction for automatic mesh merging
[2019.08.19-00.55.11:944][  0]LogMeshReduction: No distributed automatic mesh merging module available
[2019.08.19-00.55.11:944][  0]LogMeshMerging: No distributed automatic mesh merging module available
[2019.08.19-00.55.11:959][  0]LogNetVersion: 三维弹球 1.0.0, NetCL: 7948402, EngineNetVer: 11, GameNetVer: 0 (Checksum: 553077436)
[2019.08.19-00.55.12:894][  0]LogPackageLocalizationCache: Processed 12 localized package path(s) for 4 prioritized culture(s) in 0.403920 seconds
[2019.08.19-00.55.12:904][  0]LogUObjectArray: 43368 objects as part of root set at end of initial load.
[2019.08.19-00.55.12:904][  0]LogUObjectAllocator: 7536104 out of 0 bytes used by permanent object pool.
[2019.08.19-00.55.12:904][  0]LogUObjectArray: CloseDisregardForGC: 0/0 objects in disregard for GC pool
[2019.08.19-00.55.14:040][  0]LogTcpMessaging: Initializing TcpMessaging bridge
[2019.08.19-00.55.14:045][  0]LogUdpMessaging: Initializing bridge on interface 0.0.0.0:0 to multicast group 230.0.0.1:6666.
[2019.08.19-00.55.14:139][  0]SourceControl: 源码管理已禁用
[2019.08.19-00.55.14:139][  0]SourceControl: 源码管理已禁用
[2019.08.19-00.55.14:143][  0]SourceControl: 源码管理已禁用
[2019.08.19-00.55.14:147][  0]SourceControl: 源码管理已禁用
[2019.08.19-00.55.14:328][  0]LogAndroidPermission: UAndroidPermissionCallbackProxy::GetInstance
[2019.08.19-00.55.14:502][  0]LogOcInput: OculusInput pre-init called
[2019.08.19-00.55.15:288][  0]LogEngine: Initializing Engine...
[2019.08.19-00.55.15:290][  0]LogHMD: Failed to initialize OpenVR with code 110
[2019.08.19-00.55.15:291][  0]LogStats: UGameplayTagsManager::InitializeManager -  0.000 s
[2019.08.19-00.55.15:588][  0]LogInit: Initializing FReadOnlyCVARCache
[2019.08.19-00.55.15:606][  0]LogAIModule: Creating AISystem for world Untitled
[2019.08.19-00.55.15:723][  0]LogInit: XAudio2 using '扬声器 (Realtek High Definition Audio(SST))' : 2 channels at 48 kHz using 32 bits per sample (channel mask 0x3)
[2019.08.19-00.55.16:631][  0]LogInit: FAudioDevice initialized.
[2019.08.19-00.55.16:632][  0]LogNetVersion: Set ProjectVersion to 1.0.0.0. Version Checksum will be recalculated on next use.
[2019.08.19-00.55.16:737][  0]LogDerivedDataCache: Saved boot cache 0.11s 76MB C:/Users/ACER/AppData/Local/UnrealEngine/4.23/DerivedDataCache/Boot.ddc.
[2019.08.19-00.55.16:747][  0]LogInit: Texture streaming: Enabled
[2019.08.19-00.55.16:781][  0]LogEngineSessionManager: EngineSessionManager initialized
[2019.08.19-00.55.16:850][  0]LogInit: Transaction tracking system initialized
[2019.08.19-00.55.16:898][  0]BlueprintLog: New page: 编辑器加载
[2019.08.19-00.55.17:015][  0]LocalizationService: 本地化服务已禁用
[2019.08.19-00.55.17:642][  0]LogFileCache: Scanning file cache for directory 'C:/Users/ACER/Desktop/ball/三维弹球/Content/' took 0.00s
[2019.08.19-00.55.17:642][  0]LogCook: Display: Max memory allowance for cook 16384mb min free memory 0mb
[2019.08.19-00.55.17:642][  0]LogCook: Display: Mobile HDR setting 1
[2019.08.19-00.55.19:968][  0]SourceControl: 源码管理已禁用
[2019.08.19-00.55.19:968][  0]Cmd: MAP LOAD FILE="../../../Engine/Content/Maps/Templates/Template_Default.umap" TEMPLATE=1 SHOWPROGRESS=1 FEATURELEVEL=3
[2019.08.19-00.55.19:969][  0]LightingResults: New page: 光照构建
[2019.08.19-00.55.19:971][  0]LogWorld: UWorld::CleanupWorld for Untitled, bSessionEnded=true, bCleanupResources=true
[2019.08.19-00.55.19:971][  0]MapCheck: New page: 地图检测
[2019.08.19-00.55.19:971][  0]LightingResults: New page: 光照构建
[2019.08.19-00.55.20:003][  0]LogUObjectHash: Compacting FUObjectHashTables data took   2.01ms
[2019.08.19-00.55.20:103][  0]LogAIModule: Creating AISystem for world Untitled_1
[2019.08.19-00.55.20:122][  0]LogEditorServer: Finished looking for orphan Actors (0.000 secs)
[2019.08.19-00.55.20:153][  0]LogUObjectHash: Compacting FUObjectHashTables data took   2.22ms
[2019.08.19-00.55.20:153][  0]Cmd: MAP CHECKDEP NOCLEARLOG
[2019.08.19-00.55.20:154][  0]MapCheck: 地图检测完成：0个错误、0个警告、完成用时1.033毫秒。
[2019.08.19-00.55.20:154][  0]LogFileHelpers: Loading map 'Template_Default' took 0.186
[2019.08.19-00.55.21:952][  0]LogSlate: Updating window title bar state: overlay mode, drag disabled, window buttons hidden, title bar hidden
[2019.08.19-00.55.21:968][  0]LogSlate: Updating window title bar state: overlay mode, drag disabled, window buttons hidden, title bar hidden
[2019.08.19-00.55.21:979][  0]LogSlate: Updating window title bar state: overlay mode, drag disabled, window buttons hidden, title bar hidden
[2019.08.19-00.55.21:988][  0]LogSlate: Updating window title bar state: overlay mode, drag disabled, window buttons hidden, title bar hidden
[2019.08.19-00.55.22:118][  0]LogCollectionManager: Loaded 0 collections in 0.001379 seconds
[2019.08.19-00.55.22:257][  0]LogFileCache: Scanning file cache for directory 'C:/Users/ACER/Desktop/ball/三维弹球/Saved/Collections/' took 0.00s
[2019.08.19-00.55.22:257][  0]LogFileCache: Scanning file cache for directory 'C:/Users/ACER/Desktop/ball/三维弹球/Content/Developers/ACER/Collections/' took 0.00s
[2019.08.19-00.55.22:257][  0]LogFileCache: Scanning file cache for directory 'C:/Users/ACER/Desktop/ball/三维弹球/Content/Collections/' took 0.00s
[2019.08.19-00.55.22:257][  0]LogCollectionManager: Rebuilt the GUID cache for 0 collections in 0.000005 seconds
[2019.08.19-00.55.22:273][  0]LogContentBrowser: Native class hierarchy populated in 0.0105 seconds. Added 2861 classes and 680 folders.
[2019.08.19-00.55.22:432][  0]LogContentBrowser: Native class hierarchy updated for 'WidgetCarousel' in 0.0002 seconds. Added 0 classes and 0 folders.
[2019.08.19-00.55.23:049][  0]LogContentBrowser: Native class hierarchy updated for 'AddContentDialog' in 0.0002 seconds. Added 0 classes and 0 folders.
[2019.08.19-00.55.23:118][  0]LogContentBrowser: Native class hierarchy updated for 'SceneOutliner' in 0.0003 seconds. Added 1 classes and 2 folders.
[2019.08.19-00.55.24:388][  0]LogSlate: Took 0.000426 seconds to synchronously load lazily loaded font '../../../Engine/Content/Slate/Fonts/Roboto-Regular.ttf' (155K)
[2019.08.19-00.55.24:393][  0]LogSlate: Took 0.004522 seconds to synchronously load lazily loaded font '../../../Engine/Content/Slate/Fonts/DroidSansFallback.ttf' (3848K)
[2019.08.19-00.55.24:413][  0]LogSlate: Took 0.000342 seconds to synchronously load lazily loaded font '../../../Engine/Content/Slate/Fonts/Roboto-Bold.ttf' (160K)
[2019.08.19-00.55.24:466][  0]LogSlate: Took 0.008727 seconds to synchronously load lazily loaded font '../../../Engine/Content/Editor/Slate/Fonts/FontAwesome.ttf' (139K)
[2019.08.19-00.55.24:723][  0]LogRenderer: Reallocating scene render targets to support 884x460 Format 10 NumSamples 1 (Frame:1).
[2019.08.19-00.55.25:367][  0]LogContentBrowser: Native class hierarchy updated for 'HierarchicalLODOutliner' in 0.0002 seconds. Added 0 classes and 0 folders.
[2019.08.19-00.55.25:367][  0]LogLoad: (Engine Initialization) Total time: 18.54 seconds
[2019.08.19-00.55.25:367][  0]LogLoad: (Engine Initialization) Total Blueprint compile time: 0.00 seconds
[2019.08.19-00.55.25:401][  0]LogWindowsTextInputMethodSystem: Display: IME system now activated using TSF (搜狗拼音输入法).
[2019.08.19-00.55.25:483][  0]LogAssetRegistry: Asset discovery search completed in 14.1269 seconds
[2019.08.19-00.55.25:501][  0]LogCollectionManager: Rebuilt the object cache for 0 collections in 0.000005 seconds (found 0 objects)
[2019.08.19-00.55.25:501][  0]LogCollectionManager: Fixed up redirectors for 0 collections in 0.000066 seconds (updated 0 objects)
[2019.08.19-00.55.25:520][  0]LogContentStreaming: Texture pool size now 1000 MB
[2019.08.19-00.55.25:643][  0]LogSlate: Took 0.012086 seconds to synchronously load lazily loaded font '../../../Engine/Content/Slate/Fonts/Roboto-Light.ttf' (167K)
[2019.08.19-00.56.18:290][142]LogSlate: FSceneViewport::OnFocusLost() reason 0
[2019.08.19-00.56.19:516][203]LogSlate: Took 0.000249 seconds to synchronously load lazily loaded font '../../../Engine/Content/Slate/Fonts/Roboto-Light.ttf' (167K)
[2019.08.19-00.56.19:889][203]LogStaticMesh: 正在构建静态网格体Flipper……
[2019.08.19-00.56.20:000][203]LogStaticMesh: Built static mesh [0.10s] /Game/Assests/Flipper.Flipper
[2019.08.19-00.56.20:182][203]LogAIModule: Creating AISystem for world mainlevel
[2019.08.19-00.56.20:253][203]LogAssetEditorManager: Opening Asset editor for World /Game/maps/mainlevel.mainlevel
[2019.08.19-00.56.20:285][203]LogUObjectHash: Compacting FUObjectHashTables data took   2.28ms
[2019.08.19-00.56.20:286][203]Cmd: MAP LOAD FILE="C:/Users/ACER/Desktop/ball/三维弹球/Content/maps/mainlevel.umap" TEMPLATE=0 SHOWPROGRESS=1 FEATURELEVEL=3
[2019.08.19-00.56.20:286][203]LightingResults: New page: 光照构建
[2019.08.19-00.56.20:287][203]LoadErrors: New page: 正在加载地图：mainlevel.umap
[2019.08.19-00.56.20:287][203]LogWorld: UWorld::CleanupWorld for Untitled_1, bSessionEnded=true, bCleanupResources=true
[2019.08.19-00.56.20:287][203]MapCheck: New page: 地图检测
[2019.08.19-00.56.20:287][203]LightingResults: New page: 光照构建
[2019.08.19-00.56.20:312][203]LogUObjectHash: Compacting FUObjectHashTables data took   1.63ms
[2019.08.19-00.56.20:473][203]LogEditorServer: Finished looking for orphan Actors (0.000 secs)
[2019.08.19-00.56.20:502][203]LogUObjectHash: Compacting FUObjectHashTables data took   2.63ms
[2019.08.19-00.56.20:519][203]Cmd: MAP CHECKDEP NOCLEARLOG
[2019.08.19-00.56.20:519][203]MapCheck: 地图检测完成：0个错误、0个警告、完成用时0.338毫秒。
[2019.08.19-00.56.20:520][203]LogFileHelpers: Loading map 'mainlevel' took 0.234
[2019.08.19-01.00.10:277][907]LogFactory: FactoryCreateFile: StaticMesh with FbxFactory (0 0 C:/Users/ACER/Desktop/utf-8' 'PinballAssets/PinballAssets/PinballAssets/SM_PostHalf.FBX)
[2019.08.19-01.00.10:445][907]LogFbx: Loading FBX Scene from C:/Users/ACER/Desktop/utf-8' 'PinballAssets/PinballAssets/PinballAssets/SM_PostHalf.FBX
[2019.08.19-01.00.10:472][907]LogFbx: FBX Scene Loaded Succesfully
[2019.08.19-01.00.14:484][907]LogSlate: Window 'FBX导入选项' being destroyed
[2019.08.19-01.00.14:704][907]LogStaticMesh: 正在构建静态网格体SM_PostHalf……
[2019.08.19-01.00.14:713][907]LogStaticMesh: Built static mesh [0.01s] /Game/Assests/SM_PostHalf.SM_PostHalf
[2019.08.19-01.00.14:716][907]LogStaticMesh: Warning: SM_PostHalf 拥有一些近零的副法线，其可能诱发问题。（容差为 1E-4）
[2019.08.19-01.00.14:764][907]FBXImport: Warning: 此FBX场景中未发现平滑组信息。导出文件前必须在FBX导出器插件中启用“导出平滑组（Export Smoothing Groups）”选项。对不支持平滑组的工具而言，导出时FBX导出器仍将生成正确的平滑数据，从而在导入时推断出正确的顶点法线。 
[2019.08.19-01.00.14:764][907]FBXImport: Warning: SM_PostHalf 拥有一些近零的副法线，其可能诱发问题。（容差为 1E-4） 
[2019.08.19-01.00.17:985][ 82]LogSlate: Window '消息日志' being destroyed
[2019.08.19-01.00.17:994][ 82]LogSlate: Window '消息日志' being destroyed
[2019.08.19-01.00.32:903][282]LogFactory: FactoryCreateFile: StaticMesh with FbxFactory (0 0 C:/Users/ACER/Desktop/utf-8' 'PinballAssets/PinballAssets/PinballAssets/SM_BandExtender.FBX)
[2019.08.19-01.00.32:919][282]LogFbx: Loading FBX Scene from C:/Users/ACER/Desktop/utf-8' 'PinballAssets/PinballAssets/PinballAssets/SM_BandExtender.FBX
[2019.08.19-01.00.32:925][282]LogFbx: FBX Scene Loaded Succesfully
[2019.08.19-01.00.35:290][282]LogSlate: Window 'FBX导入选项' being destroyed
[2019.08.19-01.00.35:329][282]LogStaticMesh: 正在构建静态网格体SM_BandExtender……
[2019.08.19-01.00.35:331][282]LogStaticMesh: Built static mesh [0.00s] /Game/Assests/SM_BandExtender.SM_BandExtender
[2019.08.19-01.00.35:342][282]FBXImport: Warning: 此FBX场景中未发现平滑组信息。导出文件前必须在FBX导出器插件中启用“导出平滑组（Export Smoothing Groups）”选项。对不支持平滑组的工具而言，导出时FBX导出器仍将生成正确的平滑数据，从而在导入时推断出正确的顶点法线。 
[2019.08.19-01.00.37:126][378]LogSlate: Window '消息日志' being destroyed
[2019.08.19-01.00.37:133][378]LogSlate: Window '消息日志' being destroyed
[2019.08.19-01.00.54:789][433]LogAssetEditorManager: Opening Asset editor for StaticMesh /Game/Assests/SM_PostHalf.SM_PostHalf
[2019.08.19-01.00.56:796][433]LogRenderer: Reallocating scene render targets to support 1088x748 Format 10 NumSamples 1 (Frame:1).
[2019.08.19-01.00.56:796][433]LogSlate: Took 0.013642 seconds to synchronously load lazily loaded font '../../../Engine/Content/Slate/Fonts/Roboto-Italic.ttf' (157K)
[2019.08.19-01.01.19:449][706]LogSlate: FSceneViewport::OnFocusLost() reason 0
[2019.08.19-01.01.19:724][710]Cmd: OBJ SAVEPACKAGE PACKAGE="/Game/Assests/SM_PostHalf" FILE="C:/Users/ACER/Desktop/ball/三维弹球/Content/Assests/SM_PostHalf.uasset" SILENT=true
[2019.08.19-01.01.19:838][710]LogSavePackage: Moving 'C:/Users/ACER/Desktop/ball/三维弹球/Saved/SM_PostHalfEA08A9E442159E383CBD2EB216EDB05D.tmp' to 'C:/Users/ACER/Desktop/ball/三维弹球/Content/Assests/SM_PostHalf.uasset'
[2019.08.19-01.01.20:964][763]LogSlate: Window 'SM_PostHalf' being destroyed
[2019.08.19-01.01.20:971][763]LogSlate: Window 'SM_PostHalf' being destroyed
[2019.08.19-01.01.20:986][763]LogWorld: UWorld::CleanupWorld for World_6, bSessionEnded=true, bCleanupResources=true
[2019.08.19-01.01.23:889][927]LogAssetEditorManager: Opening Asset editor for StaticMesh /Game/Assests/SM_BandExtender.SM_BandExtender
[2019.08.19-01.02.13:039][847]Cmd: OBJ SAVEPACKAGE PACKAGE="/Game/Assests/SM_BandExtender" FILE="C:/Users/ACER/Desktop/ball/三维弹球/Content/Assests/SM_BandExtender.uasset" SILENT=true
[2019.08.19-01.02.13:056][847]LogSavePackage: Moving 'C:/Users/ACER/Desktop/ball/三维弹球/Saved/SM_BandExtenderC58A22A84243C643002F88AEC61F1920.tmp' to 'C:/Users/ACER/Desktop/ball/三维弹球/Content/Assests/SM_BandExtender.uasset'
[2019.08.19-01.02.14:898][956]LogSlate: Window 'SM_BandExtender' being destroyed
[2019.08.19-01.02.14:905][956]LogSlate: Window 'SM_BandExtender' being destroyed
[2019.08.19-01.02.14:916][956]LogWorld: UWorld::CleanupWorld for World_7, bSessionEnded=true, bCleanupResources=true
[2019.08.19-01.02.16:862][ 57]LogEditorViewport: Clicking on Actor (LMB): BP_Sky_Sphere_C (Sky Sphere)
[2019.08.19-01.02.35:832][732]LogEditorViewport: Clicking on Actor (LMB): BP_Sky_Sphere_C (Sky Sphere)
[2019.08.19-01.02.40:603][999]LogSlate: FSceneViewport::OnFocusLost() reason 0
[2019.08.19-01.02.40:669][  3]LogTemp: Repeating last play command: 选中的视口
[2019.08.19-01.02.40:793][  3]LogBlueprintUserMessages: Early PlayInEditor Detection: Level '/Game/maps/mainlevel.mainlevel:PersistentLevel' has LevelScriptBlueprint '/Game/maps/mainlevel.mainlevel:PersistentLevel.mainlevel' with GeneratedClass '/Game/maps/mainlevel.mainlevel_C' with ClassGeneratedBy '/Game/maps/mainlevel.mainlevel:PersistentLevel.mainlevel'
[2019.08.19-01.02.40:809][  3]LogPlayLevel: PlayLevel: No blueprints needed recompiling
[2019.08.19-01.02.40:837][  3]PIE: New page: PIE会话：mainlevel（2019年8月19日 下午5:02:40）
[2019.08.19-01.02.40:852][  3]LogOnline: OSS: Creating online subsystem instance for: NULL
[2019.08.19-01.02.40:872][  3]LogPlayLevel: Creating play world package: /Game/maps/UEDPIE_0_mainlevel
[2019.08.19-01.02.40:918][  3]LogPlayLevel: PIE: StaticDuplicateObject took: (0.046237s)
[2019.08.19-01.02.40:928][  3]LogAIModule: Creating AISystem for world mainlevel
[2019.08.19-01.02.40:938][  3]LogPlayLevel: PIE: World Init took: (0.019530s)
[2019.08.19-01.02.40:938][  3]LogPlayLevel: PIE: Created PIE world by copying editor world from /Game/maps/mainlevel.mainlevel to /Game/maps/UEDPIE_0_mainlevel.mainlevel (0.066495s)
[2019.08.19-01.02.40:984][  3]LogUObjectHash: Compacting FUObjectHashTables data took   1.87ms
[2019.08.19-01.02.41:013][  3]LogInit: XAudio2 using '扬声器 (Realtek High Definition Audio(SST))' : 2 channels at 48 kHz using 32 bits per sample (channel mask 0x3)
[2019.08.19-01.02.41:046][  3]LogInit: FAudioDevice initialized.
[2019.08.19-01.02.41:066][  3]LogLoad: Game class is 'PinBallGameMode_C'
[2019.08.19-01.02.41:201][  3]LogWorld: Bringing World /Game/maps/UEDPIE_0_mainlevel.mainlevel up for play (max tick rate 60) at 2019.08.19-09.02.41
[2019.08.19-01.02.41:218][  3]LogWorld: Bringing up level for play took: 0.017845
[2019.08.19-01.02.41:219][  3]LogOnline: OSS: Creating online subsystem instance for: :Context_9
[2019.08.19-01.02.41:320][  3]LogContentBrowser: Native class hierarchy updated for 'MovieSceneCapture' in 0.0003 seconds. Added 20 classes and 0 folders.
[2019.08.19-01.02.41:362][  3]PIE: /Game/maps/UEDPIE_0_mainlevel在编辑器中运行的起始时间1.328
[2019.08.19-01.02.41:362][  3]LogBlueprintUserMessages: Late PlayInEditor Detection: Level '/Game/maps/mainlevel.mainlevel:PersistentLevel' has LevelScriptBlueprint '/Game/maps/mainlevel.mainlevel:PersistentLevel.mainlevel' with GeneratedClass '/Game/maps/mainlevel.mainlevel_C' with ClassGeneratedBy '/Game/maps/mainlevel.mainlevel:PersistentLevel.mainlevel'
[2019.08.19-01.03.07:299][518]LogBlueprintUserMessages: Early EndPlayMap Detection: Level '/Game/maps/mainlevel.mainlevel:PersistentLevel' has LevelScriptBlueprint '/Game/maps/mainlevel.mainlevel:PersistentLevel.mainlevel' with GeneratedClass '/Game/maps/mainlevel.mainlevel_C' with ClassGeneratedBy '/Game/maps/mainlevel.mainlevel:PersistentLevel.mainlevel'
[2019.08.19-01.03.07:299][518]LogSlate: Updating window title bar state: overlay mode, drag disabled, window buttons hidden, title bar hidden
[2019.08.19-01.03.07:299][518]LogWorld: BeginTearingDown for /Game/maps/UEDPIE_0_mainlevel
[2019.08.19-01.03.07:299][518]LogWorld: UWorld::CleanupWorld for mainlevel, bSessionEnded=true, bCleanupResources=true
[2019.08.19-01.03.07:310][518]LogPlayLevel: Display: Shutting down PIE online subsystems
[2019.08.19-01.03.07:311][518]LogBlueprintUserMessages: Late EndPlayMap Detection: Level '/Game/maps/mainlevel.mainlevel:PersistentLevel' has LevelScriptBlueprint '/Game/maps/mainlevel.mainlevel:PersistentLevel.mainlevel' with GeneratedClass '/Game/maps/mainlevel.mainlevel_C' with ClassGeneratedBy '/Game/maps/mainlevel.mainlevel:PersistentLevel.mainlevel'
[2019.08.19-01.03.07:341][518]LogSlate: Updating window title bar state: overlay mode, drag disabled, window buttons hidden, title bar hidden
[2019.08.19-01.03.07:345][518]LogUObjectHash: Compacting FUObjectHashTables data took   1.61ms
[2019.08.19-01.03.07:364][519]LogPlayLevel: Display: Destroying online subsystem :Context_9
[2019.08.19-01.03.16:104][ 37]LogSlate: FSceneViewport::OnFocusLost() reason 0
[2019.08.19-01.03.38:603][263]LogSlate: Window '选取父类' being destroyed
[2019.08.19-01.04.07:399][925]LogAssetEditorManager: Opening Asset editor for Blueprint /Game/blueprints/BP_post.BP_post
[2019.08.19-01.04.08:241][925]LogContentBrowser: Native class hierarchy updated for 'BlueprintGraph' in 0.0006 seconds. Added 121 classes and 0 folders.
[2019.08.19-01.04.41:444][750]LogSlate: FSceneViewport::OnFocusLost() reason 0
[2019.08.19-01.05.10:504][376]LogSlate: FSceneViewport::OnFocusLost() reason 0
[2019.08.19-01.05.35:882][888]LogSlate: FSceneViewport::OnFocusLost() reason 0
[2019.08.19-01.05.48:557][635]LogSlate: FSceneViewport::OnFocusLost() reason 0
[2019.08.19-01.06.04:700][586]LogSlate: FSceneViewport::OnFocusLost() reason 0
[2019.08.19-01.06.21:907][607]Cmd: OBJ SAVEPACKAGE PACKAGE="/Game/blueprints/BP_post" FILE="C:/Users/ACER/Desktop/ball/三维弹球/Content/blueprints/BP_post.uasset" SILENT=true
[2019.08.19-01.06.22:050][607]LogSavePackage: Moving 'C:/Users/ACER/Desktop/ball/三维弹球/Saved/BP_post00C246F841CA374F73F56CA4E5E53406.tmp' to 'C:/Users/ACER/Desktop/ball/三维弹球/Content/blueprints/BP_post.uasset'
[2019.08.19-01.07.38:480][462]LogSlate: FSceneViewport::OnFocusLost() reason 0
[2019.08.19-01.07.38:547][466]BlueprintLog: New page: 编译BP_post
[2019.08.19-01.07.39:223][466]LogUObjectHash: Compacting FUObjectHashTables data took   3.95ms
[2019.08.19-01.07.45:987][863]LogSlate: Window 'BP_post' being destroyed
[2019.08.19-01.07.45:994][863]LogSlate: Window 'BP_post' being destroyed
[2019.08.19-01.07.46:008][863]LogWorld: UWorld::CleanupWorld for World_8, bSessionEnded=true, bCleanupResources=true
[2019.08.19-01.07.53:545][298]LogAssetEditorManager: Opening Asset editor for StaticMesh /Game/Assests/SM_PostHalf.SM_PostHalf
[2019.08.19-01.08.03:778][796]Cmd: OBJ SAVEPACKAGE PACKAGE="/Game/Assests/SM_PostHalf" FILE="C:/Users/ACER/Desktop/ball/三维弹球/Content/Assests/SM_PostHalf.uasset" SILENT=true
[2019.08.19-01.08.03:886][796]LogSavePackage: Moving 'C:/Users/ACER/Desktop/ball/三维弹球/Saved/SM_PostHalf8C7C0FC6487FC3A00552C08EE89A402F.tmp' to 'C:/Users/ACER/Desktop/ball/三维弹球/Content/Assests/SM_PostHalf.uasset'
[2019.08.19-01.08.05:279][869]LogSlate: Window 'SM_PostHalf' being destroyed
[2019.08.19-01.08.05:285][869]LogSlate: Window 'SM_PostHalf' being destroyed
[2019.08.19-01.08.05:296][869]LogWorld: UWorld::CleanupWorld for World_10, bSessionEnded=true, bCleanupResources=true
[2019.08.19-01.08.12:590][299]LogAssetEditorManager: Opening Asset editor for Blueprint /Game/blueprints/BP_post.BP_post
[2019.08.19-01.08.13:104][299]LogSlate: Took 0.107324 seconds to synchronously load lazily loaded font '../../../Engine/Content/Slate/Fonts/Roboto-BoldCondensed.ttf' (158K)
[2019.08.19-01.08.24:377][965]LogSlate: FSceneViewport::OnFocusLost() reason 0
[2019.08.19-01.08.24:464][968]Cmd: OBJ SAVEPACKAGE PACKAGE="/Game/blueprints/BP_post" FILE="C:/Users/ACER/Desktop/ball/三维弹球/Content/blueprints/BP_post.uasset" SILENT=true
[2019.08.19-01.08.24:545][968]LogSavePackage: Moving 'C:/Users/ACER/Desktop/ball/三维弹球/Saved/BP_postDAAB5D82404B99C6AC09D8B9B0B88390.tmp' to 'C:/Users/ACER/Desktop/ball/三维弹球/Content/blueprints/BP_post.uasset'
[2019.08.19-01.10.25:950][247]LogHttp: Warning: 00000154C715BB00: invalid HTTP response code received. URL: https://datarouter.ol.epicgames.com/datarouter/api/v1/public/data?SessionID=%7B2D29C8FC-4DA8-2249-561D-BA994113312D%7D&AppID=UEEditor.Rocket.Release&AppVersion=4.23.0-7948402%2B%2B%2BUE4%2BRelease-4.23&UserID=686afba94cb91b2cdc5523813f4e1716%7C5b5cca900d1543e3ad4f647d0b8d4fde%7Cdc702d75-5693-405c-9ae0-b75093dd6c4a&AppEnvironment=datacollector-binary&UploadType=eteventstream, HTTP code: 0, content length: -1, actual payload size: 0
[2019.08.19-01.10.25:950][247]LogHttp: Warning: 00000154C715BB00: request failed, libcurl error: 0 (No error)
[2019.08.19-01.10.25:950][247]LogHttp: Warning: 00000154C715BB00: libcurl info message cache 0 (Found bundle for host datarouter.ol.epicgames.com: 0x154044c3f70 [can pipeline])
[2019.08.19-01.10.25:950][247]LogHttp: Warning: 00000154C715BB00: libcurl info message cache 1 (Re-using existing connection! (#5) with host datarouter.ol.epicgames.com)
[2019.08.19-01.10.25:950][247]LogHttp: Warning: 00000154C715BB00: libcurl info message cache 2 (Connected to datarouter.ol.epicgames.com (52.70.58.29) port 443 (#5))
[2019.08.19-01.10.25:950][247]LogHttp: Warning: 00000154C715BB00: libcurl info message cache 3 (We are completely uploaded and fine)
[2019.08.19-01.10.25:950][247]LogHttp: Warning: 00000154C715BB00: libcurl info message cache 4 (TLSv1.2 (IN), TLS alert, Client hello (1):)
[2019.08.19-01.10.25:950][247]LogHttp: Warning: 00000154C715BB00: libcurl info message cache 5 (Connection died, retrying a fresh connect)
[2019.08.19-01.10.25:950][247]LogHttp: Warning: 00000154C715BB00: libcurl info message cache 6 (necessary data rewind wasn't possible)
[2019.08.19-01.10.25:950][247]LogHttp: Warning: 00000154C715BB00: libcurl info message cache 7 (Closing connection 5)
[2019.08.19-01.10.25:950][247]LogHttp: Warning: 00000154C715BB00: libcurl info message cache 8 (TLSv1.2 (OUT), TLS alert, Client hello (1):)
[2019.08.19-01.10.25:966][248]LogHttp: Warning: Retry exhausted on https://datarouter.ol.epicgames.com/datarouter/api/v1/public/data?SessionID=%7B2D29C8FC-4DA8-2249-561D-BA994113312D%7D&AppID=UEEditor.Rocket.Release&AppVersion=4.23.0-7948402%2B%2B%2BUE4%2BRelease-4.23&UserID=686afba94cb91b2cdc5523813f4e1716%7C5b5cca900d1543e3ad4f647d0b8d4fde%7Cdc702d75-5693-405c-9ae0-b75093dd6c4a&AppEnvironment=datacollector-binary&UploadType=eteventstream
[2019.08.19-01.12.06:997][612]LogSlate: Took 0.017156 seconds to synchronously load lazily loaded font '../../../Engine/Content/Slate/Fonts/Roboto-BoldCondensedItalic.ttf' (160K)
[2019.08.19-01.12.23:147][579]BlueprintLog: New page: 编译BP_post
[2019.08.19-01.12.23:359][579]LogUObjectHash: Compacting FUObjectHashTables data took   3.83ms
[2019.08.19-01.12.51:882][281]LogSlate: FSceneViewport::OnFocusLost() reason 0
[2019.08.19-01.13.00:204][780]LogSlate: FSceneViewport::OnFocusLost() reason 0
[2019.08.19-01.13.07:997][200]LogEditorViewport: Clicking on Actor (LMB): BP_post_C (BP_post)
[2019.08.19-01.13.09:516][290]LogEditorViewport: Clicking on Actor (LMB): BP_post_C (BP_post)
[2019.08.19-01.13.11:353][394]LogSlate: FSceneViewport::OnFocusLost() reason 0
[2019.08.19-01.13.35:000][806]LogEditorViewport: Clicking on Actor (double click): BP_post_C (BP_post)
[2019.08.19-01.13.38:158][993]LogEditorViewport: Clicking on Actor (LMB): BP_post_C (BP_post)
[2019.08.19-01.13.59:252][251]LogEditorViewport: Clicking on Actor (LMB): BP_post_C (BP_post)
[2019.08.19-01.14.25:597][120]LogEditorViewport: Clicking on Actor (LMB): BP_post_C (BP_post)
[2019.08.19-01.14.27:086][209]LogSlate: FSceneViewport::OnFocusLost() reason 0
[2019.08.19-01.17.23:873][661]BlueprintLog: New page: 编译BP_post
[2019.08.19-01.17.24:206][661]LogUObjectHash: Compacting FUObjectHashTables data took   3.36ms
[2019.08.19-01.18.08:834][320]BlueprintLog: New page: 编译BP_post
[2019.08.19-01.18.09:080][320]LogUObjectHash: Compacting FUObjectHashTables data took   3.69ms
[2019.08.19-01.18.13:470][575]Cmd: OBJ SAVEPACKAGE PACKAGE="/Game/maps/mainlevel" FILE="C:/Users/ACER/Desktop/ball/三维弹球/Content/maps/mainlevel.umap" SILENT=true AUTOSAVING=false KEEPDIRTY=false
[2019.08.19-01.18.13:612][575]LogUObjectHash: Compacting FUObjectHashTables data took   3.78ms
[2019.08.19-01.18.13:912][575]LogSavePackage: Moving 'C:/Users/ACER/Desktop/ball/三维弹球/Saved/mainlevel5CAEDD45462434708DB69184265FA89F.tmp' to 'C:/Users/ACER/Desktop/ball/三维弹球/Content/maps/mainlevel.umap'
[2019.08.19-01.18.13:946][575]Cmd: OBJ SAVEPACKAGE PACKAGE="/Game/maps/mainlevel_BuiltData" FILE="C:/Users/ACER/Desktop/ball/三维弹球/Content/maps/mainlevel_BuiltData.uasset" SILENT=true
[2019.08.19-01.18.14:019][575]LogSavePackage: Moving 'C:/Users/ACER/Desktop/ball/三维弹球/Saved/mainlevel_BuiltData863BFBF0450E59CFA2CF9C847A412125.tmp' to 'C:/Users/ACER/Desktop/ball/三维弹球/Content/maps/mainlevel_BuiltData.uasset'
[2019.08.19-01.18.15:567][660]LogTemp: Repeating last play command: 选中的视口
[2019.08.19-01.18.15:587][660]LogBlueprintUserMessages: Early PlayInEditor Detection: Level '/Game/maps/mainlevel.mainlevel:PersistentLevel' has LevelScriptBlueprint '/Game/maps/mainlevel.mainlevel:PersistentLevel.mainlevel' with GeneratedClass '/Game/maps/mainlevel.mainlevel_C' with ClassGeneratedBy '/Game/maps/mainlevel.mainlevel:PersistentLevel.mainlevel'
[2019.08.19-01.18.15:587][660]LogPlayLevel: PlayLevel: No blueprints needed recompiling
[2019.08.19-01.18.15:588][660]PIE: New page: PIE会话：mainlevel（2019年8月19日 下午5:18:15）
[2019.08.19-01.18.15:588][660]LogPlayLevel: Creating play world package: /Game/maps/UEDPIE_0_mainlevel
[2019.08.19-01.18.15:596][660]LogPlayLevel: PIE: StaticDuplicateObject took: (0.008689s)
[2019.08.19-01.18.15:598][660]LogAIModule: Creating AISystem for world mainlevel
[2019.08.19-01.18.15:598][660]LogPlayLevel: PIE: World Init took: (0.001738s)
[2019.08.19-01.18.15:598][660]LogPlayLevel: PIE: Created PIE world by copying editor world from /Game/maps/mainlevel.mainlevel to /Game/maps/UEDPIE_0_mainlevel.mainlevel (0.010614s)
[2019.08.19-01.18.15:637][660]LogUObjectHash: Compacting FUObjectHashTables data took   4.17ms
[2019.08.19-01.18.15:650][660]LogInit: XAudio2 using '扬声器 (Realtek High Definition Audio(SST))' : 2 channels at 48 kHz using 32 bits per sample (channel mask 0x3)
[2019.08.19-01.18.15:685][660]LogInit: FAudioDevice initialized.
[2019.08.19-01.18.15:697][660]LogLoad: Game class is 'PinBallGameMode_C'
[2019.08.19-01.18.15:699][660]LogWorld: Bringing World /Game/maps/UEDPIE_0_mainlevel.mainlevel up for play (max tick rate 60) at 2019.08.19-09.18.15
[2019.08.19-01.18.15:700][660]LogWorld: Bringing up level for play took: 0.001575
[2019.08.19-01.18.15:700][660]LogOnline: OSS: Creating online subsystem instance for: :Context_14
[2019.08.19-01.18.15:703][660]PIE: /Game/maps/UEDPIE_0_mainlevel在编辑器中运行的起始时间-0.332
[2019.08.19-01.18.15:703][660]LogBlueprintUserMessages: Late PlayInEditor Detection: Level '/Game/maps/mainlevel.mainlevel:PersistentLevel' has LevelScriptBlueprint '/Game/maps/mainlevel.mainlevel:PersistentLevel.mainlevel' with GeneratedClass '/Game/maps/mainlevel.mainlevel_C' with ClassGeneratedBy '/Game/maps/mainlevel.mainlevel:PersistentLevel.mainlevel'
[2019.08.19-01.18.17:723][770]LogBlueprintUserMessages: Early EndPlayMap Detection: Level '/Game/maps/mainlevel.mainlevel:PersistentLevel' has LevelScriptBlueprint '/Game/maps/mainlevel.mainlevel:PersistentLevel.mainlevel' with GeneratedClass '/Game/maps/mainlevel.mainlevel_C' with ClassGeneratedBy '/Game/maps/mainlevel.mainlevel:PersistentLevel.mainlevel'
[2019.08.19-01.18.17:723][770]LogSlate: Updating window title bar state: overlay mode, drag disabled, window buttons hidden, title bar hidden
[2019.08.19-01.18.17:723][770]LogWorld: BeginTearingDown for /Game/maps/UEDPIE_0_mainlevel
[2019.08.19-01.18.17:723][770]LogWorld: UWorld::CleanupWorld for mainlevel, bSessionEnded=true, bCleanupResources=true
[2019.08.19-01.18.17:735][770]LogPlayLevel: Display: Shutting down PIE online subsystems
[2019.08.19-01.18.17:735][770]LogBlueprintUserMessages: Late EndPlayMap Detection: Level '/Game/maps/mainlevel.mainlevel:PersistentLevel' has LevelScriptBlueprint '/Game/maps/mainlevel.mainlevel:PersistentLevel.mainlevel' with GeneratedClass '/Game/maps/mainlevel.mainlevel_C' with ClassGeneratedBy '/Game/maps/mainlevel.mainlevel:PersistentLevel.mainlevel'
[2019.08.19-01.18.17:771][770]LogSlate: Updating window title bar state: overlay mode, drag disabled, window buttons hidden, title bar hidden
[2019.08.19-01.18.17:775][770]LogUObjectHash: Compacting FUObjectHashTables data took   2.38ms
[2019.08.19-01.18.17:837][774]LogPlayLevel: Display: Destroying online subsystem :Context_14
[2019.08.19-01.18.26:682][304]LogEditorViewport: Clicking on Actor (LMB): BP_post_C (BP_post)
[2019.08.19-01.18.32:909][672]LogSlate: FSceneViewport::OnFocusLost() reason 5
[2019.08.19-01.19.01:355][352]Cmd: OBJ SAVEPACKAGE PACKAGE="/Game/blueprints/BP_post" FILE="C:/Users/ACER/Desktop/ball/三维弹球/Content/blueprints/BP_post.uasset" SILENT=true
[2019.08.19-01.19.01:594][352]LogSavePackage: Moving 'C:/Users/ACER/Desktop/ball/三维弹球/Saved/BP_post927B82474FFF2F87280E009EE4BE6A1C.tmp' to 'C:/Users/ACER/Desktop/ball/三维弹球/Content/blueprints/BP_post.uasset'
[2019.08.19-01.19.02:374][389]LogSlate: FSceneViewport::OnFocusLost() reason 0
[2019.08.19-01.19.25:679][787]BlueprintLog: New page: 编译BP_post
[2019.08.19-01.19.25:920][787]LogUObjectHash: Compacting FUObjectHashTables data took   3.62ms
[2019.08.19-01.19.32:994][205]LogSlate: FSceneViewport::OnFocusLost() reason 0
[2019.08.19-01.20.23:904][249]LogSlate: FSceneViewport::OnFocusLost() reason 5
[2019.08.19-01.20.42:668][349]Cmd: OBJ SAVEPACKAGE PACKAGE="/Game/blueprints/BP_post" FILE="C:/Users/ACER/Desktop/ball/三维弹球/Content/blueprints/BP_post.uasset" SILENT=true
[2019.08.19-01.20.42:755][349]LogSavePackage: Moving 'C:/Users/ACER/Desktop/ball/三维弹球/Saved/BP_post76428F444C9D05759F72CF83F2DBB8A1.tmp' to 'C:/Users/ACER/Desktop/ball/三维弹球/Content/blueprints/BP_post.uasset'
[2019.08.19-01.20.44:401][438]LogSlate: FSceneViewport::OnFocusLost() reason 0
[2019.08.19-01.20.59:431][334]LogEditorViewport: Clicking on Actor (LMB): BP_cover_C (BP_cover)
[2019.08.19-01.21.08:182][856]LogEditorViewport: Clicking on Actor (LMB): BP_post_C (BP_post)
[2019.08.19-01.21.45:524][671]LogSlate: FSceneViewport::OnFocusLost() reason 0
[2019.08.19-01.21.45:614][675]Cmd: OBJ SAVEPACKAGE PACKAGE="/Game/maps/mainlevel" FILE="C:/Users/ACER/Desktop/ball/三维弹球/Content/maps/mainlevel.umap" SILENT=true AUTOSAVING=false KEEPDIRTY=false
[2019.08.19-01.21.45:650][675]LogUObjectHash: Compacting FUObjectHashTables data took   2.98ms
[2019.08.19-01.21.45:911][675]LogSavePackage: Moving 'C:/Users/ACER/Desktop/ball/三维弹球/Saved/mainlevelC551442849E00B3CF14DD9886B0AC267.tmp' to 'C:/Users/ACER/Desktop/ball/三维弹球/Content/maps/mainlevel.umap'
[2019.08.19-01.21.45:938][675]Cmd: OBJ SAVEPACKAGE PACKAGE="/Game/maps/mainlevel_BuiltData" FILE="C:/Users/ACER/Desktop/ball/三维弹球/Content/maps/mainlevel_BuiltData.uasset" SILENT=true
[2019.08.19-01.21.46:001][675]LogSavePackage: Moving 'C:/Users/ACER/Desktop/ball/三维弹球/Saved/mainlevel_BuiltData6277B132493001FC287847BCBB9B0638.tmp' to 'C:/Users/ACER/Desktop/ball/三维弹球/Content/maps/mainlevel_BuiltData.uasset'
[2019.08.19-01.22.13:521][293]LogSlate: FSceneViewport::OnFocusLost() reason 0
[2019.08.19-01.23.01:677][174]LogTemp: IOS device listing is disabled (to many failed attempts)!
[2019.08.19-01.23.12:400][803]BlueprintLog: New page: 编译BP_post
[2019.08.19-01.23.12:638][803]LogUObjectHash: Compacting FUObjectHashTables data took   3.13ms
[2019.08.19-01.23.48:860][965]LogSlate: FSceneViewport::OnFocusLost() reason 0
[2019.08.19-01.23.50:855][ 83]Cmd: OBJ SAVEPACKAGE PACKAGE="/Game/maps/mainlevel" FILE="C:/Users/ACER/Desktop/ball/三维弹球/Content/maps/mainlevel.umap" SILENT=true AUTOSAVING=false KEEPDIRTY=false
[2019.08.19-01.23.50:897][ 83]LogUObjectHash: Compacting FUObjectHashTables data took   3.72ms
[2019.08.19-01.23.51:176][ 83]LogSavePackage: Moving 'C:/Users/ACER/Desktop/ball/三维弹球/Saved/mainlevel48B174F3495A51E6B98E91BCF80176B3.tmp' to 'C:/Users/ACER/Desktop/ball/三维弹球/Content/maps/mainlevel.umap'
[2019.08.19-01.23.51:203][ 83]Cmd: OBJ SAVEPACKAGE PACKAGE="/Game/maps/mainlevel_BuiltData" FILE="C:/Users/ACER/Desktop/ball/三维弹球/Content/maps/mainlevel_BuiltData.uasset" SILENT=true
[2019.08.19-01.23.51:275][ 83]LogSavePackage: Moving 'C:/Users/ACER/Desktop/ball/三维弹球/Saved/mainlevel_BuiltData42E8DDA346A8606CDFE7B3B4B2703272.tmp' to 'C:/Users/ACER/Desktop/ball/三维弹球/Content/maps/mainlevel_BuiltData.uasset'
[2019.08.19-01.23.52:315][141]LogTemp: Repeating last play command: 选中的视口
[2019.08.19-01.23.52:336][141]LogBlueprintUserMessages: Early PlayInEditor Detection: Level '/Game/maps/mainlevel.mainlevel:PersistentLevel' has LevelScriptBlueprint '/Game/maps/mainlevel.mainlevel:PersistentLevel.mainlevel' with GeneratedClass '/Game/maps/mainlevel.mainlevel_C' with ClassGeneratedBy '/Game/maps/mainlevel.mainlevel:PersistentLevel.mainlevel'
[2019.08.19-01.23.52:336][141]LogPlayLevel: PlayLevel: No blueprints needed recompiling
[2019.08.19-01.23.52:336][141]PIE: New page: PIE会话：mainlevel（2019年8月19日 下午5:23:52）
[2019.08.19-01.23.52:337][141]LogPlayLevel: Creating play world package: /Game/maps/UEDPIE_0_mainlevel
[2019.08.19-01.23.52:345][141]LogPlayLevel: PIE: StaticDuplicateObject took: (0.008528s)
[2019.08.19-01.23.52:346][141]LogAIModule: Creating AISystem for world mainlevel
[2019.08.19-01.23.52:347][141]LogPlayLevel: PIE: World Init took: (0.001295s)
[2019.08.19-01.23.52:347][141]LogPlayLevel: PIE: Created PIE world by copying editor world from /Game/maps/mainlevel.mainlevel to /Game/maps/UEDPIE_0_mainlevel.mainlevel (0.010006s)
[2019.08.19-01.23.52:385][141]LogUObjectHash: Compacting FUObjectHashTables data took   3.23ms
[2019.08.19-01.23.52:396][141]LogInit: XAudio2 using '扬声器 (Realtek High Definition Audio(SST))' : 2 channels at 48 kHz using 32 bits per sample (channel mask 0x3)
[2019.08.19-01.23.52:428][141]LogInit: FAudioDevice initialized.
[2019.08.19-01.23.52:439][141]LogLoad: Game class is 'PinBallGameMode_C'
[2019.08.19-01.23.52:442][141]LogWorld: Bringing World /Game/maps/UEDPIE_0_mainlevel.mainlevel up for play (max tick rate 60) at 2019.08.19-09.23.52
[2019.08.19-01.23.52:442][141]LogWorld: Bringing up level for play took: 0.001445
[2019.08.19-01.23.52:442][141]LogOnline: OSS: Creating online subsystem instance for: :Context_15
[2019.08.19-01.23.52:445][141]PIE: /Game/maps/UEDPIE_0_mainlevel在编辑器中运行的起始时间0.41
[2019.08.19-01.23.52:445][141]LogBlueprintUserMessages: Late PlayInEditor Detection: Level '/Game/maps/mainlevel.mainlevel:PersistentLevel' has LevelScriptBlueprint '/Game/maps/mainlevel.mainlevel:PersistentLevel.mainlevel' with GeneratedClass '/Game/maps/mainlevel.mainlevel_C' with ClassGeneratedBy '/Game/maps/mainlevel.mainlevel:PersistentLevel.mainlevel'
[2019.08.19-01.23.59:228][540]LogBlueprintUserMessages: Early EndPlayMap Detection: Level '/Game/maps/mainlevel.mainlevel:PersistentLevel' has LevelScriptBlueprint '/Game/maps/mainlevel.mainlevel:PersistentLevel.mainlevel' with GeneratedClass '/Game/maps/mainlevel.mainlevel_C' with ClassGeneratedBy '/Game/maps/mainlevel.mainlevel:PersistentLevel.mainlevel'
[2019.08.19-01.23.59:229][540]LogSlate: Updating window title bar state: overlay mode, drag disabled, window buttons hidden, title bar hidden
[2019.08.19-01.23.59:229][540]LogWorld: BeginTearingDown for /Game/maps/UEDPIE_0_mainlevel
[2019.08.19-01.23.59:229][540]LogWorld: UWorld::CleanupWorld for mainlevel, bSessionEnded=true, bCleanupResources=true
[2019.08.19-01.23.59:244][540]LogPlayLevel: Display: Shutting down PIE online subsystems
[2019.08.19-01.23.59:244][540]LogBlueprintUserMessages: Late EndPlayMap Detection: Level '/Game/maps/mainlevel.mainlevel:PersistentLevel' has LevelScriptBlueprint '/Game/maps/mainlevel.mainlevel:PersistentLevel.mainlevel' with GeneratedClass '/Game/maps/mainlevel.mainlevel_C' with ClassGeneratedBy '/Game/maps/mainlevel.mainlevel:PersistentLevel.mainlevel'
[2019.08.19-01.23.59:281][540]LogSlate: Updating window title bar state: overlay mode, drag disabled, window buttons hidden, title bar hidden
[2019.08.19-01.23.59:285][540]LogUObjectHash: Compacting FUObjectHashTables data took   2.63ms
[2019.08.19-01.23.59:334][543]LogPlayLevel: Display: Destroying online subsystem :Context_15
[2019.08.19-01.24.37:873][285]LogSlate: FSceneViewport::OnFocusLost() reason 0
[2019.08.19-01.24.44:312][650]LogEditorViewport: Clicking on Actor (LMB): BP_post_C (BP_post)
[2019.08.19-01.24.45:399][714]Cmd: DELETE
[2019.08.19-01.24.45:399][714]Cmd: ACTOR DELETE
[2019.08.19-01.24.45:684][714]LogEditorActor: Deleted Actor: BP_post_C
[2019.08.19-01.24.45:723][714]LogUObjectHash: Compacting FUObjectHashTables data took   2.29ms
[2019.08.19-01.24.45:724][714]LogEditorActor: Deleted 1 Actors (0.086 secs)
[2019.08.19-01.24.54:047][210]LogEditorViewport: Clicking on Actor (LMB): BP_post_C (BP_post2)
[2019.08.19-01.25.15:334][477]LogEditorViewport: Clicking on Actor (LMB): BP_post_C (BP_post2)
[2019.08.19-01.25.17:566][609]LogEditorViewport: Clicking on Actor (LMB): BP_Sky_Sphere_C (Sky Sphere)
[2019.08.19-01.25.21:056][817]LogSlate: FSceneViewport::OnFocusLost() reason 0
[2019.08.19-01.25.21:164][822]Cmd: OBJ SAVEPACKAGE PACKAGE="/Game/maps/mainlevel" FILE="C:/Users/ACER/Desktop/ball/三维弹球/Content/maps/mainlevel.umap" SILENT=true AUTOSAVING=false KEEPDIRTY=false
[2019.08.19-01.25.21:197][822]LogUObjectHash: Compacting FUObjectHashTables data took   2.18ms
[2019.08.19-01.25.21:432][822]LogSavePackage: Moving 'C:/Users/ACER/Desktop/ball/三维弹球/Saved/mainlevelA9A00CC941930F9C5794D1B568212AE8.tmp' to 'C:/Users/ACER/Desktop/ball/三维弹球/Content/maps/mainlevel.umap'
[2019.08.19-01.25.21:459][822]Cmd: OBJ SAVEPACKAGE PACKAGE="/Game/maps/mainlevel_BuiltData" FILE="C:/Users/ACER/Desktop/ball/三维弹球/Content/maps/mainlevel_BuiltData.uasset" SILENT=true
[2019.08.19-01.25.21:517][822]LogSavePackage: Moving 'C:/Users/ACER/Desktop/ball/三维弹球/Saved/mainlevel_BuiltData9D09FE1F4B1088C5EFF6419D3879883E.tmp' to 'C:/Users/ACER/Desktop/ball/三维弹球/Content/maps/mainlevel_BuiltData.uasset'
[2019.08.19-01.25.24:265][980]MapCheck: New page: 地图检测
[2019.08.19-01.25.24:394][980]Cmd: MAP REBUILD ALLVISIBLE
[2019.08.19-01.25.24:394][980]LogEditorServer: Rebuildmap Clear paths rebuilt
[2019.08.19-01.25.24:506][980]LogWorld: UWorld::CleanupWorld for mainlevel, bSessionEnded=true, bCleanupResources=false
[2019.08.19-01.25.24:606][980]LogUObjectHash: Compacting FUObjectHashTables data took   2.81ms
[2019.08.19-01.25.24:680][980]LogMaterial: Display: Missing cached shader map for material DebugViewMode MaterialTexCoordScale, compiling. 
[2019.08.19-01.25.24:789][980]LogMaterial: Display: Missing cached shader map for material DebugViewMode MaterialTexCoordScale, compiling. Is special engine material.
[2019.08.19-01.25.25:002][980]LogMaterial: Display: Missing cached shader map for material DebugViewMode MaterialTexCoordScale, compiling. 
[2019.08.19-01.25.25:011][980]LogMaterial: Display: Missing cached shader map for material DebugViewMode MaterialTexCoordScale, compiling. 
[2019.08.19-01.25.25:025][980]LogMaterial: Display: Missing cached shader map for material DebugViewMode MaterialTexCoordScale, compiling. 
[2019.08.19-01.25.25:034][980]LogMaterial: Display: Missing cached shader map for material DebugViewMode MaterialTexCoordScale, compiling. 
