Log file open, 08/19/19 13:14:01
LogWindows: Failed to load 'aqProf.dll' (GetLastError=126)
LogWindows: File 'aqProf.dll' does not exist
LogWindows: Failed to load 'VtuneApi.dll' (GetLastError=126)
LogWindows: File 'VtuneApi.dll' does not exist
LogWindows: Failed to load 'VtuneApi32e.dll' (GetLastError=126)
LogWindows: File 'VtuneApi32e.dll' does not exist
LogConsoleResponse: Display: Failed to find resolution value strings in scalability ini. Falling back to default.
LogInit: Display: Running engine for game: 三维弹球
LogPlatformFile: Not using cached read wrapper
LogTaskGraph: Started task graph with 5 named threads and 23 total threads with 3 sets of task threads.
LogStats: Stats thread started at 0.157941
LogD3D11RHI: Loaded GFSDK_Aftermath_Lib.x64.dll
LogICUInternationalization: ICU TimeZone Detection - Raw Offset: +8:00, Platform Override: ''
LogPluginManager: Mounting plugin Paper2D
LogPluginManager: Mounting plugin AISupport
LogPluginManager: Mounting plugin LightPropagationVolume
LogPluginManager: Mounting plugin ActorLayerUtilities
LogPluginManager: Mounting plugin AnimationSharing
LogPluginManager: Mounting plugin CLionSourceCodeAccess
LogPluginManager: Mounting plugin CodeLiteSourceCodeAccess
LogPluginManager: Mounting plugin GitSourceControl
LogPluginManager: Mounting plugin KDevelopSourceCodeAccess
LogPluginManager: Mounting plugin NullSourceCodeAccess
LogPluginManager: Mounting plugin PerforceSourceControl
LogPluginManager: Mounting plugin SubversionSourceControl
LogPluginManager: Mounting plugin UObjectPlugin
LogPluginManager: Mounting plugin VisualStudioCodeSourceCodeAccess
LogPluginManager: Mounting plugin VisualStudioSourceCodeAccess
LogPluginManager: Mounting plugin XCodeSourceCodeAccess
LogPluginManager: Mounting plugin AssetManagerEditor
LogPluginManager: Mounting plugin CryptoKeys
LogPluginManager: Mounting plugin CurveEditorTools
LogPluginManager: Mounting plugin DataValidation
LogPluginManager: Mounting plugin FacialAnimation
LogPluginManager: Mounting plugin GameplayTagsEditor
LogPluginManager: Mounting plugin MacGraphicsSwitching
LogPluginManager: Mounting plugin MaterialAnalyzer
LogPluginManager: Mounting plugin MobileLauncherProfileWizard
LogPluginManager: Mounting plugin PluginBrowser
LogPluginManager: Mounting plugin SpeedTreeImporter
LogPluginManager: Mounting plugin DatasmithContent
LogPluginManager: Mounting plugin VariantManagerContent
LogPluginManager: Mounting plugin AlembicImporter
LogPluginManager: Mounting plugin AutomationUtils
LogPluginManager: Mounting plugin BackChannel
LogPluginManager: Mounting plugin CharacterAI
LogPluginManager: Mounting plugin GeometryCache
LogPluginManager: Mounting plugin HTML5Networking
LogPluginManager: Mounting plugin PlatformCrypto
LogPluginManager: Mounting plugin ProxyLODPlugin
LogPluginManager: Mounting plugin SkeletalReduction
LogPluginManager: Mounting plugin MagicLeap
LogPluginManager: Mounting plugin MagicLeapMedia
LogPluginManager: Mounting plugin AndroidMedia
LogPluginManager: Mounting plugin AvfMedia
LogPluginManager: Mounting plugin ImgMedia
LogPluginManager: Mounting plugin MediaCompositing
LogPluginManager: Mounting plugin MediaPlayerEditor
LogPluginManager: Mounting plugin WebMMedia
LogPluginManager: Mounting plugin WmfMedia
LogPluginManager: Mounting plugin TcpMessaging
LogPluginManager: Mounting plugin UdpMessaging
LogPluginManager: Mounting plugin ActorSequence
LogPluginManager: Mounting plugin LevelSequenceEditor
LogPluginManager: Mounting plugin MatineeToLevelSequence
LogPluginManager: Mounting plugin NetcodeUnitTest
LogPluginManager: Mounting plugin NUTUnrealEngine4
LogPluginManager: Mounting plugin OnlineSubsystemGooglePlay
LogPluginManager: Mounting plugin OnlineSubsystemIOS
LogPluginManager: Mounting plugin OnlineSubsystem
LogPluginManager: Mounting plugin OnlineSubsystemNull
LogPluginManager: Mounting plugin OnlineSubsystemUtils
LogPluginManager: Mounting plugin LauncherChunkInstaller
LogPluginManager: Mounting plugin AndroidDeviceProfileSelector
LogPluginManager: Mounting plugin AndroidMoviePlayer
LogPluginManager: Mounting plugin AndroidPermission
LogPluginManager: Mounting plugin AppleImageUtils
LogPluginManager: Mounting plugin AppleMoviePlayer
LogPluginManager: Mounting plugin ArchVisCharacter
LogPluginManager: Mounting plugin AudioCapture
LogPluginManager: Mounting plugin CableComponent
LogPluginManager: Mounting plugin CustomMeshComponent
LogPluginManager: Mounting plugin EditableMesh
LogPluginManager: Mounting plugin ExampleDeviceProfileSelector
LogPluginManager: Mounting plugin GoogleCloudMessaging
LogPluginManager: Mounting plugin IOSDeviceProfileSelector
LogPluginManager: Mounting plugin LinuxDeviceProfileSelector
LogPluginManager: Mounting plugin LocationServicesBPLibrary
LogPluginManager: Mounting plugin MobilePatchingUtils
LogPluginManager: Mounting plugin OculusVR
LogPluginManager: Mounting plugin PhysXVehicles
LogPluginManager: Mounting plugin ProceduralMeshComponent
LogPluginManager: Mounting plugin RuntimePhysXCooking
LogPluginManager: Mounting plugin SignificanceManager
LogPluginManager: Mounting plugin SteamVR
LogPluginManager: Mounting plugin WebMMoviePlayer
LogPluginManager: Mounting plugin WindowsMoviePlayer
LogPluginManager: Mounting plugin ScreenshotTools
LogInit: Using libcurl 7.55.1-DEV
LogInit:  - built for x86_64-pc-win32
LogInit:  - supports SSL with OpenSSL/1.1.1
LogInit:  - supports HTTP deflate (compression) using libz 1.2.8
LogInit:  - other features:
LogInit:      CURL_VERSION_SSL
LogInit:      CURL_VERSION_LIBZ
LogInit:      CURL_VERSION_IPV6
LogInit:      CURL_VERSION_ASYNCHDNS
LogInit:      CURL_VERSION_LARGEFILE
LogInit:      CURL_VERSION_IDN
LogInit:  CurlRequestOptions (configurable via config and command line):
LogInit:  - bVerifyPeer = true  - Libcurl will verify peer certificate
LogInit:  - bUseHttpProxy = false  - Libcurl will NOT use HTTP proxy
LogInit:  - bDontReuseConnections = false  - Libcurl will reuse connections
LogInit:  - MaxHostConnections = 16  - Libcurl will limit the number of connections to a host
LogInit:  - LocalHostAddr = Default
LogInit:  - BufferSize = 65536
LogOnline: OSS: Creating online subsystem instance for: NULL
LogInit: WinSock: version 1.1 (2.2), MaxSocks=32767, MaxUdp=65467
LogInit: Build: ++UE4+Release-4.23-CL-7948402
LogInit: Engine Version: 4.23.0-7948402+++UE4+Release-4.23
LogInit: Compatible Engine Version: 4.23.0-7948402+++UE4+Release-4.23
LogInit: Net CL: 7948402
LogInit: OS: Windows 10 (Release 1803) (), CPU: Intel(R) Core(TM) i7-7700HQ CPU @ 2.80GHz, GPU: Intel(R) HD Graphics 630
LogInit: Compiled (64-bit): Aug 12 2019 02:04:59
LogInit: Compiled with Visual C++: 19.16.27030.01
LogInit: Build Configuration: Development
LogInit: Branch Name: ++UE4+Release-4.23
LogInit: Command Line: 
LogInit: Base Directory: F:/UE_4.23/Engine/Binaries/Win64/
LogInit: Installed Engine Build: 1
LogDevObjectVersion: Number of dev versions registered: 23
LogDevObjectVersion:   Dev-Blueprints (B0D832E4-1F89-4F0D-ACCF-7EB736FD4AA2): 10
LogDevObjectVersion:   Dev-Build (E1C64328-A22C-4D53-A36C-8E866417BD8C): 0
LogDevObjectVersion:   Dev-Core (375EC13C-06E4-48FB-B500-84F0262A717E): 3
LogDevObjectVersion:   Dev-Editor (E4B068ED-F494-42E9-A231-DA0B2E46BB41): 34
LogDevObjectVersion:   Dev-Framework (CFFC743F-43B0-4480-9391-14DF171D2073): 35
LogDevObjectVersion:   Dev-Mobile (B02B49B5-BB20-44E9-A304-32B752E40360): 2
LogDevObjectVersion:   Dev-Networking (A4E4105C-59A1-49B5-A7C5-40C4547EDFEE): 0
LogDevObjectVersion:   Dev-Online (39C831C9-5AE6-47DC-9A44-9C173E1C8E7C): 0
LogDevObjectVersion:   Dev-Physics (78F01B33-EBEA-4F98-B9B4-84EACCB95AA2): 0
LogDevObjectVersion:   Dev-Platform (6631380F-2D4D-43E0-8009-CF276956A95A): 0
LogDevObjectVersion:   Dev-Rendering (12F88B9F-8875-4AFC-A67C-D90C383ABD29): 31
LogDevObjectVersion:   Dev-Sequencer (7B5AE74C-D270-4C10-A958-57980B212A5A): 11
LogDevObjectVersion:   Dev-VR (D7296918-1DD6-4BDD-9DE2-64A83CC13884): 2
LogDevObjectVersion:   Dev-LoadTimes (C2A15278-BFE7-4AFE-6C17-90FF531DF755): 1
LogDevObjectVersion:   Private-Geometry (6EACA3D4-40EC-4CC1-B786-8BED09428FC5): 3
LogDevObjectVersion:   Dev-AnimPhys (29E575DD-E0A3-4627-9D10-D276232CDCEA): 17
LogDevObjectVersion:   Dev-Anim (AF43A65D-7FD3-4947-9873-3E8ED9C1BB05): 2
LogDevObjectVersion:   Dev-ReflectionCapture (6B266CEC-1EC7-4B8F-A30B-E4D90942FC07): 1
LogDevObjectVersion:   Dev-Automation (0DF73D61-A23F-47EA-B727-89E90C41499A): 1
LogDevObjectVersion:   FortniteMain (601D1886-AC64-4F84-AA16-D3DE0DEAC7D6): 27
LogDevObjectVersion:   Dev-Enterprise (9DFFBCD6-494F-0158-E221-12823C92A888): 6
LogDevObjectVersion:   Dev-Niagara (F2AED0AC-9AFE-416F-8664-AA7FFA26D6FC): 1
LogDevObjectVersion:   Dev-Destruction (174F1F0B-B4C6-45A5-B13F-2EE8D0FB917D): 9
LogInit: Presizing for max 16777216 objects, including 0 objects not considered by GC, pre-allocating 0 bytes for permanent pool.
LogInit: Object subsystem initialized
LogConfig: Setting CVar [[con.DebugEarlyDefault:1]]
LogConfig: Setting CVar [[r.setres:1280x720]]
[2019.08.19-05.14.01:871][  0]LogConfig: Setting CVar [[r.VSync:0]]
[2019.08.19-05.14.01:871][  0]LogConfig: Setting CVar [[r.RHICmdBypass:0]]
[2019.08.19-05.14.01:871][  0]LogConfig: Applying CVar settings from Section [/Script/Engine.RendererSettings] File [C:/Users/ACER/Desktop/ball/三维弹球/Saved/Config/Windows/Engine.ini]
[2019.08.19-05.14.01:871][  0]LogConfig: Setting CVar [[r.GPUCrashDebugging:0]]
[2019.08.19-05.14.01:871][  0]LogConfig: Setting CVar [[r.DefaultFeature.AutoExposure.ExtendDefaultLuminanceRange:1]]
[2019.08.19-05.14.01:871][  0]LogConfig: Applying CVar settings from Section [/Script/Engine.RendererOverrideSettings] File [C:/Users/ACER/Desktop/ball/三维弹球/Saved/Config/Windows/Engine.ini]
[2019.08.19-05.14.01:871][  0]LogConfig: Applying CVar settings from Section [/Script/Engine.StreamingSettings] File [C:/Users/ACER/Desktop/ball/三维弹球/Saved/Config/Windows/Engine.ini]
[2019.08.19-05.14.01:871][  0]LogConfig: Setting CVar [[s.MinBulkDataSizeForAsyncLoading:131072]]
[2019.08.19-05.14.01:871][  0]LogConfig: Setting CVar [[s.AsyncLoadingThreadEnabled:0]]
[2019.08.19-05.14.01:871][  0]LogConfig: Setting CVar [[s.EventDrivenLoaderEnabled:1]]
[2019.08.19-05.14.01:871][  0]LogConfig: Setting CVar [[s.WarnIfTimeLimitExceeded:0]]
[2019.08.19-05.14.01:871][  0]LogConfig: Setting CVar [[s.TimeLimitExceededMultiplier:1.5]]
[2019.08.19-05.14.01:871][  0]LogConfig: Setting CVar [[s.TimeLimitExceededMinTime:0.005]]
[2019.08.19-05.14.01:871][  0]LogConfig: Setting CVar [[s.UseBackgroundLevelStreaming:1]]
[2019.08.19-05.14.01:871][  0]LogConfig: Setting CVar [[s.PriorityAsyncLoadingExtraTime:15.0]]
[2019.08.19-05.14.01:871][  0]LogConfig: Setting CVar [[s.LevelStreamingActorsUpdateTimeLimit:5.0]]
[2019.08.19-05.14.01:871][  0]LogConfig: Setting CVar [[s.PriorityLevelStreamingActorsUpdateExtraTime:5.0]]
[2019.08.19-05.14.01:871][  0]LogConfig: Setting CVar [[s.LevelStreamingComponentsRegistrationGranularity:10]]
[2019.08.19-05.14.01:871][  0]LogConfig: Setting CVar [[s.UnregisterComponentsTimeLimit:1.0]]
[2019.08.19-05.14.01:871][  0]LogConfig: Setting CVar [[s.LevelStreamingComponentsUnregistrationGranularity:5]]
[2019.08.19-05.14.01:871][  0]LogConfig: Applying CVar settings from Section [/Script/Engine.GarbageCollectionSettings] File [C:/Users/ACER/Desktop/ball/三维弹球/Saved/Config/Windows/Engine.ini]
[2019.08.19-05.14.01:871][  0]LogConfig: Setting CVar [[gc.MaxObjectsNotConsideredByGC:1]]
[2019.08.19-05.14.01:871][  0]LogConfig: Setting CVar [[gc.SizeOfPermanentObjectPool:0]]
[2019.08.19-05.14.01:871][  0]LogConfig: Setting CVar [[gc.FlushStreamingOnGC:0]]
[2019.08.19-05.14.01:871][  0]LogConfig: Setting CVar [[gc.NumRetriesBeforeForcingGC:10]]
[2019.08.19-05.14.01:871][  0]LogConfig: Setting CVar [[gc.AllowParallelGC:1]]
[2019.08.19-05.14.01:871][  0]LogConfig: Setting CVar [[gc.TimeBetweenPurgingPendingKillObjects:61.1]]
[2019.08.19-05.14.01:871][  0]LogConfig: Setting CVar [[gc.MaxObjectsInEditor:16777216]]
[2019.08.19-05.14.01:871][  0]LogConfig: Setting CVar [[gc.IncrementalBeginDestroyEnabled:1]]
[2019.08.19-05.14.01:872][  0]LogConfig: Setting CVar [[gc.CreateGCClusters:1]]
[2019.08.19-05.14.01:872][  0]LogConfig: Setting CVar [[gc.MinGCClusterSize:5]]
[2019.08.19-05.14.01:872][  0]LogConfig: Setting CVar [[gc.ActorClusteringEnabled:0]]
[2019.08.19-05.14.01:872][  0]LogConfig: Setting CVar [[gc.BlueprintClusteringEnabled:0]]
[2019.08.19-05.14.01:872][  0]LogConfig: Setting CVar [[gc.UseDisregardForGCOnDedicatedServers:0]]
[2019.08.19-05.14.01:872][  0]LogConfig: Applying CVar settings from Section [/Script/Engine.NetworkSettings] File [C:/Users/ACER/Desktop/ball/三维弹球/Saved/Config/Windows/Engine.ini]
[2019.08.19-05.14.01:872][  0]LogConfig: Applying CVar settings from Section [/Script/UnrealEd.CookerSettings] File [C:/Users/ACER/Desktop/ball/三维弹球/Saved/Config/Windows/Engine.ini]
[2019.08.19-05.14.01:877][  0]LogConfig: Applying CVar settings from Section [ViewDistanceQuality@3] File [C:/Users/ACER/Desktop/ball/三维弹球/Saved/Config/Windows/Scalability.ini]
[2019.08.19-05.14.01:878][  0]LogConfig: Setting CVar [[r.SkeletalMeshLODBias:0]]
[2019.08.19-05.14.01:878][  0]LogConfig: Setting CVar [[r.ViewDistanceScale:1.0]]
[2019.08.19-05.14.01:878][  0]LogConfig: Applying CVar settings from Section [AntiAliasingQuality@3] File [C:/Users/ACER/Desktop/ball/三维弹球/Saved/Config/Windows/Scalability.ini]
[2019.08.19-05.14.01:878][  0]LogConfig: Setting CVar [[r.PostProcessAAQuality:4]]
[2019.08.19-05.14.01:878][  0]LogConfig: Applying CVar settings from Section [ShadowQuality@3] File [C:/Users/ACER/Desktop/ball/三维弹球/Saved/Config/Windows/Scalability.ini]
[2019.08.19-05.14.01:878][  0]LogConfig: Setting CVar [[r.LightFunctionQuality:1]]
[2019.08.19-05.14.01:878][  0]LogConfig: Setting CVar [[r.ShadowQuality:5]]
[2019.08.19-05.14.01:878][  0]LogConfig: Setting CVar [[r.Shadow.CSM.MaxCascades:10]]
[2019.08.19-05.14.01:878][  0]LogConfig: Setting CVar [[r.Shadow.MaxResolution:2048]]
[2019.08.19-05.14.01:878][  0]LogConfig: Setting CVar [[r.Shadow.MaxCSMResolution:2048]]
[2019.08.19-05.14.01:878][  0]LogConfig: Setting CVar [[r.Shadow.RadiusThreshold:0.01]]
[2019.08.19-05.14.01:878][  0]LogConfig: Setting CVar [[r.Shadow.DistanceScale:1.0]]
[2019.08.19-05.14.01:878][  0]LogConfig: Setting CVar [[r.Shadow.CSM.TransitionScale:1.0]]
[2019.08.19-05.14.01:878][  0]LogConfig: Setting CVar [[r.Shadow.PreShadowResolutionFactor:1.0]]
[2019.08.19-05.14.01:878][  0]LogConfig: Setting CVar [[r.DistanceFieldShadowing:1]]
[2019.08.19-05.14.01:878][  0]LogConfig: Setting CVar [[r.DistanceFieldAO:1]]
[2019.08.19-05.14.01:878][  0]LogConfig: Setting CVar [[r.AOQuality:2]]
[2019.08.19-05.14.01:878][  0]LogConfig: Setting CVar [[r.VolumetricFog:1]]
[2019.08.19-05.14.01:878][  0]LogConfig: Setting CVar [[r.VolumetricFog.GridPixelSize:8]]
[2019.08.19-05.14.01:878][  0]LogConfig: Setting CVar [[r.VolumetricFog.GridSizeZ:128]]
[2019.08.19-05.14.01:878][  0]LogConfig: Setting CVar [[r.VolumetricFog.HistoryMissSupersampleCount:4]]
[2019.08.19-05.14.01:878][  0]LogConfig: Setting CVar [[r.LightMaxDrawDistanceScale:1]]
[2019.08.19-05.14.01:878][  0]LogConfig: Setting CVar [[r.CapsuleShadows:1]]
[2019.08.19-05.14.01:878][  0]LogConfig: Applying CVar settings from Section [PostProcessQuality@3] File [C:/Users/ACER/Desktop/ball/三维弹球/Saved/Config/Windows/Scalability.ini]
[2019.08.19-05.14.01:878][  0]LogConfig: Setting CVar [[r.MotionBlurQuality:4]]
[2019.08.19-05.14.01:878][  0]LogConfig: Setting CVar [[r.AmbientOcclusionMipLevelFactor:0.4]]
[2019.08.19-05.14.01:878][  0]LogConfig: Setting CVar [[r.AmbientOcclusionMaxQuality:100]]
[2019.08.19-05.14.01:878][  0]LogConfig: Setting CVar [[r.AmbientOcclusionLevels:-1]]
[2019.08.19-05.14.01:878][  0]LogConfig: Setting CVar [[r.AmbientOcclusionRadiusScale:1.0]]
[2019.08.19-05.14.01:878][  0]LogConfig: Setting CVar [[r.DepthOfFieldQuality:2]]
[2019.08.19-05.14.01:878][  0]LogConfig: Setting CVar [[r.RenderTargetPoolMin:400]]
[2019.08.19-05.14.01:878][  0]LogConfig: Setting CVar [[r.LensFlareQuality:2]]
[2019.08.19-05.14.01:878][  0]LogConfig: Setting CVar [[r.SceneColorFringeQuality:1]]
[2019.08.19-05.14.01:878][  0]LogConfig: Setting CVar [[r.EyeAdaptationQuality:2]]
[2019.08.19-05.14.01:879][  0]LogConfig: Setting CVar [[r.BloomQuality:5]]
[2019.08.19-05.14.01:879][  0]LogConfig: Setting CVar [[r.FastBlurThreshold:100]]
[2019.08.19-05.14.01:879][  0]LogConfig: Setting CVar [[r.Upscale.Quality:3]]
[2019.08.19-05.14.01:879][  0]LogConfig: Setting CVar [[r.Tonemapper.GrainQuantization:1]]
[2019.08.19-05.14.01:879][  0]LogConfig: Setting CVar [[r.LightShaftQuality:1]]
[2019.08.19-05.14.01:879][  0]LogConfig: Setting CVar [[r.Filter.SizeScale:1]]
[2019.08.19-05.14.01:879][  0]LogConfig: Setting CVar [[r.Tonemapper.Quality:5]]
[2019.08.19-05.14.01:879][  0]LogConfig: Setting CVar [[r.DOF.Gather.AccumulatorQuality:1        ; higher gathering accumulator quality]]
[2019.08.19-05.14.01:879][  0]LogConfig: Setting CVar [[r.DOF.Gather.PostfilterMethod:1          ; Median3x3 postfilering method]]
[2019.08.19-05.14.01:879][  0]LogConfig: Setting CVar [[r.DOF.Gather.EnableBokehSettings:0       ; no bokeh simulation when gathering]]
[2019.08.19-05.14.01:879][  0]LogConfig: Setting CVar [[r.DOF.Gather.RingCount:4                 ; medium number of samples when gathering]]
[2019.08.19-05.14.01:879][  0]LogConfig: Setting CVar [[r.DOF.Scatter.ForegroundCompositing:1    ; additive foreground scattering]]
[2019.08.19-05.14.01:879][  0]LogConfig: Setting CVar [[r.DOF.Scatter.BackgroundCompositing:2    ; additive background scattering]]
[2019.08.19-05.14.01:879][  0]LogConfig: Setting CVar [[r.DOF.Scatter.EnableBokehSettings:1      ; bokeh simulation when scattering]]
[2019.08.19-05.14.01:879][  0]LogConfig: Setting CVar [[r.DOF.Scatter.MaxSpriteRatio:0.1         ; only a maximum of 10% of scattered bokeh]]
[2019.08.19-05.14.01:879][  0]LogConfig: Setting CVar [[r.DOF.Recombine.Quality:1                ; cheap slight out of focus]]
[2019.08.19-05.14.01:879][  0]LogConfig: Setting CVar [[r.DOF.Recombine.EnableBokehSettings:0    ; no bokeh simulation on slight out of focus]]
[2019.08.19-05.14.01:879][  0]LogConfig: Setting CVar [[r.DOF.TemporalAAQuality:1                ; more stable temporal accumulation]]
[2019.08.19-05.14.01:879][  0]LogConfig: Setting CVar [[r.DOF.Kernel.MaxForegroundRadius:0.025]]
[2019.08.19-05.14.01:879][  0]LogConfig: Setting CVar [[r.DOF.Kernel.MaxBackgroundRadius:0.025]]
[2019.08.19-05.14.01:879][  0]LogConfig: Applying CVar settings from Section [TextureQuality@3] File [C:/Users/ACER/Desktop/ball/三维弹球/Saved/Config/Windows/Scalability.ini]
[2019.08.19-05.14.01:879][  0]LogConfig: Setting CVar [[r.Streaming.MipBias:0]]
[2019.08.19-05.14.01:879][  0]LogConfig: Setting CVar [[r.Streaming.AmortizeCPUToGPUCopy:0]]
[2019.08.19-05.14.01:879][  0]LogConfig: Setting CVar [[r.Streaming.MaxNumTexturesToStreamPerFrame:0]]
[2019.08.19-05.14.01:880][  0]LogConfig: Setting CVar [[r.Streaming.Boost:1]]
[2019.08.19-05.14.01:880][  0]LogConfig: Setting CVar [[r.MaxAnisotropy:8]]
[2019.08.19-05.14.01:880][  0]LogConfig: Setting CVar [[r.Streaming.LimitPoolSizeToVRAM:0]]
[2019.08.19-05.14.01:880][  0]LogConfig: Setting CVar [[r.Streaming.PoolSize:1000]]
[2019.08.19-05.14.01:880][  0]LogConfig: Setting CVar [[r.Streaming.MaxEffectiveScreenSize:0]]
[2019.08.19-05.14.01:880][  0]LogConfig: Applying CVar settings from Section [EffectsQuality@3] File [C:/Users/ACER/Desktop/ball/三维弹球/Saved/Config/Windows/Scalability.ini]
[2019.08.19-05.14.01:880][  0]LogConfig: Setting CVar [[r.TranslucencyLightingVolumeDim:64]]
[2019.08.19-05.14.01:880][  0]LogConfig: Setting CVar [[r.RefractionQuality:2]]
[2019.08.19-05.14.01:880][  0]LogConfig: Setting CVar [[r.SSR.Quality:3]]
[2019.08.19-05.14.01:880][  0]LogConfig: Setting CVar [[r.SceneColorFormat:4]]
[2019.08.19-05.14.01:880][  0]LogConfig: Setting CVar [[r.DetailMode:2]]
[2019.08.19-05.14.01:880][  0]LogConfig: Setting CVar [[r.TranslucencyVolumeBlur:1]]
[2019.08.19-05.14.01:880][  0]LogConfig: Setting CVar [[r.MaterialQualityLevel:1 ; High quality]]
[2019.08.19-05.14.01:880][  0]LogConfig: Setting CVar [[r.SSS.Scale:1]]
[2019.08.19-05.14.01:880][  0]LogConfig: Setting CVar [[r.SSS.SampleSet:2]]
[2019.08.19-05.14.01:880][  0]LogConfig: Setting CVar [[r.SSS.Quality:1]]
[2019.08.19-05.14.01:880][  0]LogConfig: Setting CVar [[r.SSS.HalfRes:1]]
[2019.08.19-05.14.01:880][  0]LogConfig: Setting CVar [[r.EmitterSpawnRateScale:1.0]]
[2019.08.19-05.14.01:880][  0]LogConfig: Setting CVar [[r.ParticleLightQuality:2]]
[2019.08.19-05.14.01:880][  0]LogConfig: Applying CVar settings from Section [FoliageQuality@3] File [C:/Users/ACER/Desktop/ball/三维弹球/Saved/Config/Windows/Scalability.ini]
[2019.08.19-05.14.01:880][  0]LogConfig: Setting CVar [[foliage.DensityScale:1.0]]
[2019.08.19-05.14.01:880][  0]LogConfig: Setting CVar [[grass.DensityScale:1.0]]
[2019.08.19-05.14.01:880][  0]LogInit: Selected Device Profile: [Windows]
[2019.08.19-05.14.01:880][  0]LogInit: Applying CVar settings loaded from the selected device profile: [Windows]
[2019.08.19-05.14.01:888][  0]LogHAL: Display: Platform has ~ 16 GB [17057816576 / 17179869184 / 16], which maps to Larger [LargestMinGB=32, LargerMinGB=12, DefaultMinGB=8, SmallerMinGB=6, SmallestMinGB=0)
[2019.08.19-05.14.01:888][  0]LogInit: Going up to parent DeviceProfile []
[2019.08.19-05.14.01:888][  0]LogConfig: Applying CVar settings from Section [ViewDistanceQuality@3] File [C:/Users/ACER/Desktop/ball/三维弹球/Saved/Config/Windows/Scalability.ini]
[2019.08.19-05.14.01:888][  0]LogConfig: Setting CVar [[r.SkeletalMeshLODBias:0]]
[2019.08.19-05.14.01:888][  0]LogConfig: Setting CVar [[r.ViewDistanceScale:1.0]]
[2019.08.19-05.14.01:888][  0]LogConfig: Applying CVar settings from Section [AntiAliasingQuality@3] File [C:/Users/ACER/Desktop/ball/三维弹球/Saved/Config/Windows/Scalability.ini]
[2019.08.19-05.14.01:888][  0]LogConfig: Setting CVar [[r.PostProcessAAQuality:4]]
[2019.08.19-05.14.01:888][  0]LogConfig: Applying CVar settings from Section [ShadowQuality@3] File [C:/Users/ACER/Desktop/ball/三维弹球/Saved/Config/Windows/Scalability.ini]
[2019.08.19-05.14.01:888][  0]LogConfig: Setting CVar [[r.LightFunctionQuality:1]]
[2019.08.19-05.14.01:888][  0]LogConfig: Setting CVar [[r.ShadowQuality:5]]
[2019.08.19-05.14.01:888][  0]LogConfig: Setting CVar [[r.Shadow.CSM.MaxCascades:10]]
[2019.08.19-05.14.01:888][  0]LogConfig: Setting CVar [[r.Shadow.MaxResolution:2048]]
[2019.08.19-05.14.01:888][  0]LogConfig: Setting CVar [[r.Shadow.MaxCSMResolution:2048]]
[2019.08.19-05.14.01:888][  0]LogConfig: Setting CVar [[r.Shadow.RadiusThreshold:0.01]]
[2019.08.19-05.14.01:888][  0]LogConfig: Setting CVar [[r.Shadow.DistanceScale:1.0]]
[2019.08.19-05.14.01:888][  0]LogConfig: Setting CVar [[r.Shadow.CSM.TransitionScale:1.0]]
[2019.08.19-05.14.01:888][  0]LogConfig: Setting CVar [[r.Shadow.PreShadowResolutionFactor:1.0]]
[2019.08.19-05.14.01:888][  0]LogConfig: Setting CVar [[r.DistanceFieldShadowing:1]]
[2019.08.19-05.14.01:888][  0]LogConfig: Setting CVar [[r.DistanceFieldAO:1]]
[2019.08.19-05.14.01:888][  0]LogConfig: Setting CVar [[r.AOQuality:2]]
[2019.08.19-05.14.01:888][  0]LogConfig: Setting CVar [[r.VolumetricFog:1]]
[2019.08.19-05.14.01:888][  0]LogConfig: Setting CVar [[r.VolumetricFog.GridPixelSize:8]]
[2019.08.19-05.14.01:888][  0]LogConfig: Setting CVar [[r.VolumetricFog.GridSizeZ:128]]
[2019.08.19-05.14.01:888][  0]LogConfig: Setting CVar [[r.VolumetricFog.HistoryMissSupersampleCount:4]]
[2019.08.19-05.14.01:888][  0]LogConfig: Setting CVar [[r.LightMaxDrawDistanceScale:1]]
[2019.08.19-05.14.01:888][  0]LogConfig: Setting CVar [[r.CapsuleShadows:1]]
[2019.08.19-05.14.01:888][  0]LogConfig: Applying CVar settings from Section [PostProcessQuality@3] File [C:/Users/ACER/Desktop/ball/三维弹球/Saved/Config/Windows/Scalability.ini]
[2019.08.19-05.14.01:888][  0]LogConfig: Setting CVar [[r.MotionBlurQuality:4]]
[2019.08.19-05.14.01:888][  0]LogConfig: Setting CVar [[r.AmbientOcclusionMipLevelFactor:0.4]]
[2019.08.19-05.14.01:888][  0]LogConfig: Setting CVar [[r.AmbientOcclusionMaxQuality:100]]
[2019.08.19-05.14.01:888][  0]LogConfig: Setting CVar [[r.AmbientOcclusionLevels:-1]]
[2019.08.19-05.14.01:888][  0]LogConfig: Setting CVar [[r.AmbientOcclusionRadiusScale:1.0]]
[2019.08.19-05.14.01:888][  0]LogConfig: Setting CVar [[r.DepthOfFieldQuality:2]]
[2019.08.19-05.14.01:888][  0]LogConfig: Setting CVar [[r.RenderTargetPoolMin:400]]
[2019.08.19-05.14.01:888][  0]LogConfig: Setting CVar [[r.LensFlareQuality:2]]
[2019.08.19-05.14.01:888][  0]LogConfig: Setting CVar [[r.SceneColorFringeQuality:1]]
[2019.08.19-05.14.01:888][  0]LogConfig: Setting CVar [[r.EyeAdaptationQuality:2]]
[2019.08.19-05.14.01:888][  0]LogConfig: Setting CVar [[r.BloomQuality:5]]
[2019.08.19-05.14.01:888][  0]LogConfig: Setting CVar [[r.FastBlurThreshold:100]]
[2019.08.19-05.14.01:888][  0]LogConfig: Setting CVar [[r.Upscale.Quality:3]]
[2019.08.19-05.14.01:888][  0]LogConfig: Setting CVar [[r.Tonemapper.GrainQuantization:1]]
[2019.08.19-05.14.01:888][  0]LogConfig: Setting CVar [[r.LightShaftQuality:1]]
[2019.08.19-05.14.01:888][  0]LogConfig: Setting CVar [[r.Filter.SizeScale:1]]
[2019.08.19-05.14.01:888][  0]LogConfig: Setting CVar [[r.Tonemapper.Quality:5]]
[2019.08.19-05.14.01:889][  0]LogConfig: Setting CVar [[r.DOF.Gather.AccumulatorQuality:1        ; higher gathering accumulator quality]]
[2019.08.19-05.14.01:889][  0]LogConfig: Setting CVar [[r.DOF.Gather.PostfilterMethod:1          ; Median3x3 postfilering method]]
[2019.08.19-05.14.01:889][  0]LogConfig: Setting CVar [[r.DOF.Gather.EnableBokehSettings:0       ; no bokeh simulation when gathering]]
[2019.08.19-05.14.01:889][  0]LogConfig: Setting CVar [[r.DOF.Gather.RingCount:4                 ; medium number of samples when gathering]]
[2019.08.19-05.14.01:889][  0]LogConfig: Setting CVar [[r.DOF.Scatter.ForegroundCompositing:1    ; additive foreground scattering]]
[2019.08.19-05.14.01:889][  0]LogConfig: Setting CVar [[r.DOF.Scatter.BackgroundCompositing:2    ; additive background scattering]]
[2019.08.19-05.14.01:889][  0]LogConfig: Setting CVar [[r.DOF.Scatter.EnableBokehSettings:1      ; bokeh simulation when scattering]]
[2019.08.19-05.14.01:889][  0]LogConfig: Setting CVar [[r.DOF.Scatter.MaxSpriteRatio:0.1         ; only a maximum of 10% of scattered bokeh]]
[2019.08.19-05.14.01:889][  0]LogConfig: Setting CVar [[r.DOF.Recombine.Quality:1                ; cheap slight out of focus]]
[2019.08.19-05.14.01:889][  0]LogConfig: Setting CVar [[r.DOF.Recombine.EnableBokehSettings:0    ; no bokeh simulation on slight out of focus]]
[2019.08.19-05.14.01:889][  0]LogConfig: Setting CVar [[r.DOF.TemporalAAQuality:1                ; more stable temporal accumulation]]
[2019.08.19-05.14.01:889][  0]LogConfig: Setting CVar [[r.DOF.Kernel.MaxForegroundRadius:0.025]]
[2019.08.19-05.14.01:889][  0]LogConfig: Setting CVar [[r.DOF.Kernel.MaxBackgroundRadius:0.025]]
[2019.08.19-05.14.01:889][  0]LogConfig: Applying CVar settings from Section [TextureQuality@3] File [C:/Users/ACER/Desktop/ball/三维弹球/Saved/Config/Windows/Scalability.ini]
[2019.08.19-05.14.01:889][  0]LogConfig: Setting CVar [[r.Streaming.MipBias:0]]
[2019.08.19-05.14.01:889][  0]LogConfig: Setting CVar [[r.Streaming.AmortizeCPUToGPUCopy:0]]
[2019.08.19-05.14.01:889][  0]LogConfig: Setting CVar [[r.Streaming.MaxNumTexturesToStreamPerFrame:0]]
[2019.08.19-05.14.01:889][  0]LogConfig: Setting CVar [[r.Streaming.Boost:1]]
[2019.08.19-05.14.01:889][  0]LogConfig: Setting CVar [[r.MaxAnisotropy:8]]
[2019.08.19-05.14.01:889][  0]LogConfig: Setting CVar [[r.Streaming.LimitPoolSizeToVRAM:0]]
[2019.08.19-05.14.01:889][  0]LogConfig: Setting CVar [[r.Streaming.PoolSize:1000]]
[2019.08.19-05.14.01:889][  0]LogConfig: Setting CVar [[r.Streaming.MaxEffectiveScreenSize:0]]
[2019.08.19-05.14.01:889][  0]LogConfig: Applying CVar settings from Section [EffectsQuality@3] File [C:/Users/ACER/Desktop/ball/三维弹球/Saved/Config/Windows/Scalability.ini]
[2019.08.19-05.14.01:889][  0]LogConfig: Setting CVar [[r.TranslucencyLightingVolumeDim:64]]
[2019.08.19-05.14.01:889][  0]LogConfig: Setting CVar [[r.RefractionQuality:2]]
[2019.08.19-05.14.01:889][  0]LogConfig: Setting CVar [[r.SSR.Quality:3]]
[2019.08.19-05.14.01:889][  0]LogConfig: Setting CVar [[r.SceneColorFormat:4]]
[2019.08.19-05.14.01:889][  0]LogConfig: Setting CVar [[r.DetailMode:2]]
[2019.08.19-05.14.01:889][  0]LogConfig: Setting CVar [[r.TranslucencyVolumeBlur:1]]
[2019.08.19-05.14.01:889][  0]LogConfig: Setting CVar [[r.MaterialQualityLevel:1 ; High quality]]
[2019.08.19-05.14.01:889][  0]LogConfig: Setting CVar [[r.SSS.Scale:1]]
[2019.08.19-05.14.01:889][  0]LogConfig: Setting CVar [[r.SSS.SampleSet:2]]
[2019.08.19-05.14.01:889][  0]LogConfig: Setting CVar [[r.SSS.Quality:1]]
[2019.08.19-05.14.01:889][  0]LogConfig: Setting CVar [[r.SSS.HalfRes:1]]
[2019.08.19-05.14.01:889][  0]LogConfig: Setting CVar [[r.EmitterSpawnRateScale:1.0]]
[2019.08.19-05.14.01:889][  0]LogConfig: Setting CVar [[r.ParticleLightQuality:2]]
[2019.08.19-05.14.01:889][  0]LogConfig: Applying CVar settings from Section [FoliageQuality@3] File [C:/Users/ACER/Desktop/ball/三维弹球/Saved/Config/Windows/Scalability.ini]
[2019.08.19-05.14.01:889][  0]LogConfig: Setting CVar [[foliage.DensityScale:1.0]]
[2019.08.19-05.14.01:889][  0]LogConfig: Setting CVar [[grass.DensityScale:1.0]]
[2019.08.19-05.14.01:889][  0]LogConfig: Applying CVar settings from Section [Startup] File [../../../Engine/Config/ConsoleVariables.ini]
[2019.08.19-05.14.01:889][  0]LogConfig: Setting CVar [[net.UseAdaptiveNetUpdateFrequency:0]]
[2019.08.19-05.14.01:889][  0]LogConfig: Setting CVar [[p.chaos.AllowCreatePhysxBodies:1]]
[2019.08.19-05.14.01:889][  0]LogConfig: Applying CVar settings from Section [ConsoleVariables] File [C:/Users/ACER/Desktop/ball/三维弹球/Saved/Config/Windows/Engine.ini]
[2019.08.19-05.14.01:890][  0]LogInit: Computer: PREOATOR
[2019.08.19-05.14.01:890][  0]LogInit: User: ACER
[2019.08.19-05.14.01:890][  0]LogInit: CPU Page size=4096, Cores=4
[2019.08.19-05.14.01:890][  0]LogInit: High frequency timer resolution =2.742184 MHz
[2019.08.19-05.14.01:890][  0]LogMemory: Memory total: Physical=15.9GB (16GB approx)
[2019.08.19-05.14.01:890][  0]LogMemory: Platform Memory Stats for Windows
[2019.08.19-05.14.01:890][  0]LogMemory: Process Physical Memory: 101.35 MB used, 101.35 MB peak
[2019.08.19-05.14.01:890][  0]LogMemory: Process Virtual Memory: 125.22 MB used, 125.22 MB peak
[2019.08.19-05.14.01:890][  0]LogMemory: Physical Memory: 5412.41 MB used,  10855.19 MB free, 16267.60 MB total
[2019.08.19-05.14.01:890][  0]LogMemory: Virtual Memory: 4713.00 MB used,  134213016.00 MB free, 134217728.00 MB total
[2019.08.19-05.14.01:896][  0]LogWindows: WindowsPlatformFeatures enabled
[2019.08.19-05.14.01:978][  0]LogInit: Overriding language with editor language configuration option (zh-CN).
[2019.08.19-05.14.01:978][  0]LogInit: Overriding locale with editor locale configuration option (zh-CN).
[2019.08.19-05.14.01:979][  0]LogTextLocalizationResource: LocRes '../../../Engine/Content/Localization/Editor/zh-Hans-CN/Editor.locres' could not be opened for reading!
[2019.08.19-05.14.01:979][  0]LogTextLocalizationResource: LocRes '../../../Engine/Content/Localization/EditorTutorials/zh-Hans-CN/EditorTutorials.locres' could not be opened for reading!
[2019.08.19-05.14.01:979][  0]LogTextLocalizationResource: LocRes '../../../Engine/Content/Localization/Keywords/zh-Hans-CN/Keywords.locres' could not be opened for reading!
[2019.08.19-05.14.01:979][  0]LogTextLocalizationResource: LocRes '../../../Engine/Content/Localization/Category/zh-Hans-CN/Category.locres' could not be opened for reading!
[2019.08.19-05.14.01:980][  0]LogTextLocalizationResource: LocRes '../../../Engine/Content/Localization/ToolTips/zh-Hans-CN/ToolTips.locres' could not be opened for reading!
[2019.08.19-05.14.01:980][  0]LogTextLocalizationResource: LocRes '../../../Engine/Content/Localization/PropertyNames/zh-Hans-CN/PropertyNames.locres' could not be opened for reading!
[2019.08.19-05.14.01:980][  0]LogTextLocalizationResource: LocRes '../../../Engine/Content/Localization/Engine/zh-Hans-CN/Engine.locres' could not be opened for reading!
[2019.08.19-05.14.01:980][  0]LogTextLocalizationResource: LocRes '../../../Engine/Plugins/Online/Android/OnlineSubsystemGooglePlay/Content/Localization/OnlineSubsystemGooglePlay/zh-Hans-CN/OnlineSubsystemGooglePlay.locres' could not be opened for reading!
[2019.08.19-05.14.01:980][  0]LogTextLocalizationResource: LocRes '../../../Engine/Plugins/Online/IOS/OnlineSubsystemIOS/Content/Localization/OnlineSubsystemIOS/zh-Hans-CN/OnlineSubsystemIOS.locres' could not be opened for reading!
[2019.08.19-05.14.01:980][  0]LogTextLocalizationResource: LocRes '../../../Engine/Plugins/Online/OnlineSubsystem/Content/Localization/OnlineSubsystem/zh-Hans-CN/OnlineSubsystem.locres' could not be opened for reading!
[2019.08.19-05.14.01:980][  0]LogTextLocalizationResource: LocRes '../../../Engine/Plugins/Online/OnlineSubsystemUtils/Content/Localization/OnlineSubsystemUtils/zh-Hans-CN/OnlineSubsystemUtils.locres' could not be opened for reading!
[2019.08.19-05.14.02:044][  0]LogTextLocalizationResource: LocRes '../../../Engine/Plugins/Online/Android/OnlineSubsystemGooglePlay/Content/Localization/OnlineSubsystemGooglePlay/zh-CN/OnlineSubsystemGooglePlay.locres' could not be opened for reading!
[2019.08.19-05.14.02:044][  0]LogTextLocalizationResource: LocRes '../../../Engine/Plugins/Online/IOS/OnlineSubsystemIOS/Content/Localization/OnlineSubsystemIOS/zh-CN/OnlineSubsystemIOS.locres' could not be opened for reading!
[2019.08.19-05.14.02:045][  0]LogTextLocalizationResource: LocRes '../../../Engine/Plugins/Online/OnlineSubsystem/Content/Localization/OnlineSubsystem/zh-CN/OnlineSubsystem.locres' could not be opened for reading!
[2019.08.19-05.14.02:045][  0]LogTextLocalizationResource: LocRes '../../../Engine/Plugins/Online/OnlineSubsystemUtils/Content/Localization/OnlineSubsystemUtils/zh-CN/OnlineSubsystemUtils.locres' could not be opened for reading!
[2019.08.19-05.14.02:045][  0]LogTextLocalizationResource: LocRes '../../../Engine/Content/Localization/Editor/zh-Hans/Editor.locres' could not be opened for reading!
[2019.08.19-05.14.02:045][  0]LogTextLocalizationResource: LocRes '../../../Engine/Content/Localization/EditorTutorials/zh-Hans/EditorTutorials.locres' could not be opened for reading!
[2019.08.19-05.14.02:045][  0]LogTextLocalizationResource: LocRes '../../../Engine/Content/Localization/Keywords/zh-Hans/Keywords.locres' could not be opened for reading!
[2019.08.19-05.14.02:045][  0]LogTextLocalizationResource: LocRes '../../../Engine/Content/Localization/Category/zh-Hans/Category.locres' could not be opened for reading!
[2019.08.19-05.14.02:046][  0]LogTextLocalizationResource: LocRes '../../../Engine/Content/Localization/ToolTips/zh-Hans/ToolTips.locres' could not be opened for reading!
[2019.08.19-05.14.02:046][  0]LogTextLocalizationResource: LocRes '../../../Engine/Content/Localization/PropertyNames/zh-Hans/PropertyNames.locres' could not be opened for reading!
[2019.08.19-05.14.02:046][  0]LogTextLocalizationResource: LocRes '../../../Engine/Content/Localization/Engine/zh-Hans/Engine.locres' could not be opened for reading!
[2019.08.19-05.14.02:048][  0]LogTextLocalizationResource: LocRes '../../../Engine/Content/Localization/Editor/zh/Editor.locres' could not be opened for reading!
[2019.08.19-05.14.02:048][  0]LogTextLocalizationResource: LocRes '../../../Engine/Content/Localization/EditorTutorials/zh/EditorTutorials.locres' could not be opened for reading!
[2019.08.19-05.14.02:048][  0]LogTextLocalizationResource: LocRes '../../../Engine/Content/Localization/Keywords/zh/Keywords.locres' could not be opened for reading!
[2019.08.19-05.14.02:048][  0]LogTextLocalizationResource: LocRes '../../../Engine/Content/Localization/Category/zh/Category.locres' could not be opened for reading!
[2019.08.19-05.14.02:049][  0]LogTextLocalizationResource: LocRes '../../../Engine/Content/Localization/ToolTips/zh/ToolTips.locres' could not be opened for reading!
[2019.08.19-05.14.02:049][  0]LogTextLocalizationResource: LocRes '../../../Engine/Content/Localization/PropertyNames/zh/PropertyNames.locres' could not be opened for reading!
[2019.08.19-05.14.02:049][  0]LogTextLocalizationResource: LocRes '../../../Engine/Content/Localization/Engine/zh/Engine.locres' could not be opened for reading!
[2019.08.19-05.14.02:049][  0]LogTextLocalizationResource: LocRes '../../../Engine/Plugins/Online/Android/OnlineSubsystemGooglePlay/Content/Localization/OnlineSubsystemGooglePlay/zh/OnlineSubsystemGooglePlay.locres' could not be opened for reading!
[2019.08.19-05.14.02:050][  0]LogTextLocalizationResource: LocRes '../../../Engine/Plugins/Online/IOS/OnlineSubsystemIOS/Content/Localization/OnlineSubsystemIOS/zh/OnlineSubsystemIOS.locres' could not be opened for reading!
[2019.08.19-05.14.02:050][  0]LogTextLocalizationResource: LocRes '../../../Engine/Plugins/Online/OnlineSubsystem/Content/Localization/OnlineSubsystem/zh/OnlineSubsystem.locres' could not be opened for reading!
[2019.08.19-05.14.02:050][  0]LogTextLocalizationResource: LocRes '../../../Engine/Plugins/Online/OnlineSubsystemUtils/Content/Localization/OnlineSubsystemUtils/zh/OnlineSubsystemUtils.locres' could not be opened for reading!
[2019.08.19-05.14.02:090][  0]LogInit: Setting process to per monitor DPI aware
[2019.08.19-05.14.02:154][  0]LogSlate: New Slate User Created.  User Index 0, Is Virtual User: 0
[2019.08.19-05.14.02:155][  0]LogSlate: Slate User Registered.  User Index 0, Is Virtual User: 0
[2019.08.19-05.14.02:435][  0]LogHMD: Failed to initialize OpenVR with code 110
[2019.08.19-05.14.02:435][  0]LogD3D11RHI: D3D11 adapters:
[2019.08.19-05.14.02:579][  0]LogD3D11RHI:    0. 'NVIDIA GeForce GTX 1060' (Feature Level 11_0)
[2019.08.19-05.14.02:579][  0]LogD3D11RHI:       6052/0/8133 MB DedicatedVideo/DedicatedSystem/SharedSystem, Outputs:1, VendorId:0x10de
[2019.08.19-05.14.02:606][  0]LogD3D11RHI:    1. 'Intel(R) HD Graphics 630' (Feature Level 11_0)
[2019.08.19-05.14.02:606][  0]LogD3D11RHI:       128/0/8133 MB DedicatedVideo/DedicatedSystem/SharedSystem, Outputs:0, VendorId:0x8086
[2019.08.19-05.14.02:610][  0]LogD3D11RHI:    2. 'Microsoft Basic Render Driver' (Feature Level 11_0)
[2019.08.19-05.14.02:610][  0]LogD3D11RHI:       0/0/8133 MB DedicatedVideo/DedicatedSystem/SharedSystem, Outputs:0, VendorId:0x1414
[2019.08.19-05.14.02:615][  0]LogD3D11RHI:    3. 'Microsoft Basic Render Driver' (Feature Level 11_0)
[2019.08.19-05.14.02:615][  0]LogD3D11RHI:       0/0/8133 MB DedicatedVideo/DedicatedSystem/SharedSystem, Outputs:0, VendorId:0x1414
[2019.08.19-05.14.02:615][  0]LogD3D11RHI: Chosen D3D11 Adapter: 0
[2019.08.19-05.14.02:663][  0]LogD3D11RHI: Creating new Direct3DDevice
[2019.08.19-05.14.02:663][  0]LogD3D11RHI:     GPU DeviceId: 0x1c20 (for the marketing name, search the web for "GPU Device Id")
[2019.08.19-05.14.02:663][  0]LogWindows: EnumDisplayDevices:
[2019.08.19-05.14.02:663][  0]LogWindows:    0. 'Intel(R) HD Graphics 630' (P:1 D:1)
[2019.08.19-05.14.02:665][  0]LogWindows:    1. 'Intel(R) HD Graphics 630' (P:0 D:0)
[2019.08.19-05.14.02:666][  0]LogWindows:    2. 'Intel(R) HD Graphics 630' (P:0 D:0)
[2019.08.19-05.14.02:667][  0]LogWindows:    3. 'NVIDIA GeForce GTX 1060' (P:0 D:0)
[2019.08.19-05.14.02:668][  0]LogWindows:    4. 'NVIDIA GeForce GTX 1060' (P:0 D:0)
[2019.08.19-05.14.02:669][  0]LogWindows:    5. 'NVIDIA GeForce GTX 1060' (P:0 D:0)
[2019.08.19-05.14.02:670][  0]LogWindows:    6. 'NVIDIA GeForce GTX 1060' (P:0 D:0)
[2019.08.19-05.14.02:672][  0]LogWindows:    7. 'LuminonCore IDDCX Adapter' (P:0 D:0)
[2019.08.19-05.14.02:672][  0]LogWindows:    8. 'LuminonCore IDDCX Adapter' (P:0 D:0)
[2019.08.19-05.14.02:673][  0]LogWindows:    9. 'LuminonCore IDDCX Adapter' (P:0 D:0)
[2019.08.19-05.14.02:673][  0]LogWindows:    10. 'LuminonCore IDDCX Adapter' (P:0 D:0)
[2019.08.19-05.14.02:674][  0]LogWindows:    11. 'LuminonCore IDDCX Adapter' (P:0 D:0)
[2019.08.19-05.14.02:675][  0]LogWindows:    12. 'LuminonCore IDDCX Adapter' (P:0 D:0)
[2019.08.19-05.14.02:676][  0]LogWindows:    13. 'LuminonCore IDDCX Adapter' (P:0 D:0)
[2019.08.19-05.14.02:676][  0]LogWindows:    14. 'LuminonCore IDDCX Adapter' (P:0 D:0)
[2019.08.19-05.14.02:677][  0]LogWindows:    15. 'LuminonCore IDDCX Adapter' (P:0 D:0)
[2019.08.19-05.14.02:677][  0]LogWindows:    16. 'LuminonCore IDDCX Adapter' (P:0 D:0)
[2019.08.19-05.14.02:678][  0]LogWindows:    17. 'LuminonCore IDDCX Adapter' (P:0 D:0)
[2019.08.19-05.14.02:679][  0]LogWindows:    18. 'LuminonCore IDDCX Adapter' (P:0 D:0)
[2019.08.19-05.14.02:680][  0]LogWindows:    19. 'LuminonCore IDDCX Adapter' (P:0 D:0)
[2019.08.19-05.14.02:680][  0]LogWindows:    20. 'LuminonCore IDDCX Adapter' (P:0 D:0)
[2019.08.19-05.14.02:681][  0]LogWindows:    21. 'LuminonCore IDDCX Adapter' (P:0 D:0)
[2019.08.19-05.14.02:682][  0]LogWindows:    22. 'LuminonCore IDDCX Adapter' (P:0 D:0)
[2019.08.19-05.14.02:683][  0]LogWindows: DebugString: PrimaryIsNotTheChoosenAdapter PrimaryIsNotTheChoosenAdapter PrimaryIsNotTheChoosenAdapter GetVideoDriverDetailsInvalid PrimaryIsNotTheChoosenAdapter GetVideoDriverDetailsInvalid PrimaryIsNotTheChoosenAdapter GetVideoDriverDetailsInvalid PrimaryIsNotTheChoosenAdapter GetVideoDriverDetailsInvalid PrimaryIsNotTheChoosenAdapter GetVideoDriverDetailsInvalid PrimaryIsNotTheChoosenAdapter GetVideoDriverDetailsInvalid PrimaryIsNotTheChoosenAdapter GetVideoDriverDetailsInvalid PrimaryIsNotTheChoosenAdapter GetVideoDriverDetailsInvalid PrimaryIsNotTheChoosenAdapter GetVideoDriverDetailsInvalid PrimaryIsNotTheChoosenAdapter GetVideoDriverDetailsInvalid PrimaryIsNotTheChoosenAdapter GetVideoDriverDetailsInvalid PrimaryIsNotTheChoosenAdapter GetVideoDriverDetailsInvalid PrimaryIsNotTheChoosenAdapter GetVideoDriverDetailsInvalid PrimaryIsNotTheChoosenAdapter GetVideoDriverDetailsInvalid PrimaryIsNotTheChoosenAdapter GetVideoDriverDetailsInvalid PrimaryIsNotTheChoosenAdapter GetVideoDriverDetailsInvalid PrimaryIsNotTheChoosenAdapter FoundDriverCount:4 
[2019.08.19-05.14.02:683][  0]LogD3D11RHI:     Adapter Name: NVIDIA GeForce GTX 1060
[2019.08.19-05.14.02:683][  0]LogD3D11RHI:   Driver Version: 431.60 (internal:26.21.14.3160, unified:431.60)
[2019.08.19-05.14.02:683][  0]LogD3D11RHI:      Driver Date: 7-17-2019
[2019.08.19-05.14.02:683][  0]LogRHI: Texture pool is 4236 MB (70% of 6052 MB)
[2019.08.19-05.14.02:743][  0]LogD3D11RHI: Async texture creation enabled
[2019.08.19-05.14.02:760][  0]LogD3D11RHI: GPU Timing Frequency: 1000.000000 (Debug: 2 1)
[2019.08.19-05.14.03:360][  0]LogTemp: Display: Module 'AllDesktopTargetPlatform' loaded TargetPlatform 'AllDesktop'
[2019.08.19-05.14.03:373][  0]LogTemp: Display: Module 'MacClientTargetPlatform' loaded TargetPlatform 'MacClient'
[2019.08.19-05.14.03:385][  0]LogTemp: Display: Module 'MacNoEditorTargetPlatform' loaded TargetPlatform 'MacNoEditor'
[2019.08.19-05.14.03:397][  0]LogTemp: Display: Module 'MacServerTargetPlatform' loaded TargetPlatform 'MacServer'
[2019.08.19-05.14.03:410][  0]LogTemp: Display: Module 'MacTargetPlatform' loaded TargetPlatform 'Mac'
[2019.08.19-05.14.03:422][  0]LogTemp: Display: Module 'WindowsClientTargetPlatform' loaded TargetPlatform 'WindowsClient'
[2019.08.19-05.14.03:434][  0]LogTemp: Display: Module 'WindowsNoEditorTargetPlatform' loaded TargetPlatform 'WindowsNoEditor'
[2019.08.19-05.14.03:446][  0]LogTemp: Display: Module 'WindowsServerTargetPlatform' loaded TargetPlatform 'WindowsServer'
[2019.08.19-05.14.03:452][  0]LogTemp: Display: Module 'WindowsTargetPlatform' loaded TargetPlatform 'Windows'
[2019.08.19-05.14.03:504][  0]LogTemp: Display: Module 'AndroidTargetPlatform' loaded TargetPlatform 'Android'
[2019.08.19-05.14.03:504][  0]LogTemp: Display: Module 'AndroidTargetPlatform' loaded TargetPlatform 'Android_ASTC'
[2019.08.19-05.14.03:504][  0]LogTemp: Display: Module 'AndroidTargetPlatform' loaded TargetPlatform 'Android_ATC'
[2019.08.19-05.14.03:504][  0]LogTemp: Display: Module 'AndroidTargetPlatform' loaded TargetPlatform 'Android_DXT'
[2019.08.19-05.14.03:504][  0]LogTemp: Display: Module 'AndroidTargetPlatform' loaded TargetPlatform 'Android_ETC1'
[2019.08.19-05.14.03:504][  0]LogTemp: Display: Module 'AndroidTargetPlatform' loaded TargetPlatform 'Android_ETC1a'
[2019.08.19-05.14.03:504][  0]LogTemp: Display: Module 'AndroidTargetPlatform' loaded TargetPlatform 'Android_ETC2'
[2019.08.19-05.14.03:504][  0]LogTemp: Display: Module 'AndroidTargetPlatform' loaded TargetPlatform 'Android_PVRTC'
[2019.08.19-05.14.03:504][  0]LogTemp: Display: Module 'AndroidTargetPlatform' loaded TargetPlatform 'AndroidClient'
[2019.08.19-05.14.03:504][  0]LogTemp: Display: Module 'AndroidTargetPlatform' loaded TargetPlatform 'Android_ASTCClient'
[2019.08.19-05.14.03:504][  0]LogTemp: Display: Module 'AndroidTargetPlatform' loaded TargetPlatform 'Android_ATCClient'
[2019.08.19-05.14.03:504][  0]LogTemp: Display: Module 'AndroidTargetPlatform' loaded TargetPlatform 'Android_DXTClient'
[2019.08.19-05.14.03:504][  0]LogTemp: Display: Module 'AndroidTargetPlatform' loaded TargetPlatform 'Android_ETC1Client'
[2019.08.19-05.14.03:504][  0]LogTemp: Display: Module 'AndroidTargetPlatform' loaded TargetPlatform 'Android_ETC1aClient'
[2019.08.19-05.14.03:504][  0]LogTemp: Display: Module 'AndroidTargetPlatform' loaded TargetPlatform 'Android_ETC2Client'
[2019.08.19-05.14.03:504][  0]LogTemp: Display: Module 'AndroidTargetPlatform' loaded TargetPlatform 'Android_PVRTCClient'
[2019.08.19-05.14.03:504][  0]LogTemp: Display: Module 'AndroidTargetPlatform' loaded TargetPlatform 'Android_Multi'
[2019.08.19-05.14.03:504][  0]LogTemp: Display: Module 'AndroidTargetPlatform' loaded TargetPlatform 'Android_MultiClient'
[2019.08.19-05.14.03:507][  0]LogTemp: Display: Module 'HTML5TargetPlatform' loaded TargetPlatform 'HTML5'
[2019.08.19-05.14.03:533][  0]LogTemp: Display: Module 'IOSTargetPlatform' loaded TargetPlatform 'IOSClient'
[2019.08.19-05.14.03:534][  0]LogTemp: Display: Module 'IOSTargetPlatform' loaded TargetPlatform 'IOS'
[2019.08.19-05.14.03:555][  0]LogTemp: Display: Module 'TVOSTargetPlatform' loaded TargetPlatform 'TVOSClient'
[2019.08.19-05.14.03:555][  0]LogTemp: Display: Module 'TVOSTargetPlatform' loaded TargetPlatform 'TVOS'
[2019.08.19-05.14.03:567][  0]LogTemp: Display: Module 'LinuxClientTargetPlatform' loaded TargetPlatform 'LinuxClient'
[2019.08.19-05.14.03:577][  0]LogTemp: Display: Module 'LinuxNoEditorTargetPlatform' loaded TargetPlatform 'LinuxNoEditor'
[2019.08.19-05.14.03:589][  0]LogTemp: Display: Module 'LinuxServerTargetPlatform' loaded TargetPlatform 'LinuxServer'
[2019.08.19-05.14.03:604][  0]LogTemp: Display: Module 'LinuxTargetPlatform' loaded TargetPlatform 'Linux'
[2019.08.19-05.14.03:645][  0]LogTemp: Display: Module 'LuminTargetPlatform' loaded TargetPlatform 'Lumin'
[2019.08.19-05.14.03:645][  0]LogTemp: Display: Module 'LuminTargetPlatform' loaded TargetPlatform 'LuminClient'
[2019.08.19-05.14.03:645][  0]LogTargetPlatformManager: Display: Building Assets For Windows
[2019.08.19-05.14.03:662][  0]LogAudioDebug: Display: Lib vorbis DLL was dynamically loaded.
[2019.08.19-05.14.03:752][  0]LogShaderCompilers: Guid format shader working directory is 13 characters bigger than the processId version (C:/Users/ACER/Desktop/ball/三维弹球/Intermediate/Shaders/WorkingDirectory/11052/).
[2019.08.19-05.14.03:752][  0]LogShaderCompilers: Cleaned the shader compiler working directory 'C:/Users/ACER/AppData/Local/Temp/UnrealShaderWorkingDir/5CA5707147EED2DB931464B27B030204/'.
[2019.08.19-05.14.03:757][  0]LogShaderCompilers: Display: Using XGE Shader Compiler (Interception Interface).
[2019.08.19-05.14.04:599][  0]LogDerivedDataCache: Display: Max Cache Size: 512 MB
[2019.08.19-05.14.04:675][  0]LogDerivedDataCache: Loaded boot cache 0.08s 76MB C:/Users/ACER/AppData/Local/UnrealEngine/4.23/DerivedDataCache/Boot.ddc.
[2019.08.19-05.14.04:675][  0]LogDerivedDataCache: Display: Loaded Boot cache: C:/Users/ACER/AppData/Local/UnrealEngine/4.23/DerivedDataCache/Boot.ddc
[2019.08.19-05.14.04:675][  0]LogDerivedDataCache: FDerivedDataBackendGraph:  Pak pak cache file C:/Users/ACER/Desktop/ball/三维弹球/DerivedDataCache/DDC.ddp not found, will not use a pak cache.
[2019.08.19-05.14.04:675][  0]LogDerivedDataCache: Unable to find inner node Pak for hierarchical cache Hierarchy.
[2019.08.19-05.14.04:675][  0]LogDerivedDataCache: FDerivedDataBackendGraph:  CompressedPak pak cache file C:/Users/ACER/Desktop/ball/三维弹球/DerivedDataCache/Compressed.ddp not found, will not use a pak cache.
[2019.08.19-05.14.04:675][  0]LogDerivedDataCache: Unable to find inner node CompressedPak for hierarchical cache Hierarchy.
[2019.08.19-05.14.04:690][  0]LogDerivedDataCache: Display: Pak cache opened for reading ../../../Engine/DerivedDataCache/Compressed.ddp.
[2019.08.19-05.14.04:690][  0]LogDerivedDataCache: FDerivedDataBackendGraph:  EnterprisePak pak cache file ../../../Enterprise/DerivedDataCache/Compressed.ddp not found, will not use a pak cache.
[2019.08.19-05.14.04:690][  0]LogDerivedDataCache: Unable to find inner node EnterprisePak for hierarchical cache Hierarchy.
[2019.08.19-05.14.04:692][  0]LogDerivedDataCache: Using Local data cache path C:/Users/ACER/AppData/Local/UnrealEngine/Common/DerivedDataCache: Writable
[2019.08.19-05.14.04:692][  0]LogDerivedDataCache: Shared data cache path not found in *engine.ini, will not use an Shared cache.
[2019.08.19-05.14.04:692][  0]LogDerivedDataCache: Unable to find inner node Shared for hierarchical cache Hierarchy.
[2019.08.19-05.14.04:721][  0]LogMaterial: Verifying Global Shaders for PCD3D_SM5
[2019.08.19-05.14.04:723][  0]LogSlate: Using FreeType 2.6.0
[2019.08.19-05.14.04:723][  0]LogSlate: SlateFontServices - WITH_FREETYPE: 1, WITH_HARFBUZZ: 1
[2019.08.19-05.14.04:800][  0]LogAssetRegistry: FAssetRegistry took 0.0055 seconds to start up
[2019.08.19-05.14.05:211][  0]LogInit: Selected Device Profile: [Windows]
[2019.08.19-05.14.05:433][  0]LogMeshReduction: Using QuadricMeshReduction for automatic static mesh reduction
[2019.08.19-05.14.05:433][  0]LogMeshReduction: Using SimplygonMeshReduction for automatic skeletal mesh reduction
[2019.08.19-05.14.05:433][  0]LogMeshReduction: Using ProxyLODMeshReduction for automatic mesh merging
[2019.08.19-05.14.05:433][  0]LogMeshReduction: No distributed automatic mesh merging module available
[2019.08.19-05.14.05:433][  0]LogMeshMerging: No distributed automatic mesh merging module available
[2019.08.19-05.14.05:447][  0]LogNetVersion: 三维弹球 1.0.0, NetCL: 7948402, EngineNetVer: 11, GameNetVer: 0 (Checksum: 553077436)
[2019.08.19-05.14.06:401][  0]LogPackageLocalizationCache: Processed 12 localized package path(s) for 4 prioritized culture(s) in 0.418456 seconds
[2019.08.19-05.14.06:412][  0]LogUObjectArray: 43368 objects as part of root set at end of initial load.
[2019.08.19-05.14.06:412][  0]LogUObjectAllocator: 7536104 out of 0 bytes used by permanent object pool.
[2019.08.19-05.14.06:412][  0]LogUObjectArray: CloseDisregardForGC: 0/0 objects in disregard for GC pool
[2019.08.19-05.14.07:726][  0]LogTcpMessaging: Initializing TcpMessaging bridge
[2019.08.19-05.14.07:733][  0]LogUdpMessaging: Initializing bridge on interface 0.0.0.0:0 to multicast group 230.0.0.1:6666.
[2019.08.19-05.14.07:833][  0]SourceControl: 源码管理已禁用
[2019.08.19-05.14.07:834][  0]SourceControl: 源码管理已禁用
[2019.08.19-05.14.07:838][  0]SourceControl: 源码管理已禁用
[2019.08.19-05.14.07:840][  0]SourceControl: 源码管理已禁用
[2019.08.19-05.14.08:039][  0]LogAndroidPermission: UAndroidPermissionCallbackProxy::GetInstance
[2019.08.19-05.14.08:226][  0]LogOcInput: OculusInput pre-init called
[2019.08.19-05.14.09:105][  0]LogEngine: Initializing Engine...
[2019.08.19-05.14.09:108][  0]LogHMD: Failed to initialize OpenVR with code 110
[2019.08.19-05.14.09:109][  0]LogStats: UGameplayTagsManager::InitializeManager -  0.000 s
[2019.08.19-05.14.09:423][  0]LogInit: Initializing FReadOnlyCVARCache
[2019.08.19-05.14.09:447][  0]LogAIModule: Creating AISystem for world Untitled
[2019.08.19-05.14.09:545][  0]LogInit: XAudio2 using '扬声器 (Realtek High Definition Audio(SST))' : 2 channels at 48 kHz using 32 bits per sample (channel mask 0x3)
[2019.08.19-05.14.10:456][  0]LogInit: FAudioDevice initialized.
[2019.08.19-05.14.10:457][  0]LogNetVersion: Set ProjectVersion to 1.0.0.0. Version Checksum will be recalculated on next use.
[2019.08.19-05.14.10:572][  0]LogDerivedDataCache: Saved boot cache 0.11s 76MB C:/Users/ACER/AppData/Local/UnrealEngine/4.23/DerivedDataCache/Boot.ddc.
[2019.08.19-05.14.10:577][  0]LogInit: Texture streaming: Enabled
[2019.08.19-05.14.10:608][  0]LogEngineSessionManager: EngineSessionManager initialized
[2019.08.19-05.14.10:608][  0]LogEngineSessionManager: EngineSessionManager sent report. Event=SessionSummary, Type=AbnormalShutdown, SessionId={9C5F5A91-4BAB-9020-1231-1C8FDE2ADDEE}
[2019.08.19-05.14.10:671][  0]LogInit: Transaction tracking system initialized
[2019.08.19-05.14.10:721][  0]BlueprintLog: New page: 编辑器加载
[2019.08.19-05.14.10:832][  0]LocalizationService: 本地化服务已禁用
[2019.08.19-05.14.11:232][  0]LogFileCache: Scanning file cache for directory 'C:/Users/ACER/Desktop/ball/三维弹球/Content/' took 0.00s
[2019.08.19-05.14.11:232][  0]LogCook: Display: Max memory allowance for cook 16384mb min free memory 0mb
[2019.08.19-05.14.11:232][  0]LogCook: Display: Mobile HDR setting 1
[2019.08.19-05.14.13:781][  0]SourceControl: 源码管理已禁用
[2019.08.19-05.14.13:781][  0]Cmd: MAP LOAD FILE="../../../Engine/Content/Maps/Templates/Template_Default.umap" TEMPLATE=1 SHOWPROGRESS=1 FEATURELEVEL=3
[2019.08.19-05.14.13:782][  0]LightingResults: New page: 光照构建
[2019.08.19-05.14.13:786][  0]LogWorld: UWorld::CleanupWorld for Untitled, bSessionEnded=true, bCleanupResources=true
[2019.08.19-05.14.13:786][  0]MapCheck: New page: 地图检测
[2019.08.19-05.14.13:786][  0]LightingResults: New page: 光照构建
[2019.08.19-05.14.13:844][  0]LogUObjectHash: Compacting FUObjectHashTables data took   4.49ms
[2019.08.19-05.14.13:975][  0]LogAIModule: Creating AISystem for world Untitled_1
[2019.08.19-05.14.14:000][  0]LogEditorServer: Finished looking for orphan Actors (0.000 secs)
[2019.08.19-05.14.14:033][  0]LogUObjectHash: Compacting FUObjectHashTables data took   2.55ms
[2019.08.19-05.14.14:033][  0]Cmd: MAP CHECKDEP NOCLEARLOG
[2019.08.19-05.14.14:034][  0]MapCheck: 地图检测完成：0个错误、0个警告、完成用时0.74毫秒。
[2019.08.19-05.14.14:034][  0]LogFileHelpers: Loading map 'Template_Default' took 0.253
[2019.08.19-05.14.14:169][  0]LogSlate: Updating window title bar state: overlay mode, drag disabled, window buttons hidden, title bar hidden
[2019.08.19-05.14.14:179][  0]LogSlate: Updating window title bar state: overlay mode, drag disabled, window buttons hidden, title bar hidden
[2019.08.19-05.14.14:191][  0]LogSlate: Updating window title bar state: overlay mode, drag disabled, window buttons hidden, title bar hidden
[2019.08.19-05.14.14:203][  0]LogSlate: Updating window title bar state: overlay mode, drag disabled, window buttons hidden, title bar hidden
[2019.08.19-05.14.14:212][  0]LogCollectionManager: Loaded 0 collections in 0.002385 seconds
[2019.08.19-05.14.14:223][  0]LogFileCache: Scanning file cache for directory 'C:/Users/ACER/Desktop/ball/三维弹球/Saved/Collections/' took 0.00s
[2019.08.19-05.14.14:223][  0]LogFileCache: Scanning file cache for directory 'C:/Users/ACER/Desktop/ball/三维弹球/Content/Developers/ACER/Collections/' took 0.00s
[2019.08.19-05.14.14:223][  0]LogFileCache: Scanning file cache for directory 'C:/Users/ACER/Desktop/ball/三维弹球/Content/Collections/' took 0.00s
[2019.08.19-05.14.14:223][  0]LogCollectionManager: Rebuilt the GUID cache for 0 collections in 0.000002 seconds
[2019.08.19-05.14.14:236][  0]LogContentBrowser: Native class hierarchy populated in 0.0126 seconds. Added 2861 classes and 680 folders.
[2019.08.19-05.14.14:246][  0]LogContentBrowser: Native class hierarchy updated for 'WidgetCarousel' in 0.0004 seconds. Added 0 classes and 0 folders.
[2019.08.19-05.14.14:309][  0]LogContentBrowser: Native class hierarchy updated for 'AddContentDialog' in 0.0003 seconds. Added 0 classes and 0 folders.
[2019.08.19-05.14.14:316][  0]LogContentBrowser: Native class hierarchy updated for 'SceneOutliner' in 0.0003 seconds. Added 1 classes and 2 folders.
[2019.08.19-05.14.14:394][  0]LogSlate: Took 0.000577 seconds to synchronously load lazily loaded font '../../../Engine/Content/Slate/Fonts/Roboto-Regular.ttf' (155K)
[2019.08.19-05.14.14:397][  0]LogSlate: Took 0.003564 seconds to synchronously load lazily loaded font '../../../Engine/Content/Slate/Fonts/DroidSansFallback.ttf' (3848K)
[2019.08.19-05.14.14:400][  0]LogSlate: Took 0.000261 seconds to synchronously load lazily loaded font '../../../Engine/Content/Slate/Fonts/Roboto-Bold.ttf' (160K)
[2019.08.19-05.14.14:403][  0]LogSlate: Took 0.000212 seconds to synchronously load lazily loaded font '../../../Engine/Content/Editor/Slate/Fonts/FontAwesome.ttf' (139K)
[2019.08.19-05.14.14:480][  0]LogRenderer: Reallocating scene render targets to support 884x460 Format 10 NumSamples 1 (Frame:1).
[2019.08.19-05.14.14:677][  0]LogContentBrowser: Native class hierarchy updated for 'HierarchicalLODOutliner' in 0.0004 seconds. Added 0 classes and 0 folders.
[2019.08.19-05.14.14:677][  0]LogLoad: (Engine Initialization) Total time: 14.84 seconds
[2019.08.19-05.14.14:677][  0]LogLoad: (Engine Initialization) Total Blueprint compile time: 0.00 seconds
[2019.08.19-05.14.14:705][  0]LogWindowsTextInputMethodSystem: Display: IME system now activated using TSF (搜狗拼音输入法).
[2019.08.19-05.14.14:757][  0]LogAssetRegistry: Asset discovery search completed in 9.9578 seconds
[2019.08.19-05.14.14:761][  0]LogCollectionManager: Rebuilt the object cache for 0 collections in 0.000010 seconds (found 0 objects)
[2019.08.19-05.14.14:761][  0]LogCollectionManager: Fixed up redirectors for 0 collections in 0.000086 seconds (updated 0 objects)
[2019.08.19-05.14.14:763][  0]LogContentStreaming: Texture pool size now 1000 MB
[2019.08.19-05.14.14:792][  0]LogSlate: Took 0.000226 seconds to synchronously load lazily loaded font '../../../Engine/Content/Slate/Fonts/Roboto-Light.ttf' (167K)
[2019.08.19-05.14.23:207][375]LogSlate: FSceneViewport::OnFocusLost() reason 0
[2019.08.19-05.14.24:378][445]LogSlate: Took 0.000196 seconds to synchronously load lazily loaded font '../../../Engine/Content/Slate/Fonts/Roboto-Light.ttf' (167K)
[2019.08.19-05.14.24:633][445]LogAIModule: Creating AISystem for world mainlevel
[2019.08.19-05.14.24:650][445]LogAssetEditorManager: Opening Asset editor for World /Game/maps/mainlevel.mainlevel
[2019.08.19-05.14.24:681][445]LogUObjectHash: Compacting FUObjectHashTables data took   2.45ms
[2019.08.19-05.14.24:682][445]Cmd: MAP LOAD FILE="C:/Users/ACER/Desktop/ball/三维弹球/Content/maps/mainlevel.umap" TEMPLATE=0 SHOWPROGRESS=1 FEATURELEVEL=3
[2019.08.19-05.14.24:682][445]LightingResults: New page: 光照构建
[2019.08.19-05.14.24:682][445]LoadErrors: New page: 正在加载地图：mainlevel.umap
[2019.08.19-05.14.24:683][445]LogWorld: UWorld::CleanupWorld for Untitled_1, bSessionEnded=true, bCleanupResources=true
[2019.08.19-05.14.24:683][445]MapCheck: New page: 地图检测
[2019.08.19-05.14.24:683][445]LightingResults: New page: 光照构建
[2019.08.19-05.14.24:710][445]LogUObjectHash: Compacting FUObjectHashTables data took   1.84ms
[2019.08.19-05.14.24:799][445]LogEditorServer: Finished looking for orphan Actors (0.000 secs)
[2019.08.19-05.14.24:826][445]LogUObjectHash: Compacting FUObjectHashTables data took   1.54ms
[2019.08.19-05.14.24:843][445]Cmd: MAP CHECKDEP NOCLEARLOG
[2019.08.19-05.14.24:844][445]MapCheck: 地图检测完成：0个错误、0个警告、完成用时0.82毫秒。
[2019.08.19-05.14.24:844][445]LogFileHelpers: Loading map 'mainlevel' took 0.163
[2019.08.19-05.14.40:238][361]LogEditorViewport: Clicking on Actor (LMB): BP_drop_target_set_C (BP_drop_target_set)
[2019.08.19-05.14.46:006][703]LogEditorViewport: Clicking on Actor (LMB): BP_drop_target_set_C (BP_drop_target_set)
[2019.08.19-05.14.53:886][170]LogEditorViewport: Clicking on Actor (LMB): BP_drop_target_set_C (BP_drop_target_set)
[2019.08.19-05.15.16:802][538]LogEditorViewport: Clicking on Actor (LMB): BP_bumper_C (BP_bumper)
[2019.08.19-05.15.19:988][728]Cmd: DUPLICATE
[2019.08.19-05.15.19:988][728]Cmd: ACTOR DUPLICATE
[2019.08.19-05.15.26:853][123]LogEditorViewport: Clicking on Actor (LMB): BP_bumper_C (BP_bumper2)
[2019.08.19-05.15.42:638][ 68]LogEditorViewport: Clicking on Actor (LMB): BP_drop_target_set_C (BP_drop_target_set)
[2019.08.19-05.15.53:568][710]LogEditorViewport: Clicking on Actor (LMB): BP_drop_target_set_C (BP_drop_target_set)
[2019.08.19-05.16.03:859][314]LogSlate: FSceneViewport::OnFocusLost() reason 0
[2019.08.19-05.16.03:942][319]LogTemp: Repeating last play command: 选中的视口
[2019.08.19-05.16.03:956][319]LogBlueprintUserMessages: Early PlayInEditor Detection: Level '/Game/maps/mainlevel.mainlevel:PersistentLevel' has LevelScriptBlueprint '/Game/maps/mainlevel.mainlevel:PersistentLevel.mainlevel' with GeneratedClass '/Game/maps/mainlevel.mainlevel_C' with ClassGeneratedBy '/Game/maps/mainlevel.mainlevel:PersistentLevel.mainlevel'
[2019.08.19-05.16.03:956][319]LogPlayLevel: PlayLevel: No blueprints needed recompiling
[2019.08.19-05.16.03:956][319]PIE: New page: PIE会话：mainlevel（2019年8月19日 下午9:16:03）
[2019.08.19-05.16.03:957][319]LogOnline: OSS: Creating online subsystem instance for: NULL
[2019.08.19-05.16.03:958][319]LogPlayLevel: Creating play world package: /Game/maps/UEDPIE_0_mainlevel
[2019.08.19-05.16.03:969][319]LogPlayLevel: PIE: StaticDuplicateObject took: (0.009709s)
[2019.08.19-05.16.03:970][319]LogAIModule: Creating AISystem for world mainlevel
[2019.08.19-05.16.03:970][319]LogPlayLevel: PIE: World Init took: (0.001344s)
[2019.08.19-05.16.03:970][319]LogPlayLevel: PIE: Created PIE world by copying editor world from /Game/maps/mainlevel.mainlevel to /Game/maps/UEDPIE_0_mainlevel.mainlevel (0.011843s)
[2019.08.19-05.16.04:017][319]LogUObjectHash: Compacting FUObjectHashTables data took   2.22ms
[2019.08.19-05.16.04:028][319]LogInit: XAudio2 using '扬声器 (Realtek High Definition Audio(SST))' : 2 channels at 48 kHz using 32 bits per sample (channel mask 0x3)
[2019.08.19-05.16.04:068][319]LogInit: FAudioDevice initialized.
[2019.08.19-05.16.04:079][319]LogLoad: Game class is 'PinBallGameMode_C'
[2019.08.19-05.16.04:081][319]LogWorld: Bringing World /Game/maps/UEDPIE_0_mainlevel.mainlevel up for play (max tick rate 60) at 2019.08.19-13.16.04
[2019.08.19-05.16.04:082][319]LogWorld: Bringing up level for play took: 0.001869
[2019.08.19-05.16.04:082][319]LogOnline: OSS: Creating online subsystem instance for: :Context_1
[2019.08.19-05.16.04:091][319]LogContentBrowser: Native class hierarchy updated for 'MovieSceneCapture' in 0.0005 seconds. Added 20 classes and 0 folders.
[2019.08.19-05.16.04:092][319]PIE: /Game/maps/UEDPIE_0_mainlevel在编辑器中运行的起始时间0.058
[2019.08.19-05.16.04:093][319]LogBlueprintUserMessages: Late PlayInEditor Detection: Level '/Game/maps/mainlevel.mainlevel:PersistentLevel' has LevelScriptBlueprint '/Game/maps/mainlevel.mainlevel:PersistentLevel.mainlevel' with GeneratedClass '/Game/maps/mainlevel.mainlevel_C' with ClassGeneratedBy '/Game/maps/mainlevel.mainlevel:PersistentLevel.mainlevel'
[2019.08.19-05.17.15:143][570]LogHttp: Warning: 00000217FDCB79C0: invalid HTTP response code received. URL: https://datarouter.ol.epicgames.com/datarouter/api/v1/public/data?SessionID=%7B7AAC6108-43C8-7A37-A5E8-1EBE42260D0C%7D&AppID=UEEditor.Rocket.Release&AppVersion=4.23.0-7948402%2B%2B%2BUE4%2BRelease-4.23&UserID=686afba94cb91b2cdc5523813f4e1716%7C5b5cca900d1543e3ad4f647d0b8d4fde%7Cdc702d75-5693-405c-9ae0-b75093dd6c4a&AppEnvironment=datacollector-binary&UploadType=eteventstream, HTTP code: 0, content length: -1, actual payload size: 0
[2019.08.19-05.17.15:143][570]LogHttp: Warning: 00000217FDCB79C0: request failed, libcurl error: 0 (No error)
[2019.08.19-05.17.15:144][570]LogHttp: Warning: 00000217FDCB79C0: libcurl info message cache 0 (Found bundle for host datarouter.ol.epicgames.com: 0x217df2b7f70 [can pipeline])
[2019.08.19-05.17.15:144][570]LogHttp: Warning: 00000217FDCB79C0: libcurl info message cache 1 (Re-using existing connection! (#0) with host datarouter.ol.epicgames.com)
[2019.08.19-05.17.15:144][570]LogHttp: Warning: 00000217FDCB79C0: libcurl info message cache 2 (Connected to datarouter.ol.epicgames.com (54.165.238.255) port 443 (#0))
[2019.08.19-05.17.15:144][570]LogHttp: Warning: 00000217FDCB79C0: libcurl info message cache 3 (We are completely uploaded and fine)
[2019.08.19-05.17.15:144][570]LogHttp: Warning: 00000217FDCB79C0: libcurl info message cache 4 (TLSv1.2 (IN), TLS alert, Client hello (1):)
[2019.08.19-05.17.15:144][570]LogHttp: Warning: 00000217FDCB79C0: libcurl info message cache 5 (Connection died, retrying a fresh connect)
[2019.08.19-05.17.15:144][570]LogHttp: Warning: 00000217FDCB79C0: libcurl info message cache 6 (necessary data rewind wasn't possible)
[2019.08.19-05.17.15:144][570]LogHttp: Warning: 00000217FDCB79C0: libcurl info message cache 7 (Closing connection 0)
[2019.08.19-05.17.15:144][570]LogHttp: Warning: 00000217FDCB79C0: libcurl info message cache 8 (TLSv1.2 (OUT), TLS alert, Client hello (1):)
[2019.08.19-05.17.15:144][570]LogHttp: Warning: Retry exhausted on https://datarouter.ol.epicgames.com/datarouter/api/v1/public/data?SessionID=%7B7AAC6108-43C8-7A37-A5E8-1EBE42260D0C%7D&AppID=UEEditor.Rocket.Release&AppVersion=4.23.0-7948402%2B%2B%2BUE4%2BRelease-4.23&UserID=686afba94cb91b2cdc5523813f4e1716%7C5b5cca900d1543e3ad4f647d0b8d4fde%7Cdc702d75-5693-405c-9ae0-b75093dd6c4a&AppEnvironment=datacollector-binary&UploadType=eteventstream
[2019.08.19-05.18.09:626][837]LogBlueprintUserMessages: Early EndPlayMap Detection: Level '/Game/maps/mainlevel.mainlevel:PersistentLevel' has LevelScriptBlueprint '/Game/maps/mainlevel.mainlevel:PersistentLevel.mainlevel' with GeneratedClass '/Game/maps/mainlevel.mainlevel_C' with ClassGeneratedBy '/Game/maps/mainlevel.mainlevel:PersistentLevel.mainlevel'
[2019.08.19-05.18.09:626][837]LogSlate: Updating window title bar state: overlay mode, drag disabled, window buttons hidden, title bar hidden
[2019.08.19-05.18.09:626][837]LogWorld: BeginTearingDown for /Game/maps/UEDPIE_0_mainlevel
[2019.08.19-05.18.09:626][837]LogWorld: UWorld::CleanupWorld for mainlevel, bSessionEnded=true, bCleanupResources=true
[2019.08.19-05.18.09:633][837]LogPlayLevel: Display: Shutting down PIE online subsystems
[2019.08.19-05.18.09:634][837]LogBlueprintUserMessages: Late EndPlayMap Detection: Level '/Game/maps/mainlevel.mainlevel:PersistentLevel' has LevelScriptBlueprint '/Game/maps/mainlevel.mainlevel:PersistentLevel.mainlevel' with GeneratedClass '/Game/maps/mainlevel.mainlevel_C' with ClassGeneratedBy '/Game/maps/mainlevel.mainlevel:PersistentLevel.mainlevel'
[2019.08.19-05.18.09:666][837]LogSlate: Updating window title bar state: overlay mode, drag disabled, window buttons hidden, title bar hidden
[2019.08.19-05.18.09:668][837]LogUObjectHash: Compacting FUObjectHashTables data took   1.57ms
[2019.08.19-05.18.09:737][841]LogPlayLevel: Display: Destroying online subsystem :Context_1
[2019.08.19-05.18.12:956][ 34]LogSlate: FSceneViewport::OnFocusLost() reason 0
[2019.08.19-05.18.40:181][972]LogFactory: FactoryCreateFile: StaticMesh with FbxFactory (0 0 C:/Users/ACER/Desktop/utf-8' 'PinballAssets/PinballAssets/PinballAssets/SM_SlingbandMT.FBX)
[2019.08.19-05.18.40:203][972]LogFbx: Loading FBX Scene from C:/Users/ACER/Desktop/utf-8' 'PinballAssets/PinballAssets/PinballAssets/SM_SlingbandMT.FBX
[2019.08.19-05.18.40:345][972]LogFbx: FBX Scene Loaded Succesfully
[2019.08.19-05.18.57:917][972]LogSlate: Window 'FBX导入选项' being destroyed
[2019.08.19-05.18.58:065][972]LogStaticMesh: 正在构建静态网格体SM_SlingbandMT……
[2019.08.19-05.18.58:103][972]LogStaticMesh: Built static mesh [0.04s] /Game/Assests/SM_SlingbandMT.SM_SlingbandMT
[2019.08.19-05.19.01:001][134]LogAssetEditorManager: Opening Asset editor for StaticMesh /Game/Assests/SM_SlingbandMT.SM_SlingbandMT
[2019.08.19-05.19.01:482][134]LogRenderer: Reallocating scene render targets to support 1088x748 Format 10 NumSamples 1 (Frame:1).
[2019.08.19-05.19.01:482][134]LogSlate: Took 0.000289 seconds to synchronously load lazily loaded font '../../../Engine/Content/Slate/Fonts/Roboto-Italic.ttf' (157K)
[2019.08.19-05.19.52:123][155]LogSlate: FSceneViewport::OnFocusLost() reason 2
[2019.08.19-05.19.59:332][577]LogSlate: FSceneViewport::OnFocusLost() reason 2
[2019.08.19-05.20.06:959][ 26]LogSlate: FSceneViewport::OnFocusLost() reason 2
[2019.08.19-05.20.14:179][439]LogSlate: FSceneViewport::OnFocusLost() reason 0
[2019.08.19-05.20.14:287][443]Cmd: OBJ SAVEPACKAGE PACKAGE="/Game/Assests/SM_SlingbandMT" FILE="C:/Users/ACER/Desktop/ball/三维弹球/Content/Assests/SM_SlingbandMT.uasset" SILENT=true
[2019.08.19-05.20.14:320][443]LogSavePackage: Moving 'C:/Users/ACER/Desktop/ball/三维弹球/Saved/SM_SlingbandMTF74C7CB445F4CAFAAA62B78041902C0B.tmp' to 'C:/Users/ACER/Desktop/ball/三维弹球/Content/Assests/SM_SlingbandMT.uasset'
[2019.08.19-05.20.34:345][642]LogSlate: Window 'SM_SlingbandMT' being destroyed
[2019.08.19-05.20.34:352][642]LogSlate: Window 'SM_SlingbandMT' being destroyed
[2019.08.19-05.20.34:363][642]LogWorld: UWorld::CleanupWorld for World_9, bSessionEnded=true, bCleanupResources=true
[2019.08.19-05.21.08:887][670]LogAssetEditorManager: Opening Asset editor for Material /Game/Assests/M_SlingBand.M_SlingBand
[2019.08.19-05.21.08:959][670]LogMaterial: Display: Missing cached shader map for material M_SlingBand, compiling. 
[2019.08.19-05.21.09:364][670]LogMaterial: Display: Missing cached shader map for material M_SlingBand, compiling. 
[2019.08.19-05.21.09:399][670]LogMaterial: Display: Missing cached shader map for material M_SlingBand, compiling. 
[2019.08.19-05.21.09:453][670]LogSlate: Took 0.000238 seconds to synchronously load lazily loaded font '../../../Engine/Content/Slate/Fonts/Roboto-BoldCondensed.ttf' (158K)
[2019.08.19-05.21.09:602][671]LogSlate: Last resort fallback font was requested. Font: '/Engine/EngineFonts/Faces/RobotoRegular.RobotoRegular', Character: '着 (U+7740)'
[2019.08.19-05.21.09:682][671]LogSlate: Took 0.079072 seconds to synchronously load lazily loaded font '../../../Engine/Content/SlateDebug/Fonts/LastResort.ttf' (5269K)
[2019.08.19-05.21.13:919][920]LogMaterial: Display: Missing cached shader map for material M_SlingBand, compiling. 
[2019.08.19-05.21.13:949][920]LogMaterial: Display: Missing cached shader map for material FMatExpressionPreview MaterialExpressionVectorParameter_0, compiling. 
[2019.08.19-05.21.16:787][ 82]LogMaterial: Display: Missing cached shader map for material M_SlingBand, compiling. 
[2019.08.19-05.21.16:816][ 82]LogMaterial: Display: Missing cached shader map for material FMatExpressionPreview MaterialExpressionVectorParameter_0, compiling. 
[2019.08.19-05.21.22:900][442]LogMaterial: Display: Missing cached shader map for material FMatExpressionPreview MaterialExpressionVectorParameter_0, compiling. 
[2019.08.19-05.21.22:912][442]LogMaterial: Display: Missing cached shader map for material M_SlingBand, compiling. 
[2019.08.19-05.21.22:990][445]LogMaterial: Display: Missing cached shader map for material FMatExpressionPreview MaterialExpressionVectorParameter_0, compiling. 
[2019.08.19-05.21.23:005][445]LogMaterial: Display: Missing cached shader map for material M_SlingBand, compiling. 
[2019.08.19-05.21.23:023][445]LogMaterial: Display: Missing cached shader map for material M_SlingBand, compiling. 
[2019.08.19-05.21.23:047][445]LogMaterial: Display: Missing cached shader map for material FMatExpressionPreview MaterialExpressionVectorParameter_0, compiling. 
[2019.08.19-05.21.23:067][445]LogMaterial: Display: Missing cached shader map for material FMatExpressionPreview MaterialExpressionVectorParameter_0, compiling. 
[2019.08.19-05.21.23:080][445]LogMaterial: Display: Missing cached shader map for material M_SlingBand, compiling. 
[2019.08.19-05.21.24:200][506]LogMaterial: Display: Missing cached shader map for material FMatExpressionPreview MaterialExpressionVectorParameter_0, compiling. 
[2019.08.19-05.21.24:211][506]LogMaterial: Display: Missing cached shader map for material M_SlingBand, compiling. 
[2019.08.19-05.21.24:233][506]LogMaterial: Display: Missing cached shader map for material FMatExpressionPreview MaterialExpressionVectorParameter_0, compiling. 
[2019.08.19-05.21.24:246][506]LogMaterial: Display: Missing cached shader map for material M_SlingBand, compiling. 
[2019.08.19-05.21.24:264][506]LogSlate: Window '取色器' being destroyed
[2019.08.19-05.21.26:075][607]LogMaterial: Display: Missing cached shader map for material M_SlingBand, compiling. 
[2019.08.19-05.21.26:107][607]LogMaterial: Display: Missing cached shader map for material FMatExpressionPreview MaterialExpressionVectorParameter_0, compiling. 
[2019.08.19-05.21.30:151][848]LogMaterial: Display: Missing cached shader map for material M_SlingBand, compiling. 
[2019.08.19-05.21.30:175][848]LogMaterial: Display: Missing cached shader map for material FMatExpressionPreview MaterialExpressionVectorParameter_0, compiling. 
[2019.08.19-05.21.34:112][ 79]LogMaterial: Display: Missing cached shader map for material M_SlingBand, compiling. 
[2019.08.19-05.21.34:136][ 79]LogMaterial: Display: Missing cached shader map for material FMatExpressionPreview MaterialExpressionVectorParameter_0, compiling. 
[2019.08.19-05.21.34:147][ 79]LogMaterial: Display: Missing cached shader map for material M_SlingBand, compiling. 
[2019.08.19-05.21.43:459][633]LogMaterial: Display: Missing cached shader map for material M_SlingBand, compiling. 
[2019.08.19-05.22.19:967][819]LogUObjectHash: Compacting FUObjectHashTables data took   1.93ms
[2019.08.19-05.22.19:998][819]Cmd: OBJ SAVEPACKAGE PACKAGE="/Game/maps/mainlevel" FILE="C:/Users/ACER/Desktop/ball/三维弹球/Content/maps/mainlevel.umap" SILENT=true AUTOSAVING=false KEEPDIRTY=false
[2019.08.19-05.22.20:027][819]LogUObjectHash: Compacting FUObjectHashTables data took   0.66ms
[2019.08.19-05.22.20:218][819]LogSavePackage: Moving 'C:/Users/ACER/Desktop/ball/三维弹球/Saved/mainlevelDD5A426B4475827AEE36AA89B8B489E3.tmp' to 'C:/Users/ACER/Desktop/ball/三维弹球/Content/maps/mainlevel.umap'
[2019.08.19-05.22.20:245][819]LogFileHelpers: Saving map 'mainlevel' took 0.249
[2019.08.19-05.22.20:285][819]Cmd: OBJ SAVEPACKAGE PACKAGE="/Game/Assests/M_SlingBand" FILE="C:/Users/ACER/Desktop/ball/三维弹球/Content/Assests/M_SlingBand.uasset" SILENT=true
[2019.08.19-05.22.20:301][819]LogSavePackage: Moving 'C:/Users/ACER/Desktop/ball/三维弹球/Saved/M_SlingBand6FFBFE194E95B9D1162531A18A8A2ED5.tmp' to 'C:/Users/ACER/Desktop/ball/三维弹球/Content/Assests/M_SlingBand.uasset'
[2019.08.19-05.23.58:090][510]LogMaterial: Display: Missing cached shader map for material M_SlingBand, compiling. 
[2019.08.19-05.23.58:186][510]LogMaterial: Display: Missing cached shader map for material FMatExpressionPreview MaterialExpressionVectorParameter_0, compiling. 
[2019.08.19-05.23.58:382][511]LogMaterial: Display: Missing cached shader map for material Material_0, compiling. 
[2019.08.19-05.24.10:212][206]LogTemp: IOS device listing is disabled (to many failed attempts)!
[2019.08.19-05.24.28:803][320]LogMaterial: Display: Missing cached shader map for material M_SlingBand, compiling. 
[2019.08.19-05.24.28:845][320]LogMaterial: Display: Missing cached shader map for material FMatExpressionPreview MaterialExpressionVectorParameter_0, compiling. 
[2019.08.19-05.25.55:505][511]LogMaterial: Display: Missing cached shader map for material M_SlingBand, compiling. 
[2019.08.19-05.25.55:537][511]LogMaterial: Display: Missing cached shader map for material FMatExpressionPreview MaterialExpressionVectorParameter_0, compiling. 
[2019.08.19-05.25.55:697][512]LogMaterial: Display: Missing cached shader map for material Material_1, compiling. 
[2019.08.19-05.26.00:300][780]LogMaterial: Display: Missing cached shader map for material M_SlingBand, compiling. 
[2019.08.19-05.26.00:335][780]LogMaterial: Display: Missing cached shader map for material FMatExpressionPreview MaterialExpressionVectorParameter_0, compiling. 
[2019.08.19-05.26.50:970][817]LogTemp: IOS device listing is disabled (to many failed attempts)!
[2019.08.19-05.27.15:153][268]LogHttp: Warning: 00000217C2D1E980: invalid HTTP response code received. URL: https://datarouter.ol.epicgames.com/datarouter/api/v1/public/data?SessionID=%7B7AAC6108-43C8-7A37-A5E8-1EBE42260D0C%7D&AppID=UEEditor.Rocket.Release&AppVersion=4.23.0-7948402%2B%2B%2BUE4%2BRelease-4.23&UserID=686afba94cb91b2cdc5523813f4e1716%7C5b5cca900d1543e3ad4f647d0b8d4fde%7Cdc702d75-5693-405c-9ae0-b75093dd6c4a&AppEnvironment=datacollector-binary&UploadType=eteventstream, HTTP code: 0, content length: -1, actual payload size: 0
[2019.08.19-05.27.15:153][268]LogHttp: Warning: 00000217C2D1E980: request failed, libcurl error: 0 (No error)
[2019.08.19-05.27.15:153][268]LogHttp: Warning: 00000217C2D1E980: libcurl info message cache 0 (Found bundle for host datarouter.ol.epicgames.com: 0x217df2b7f70 [can pipeline])
[2019.08.19-05.27.15:153][268]LogHttp: Warning: 00000217C2D1E980: libcurl info message cache 1 (Re-using existing connection! (#4) with host datarouter.ol.epicgames.com)
[2019.08.19-05.27.15:153][268]LogHttp: Warning: 00000217C2D1E980: libcurl info message cache 2 (Connected to datarouter.ol.epicgames.com (52.54.243.91) port 443 (#4))
[2019.08.19-05.27.15:153][268]LogHttp: Warning: 00000217C2D1E980: libcurl info message cache 3 (We are completely uploaded and fine)
[2019.08.19-05.27.15:153][268]LogHttp: Warning: 00000217C2D1E980: libcurl info message cache 4 (TLSv1.2 (IN), TLS alert, Client hello (1):)
[2019.08.19-05.27.15:153][268]LogHttp: Warning: 00000217C2D1E980: libcurl info message cache 5 (Connection died, retrying a fresh connect)
[2019.08.19-05.27.15:153][268]LogHttp: Warning: 00000217C2D1E980: libcurl info message cache 6 (necessary data rewind wasn't possible)
[2019.08.19-05.27.15:153][268]LogHttp: Warning: 00000217C2D1E980: libcurl info message cache 7 (Closing connection 4)
[2019.08.19-05.27.15:153][268]LogHttp: Warning: 00000217C2D1E980: libcurl info message cache 8 (TLSv1.2 (OUT), TLS alert, Client hello (1):)
[2019.08.19-05.27.15:153][268]LogHttp: Warning: Retry exhausted on https://datarouter.ol.epicgames.com/datarouter/api/v1/public/data?SessionID=%7B7AAC6108-43C8-7A37-A5E8-1EBE42260D0C%7D&AppID=UEEditor.Rocket.Release&AppVersion=4.23.0-7948402%2B%2B%2BUE4%2BRelease-4.23&UserID=686afba94cb91b2cdc5523813f4e1716%7C5b5cca900d1543e3ad4f647d0b8d4fde%7Cdc702d75-5693-405c-9ae0-b75093dd6c4a&AppEnvironment=datacollector-binary&UploadType=eteventstream
[2019.08.19-05.27.52:308][497]LogTemp: IOS device listing is disabled (to many failed attempts)!
[2019.08.19-05.28.58:612][475]LogTemp: IOS device listing is disabled (to many failed attempts)!
[2019.08.19-05.30.56:163][526]LogMaterial: Display: Missing cached shader map for material M_SlingBand, compiling. 
[2019.08.19-05.30.56:189][526]LogMaterial: Display: Missing cached shader map for material FMatExpressionPreview MaterialExpressionVectorParameter_0, compiling. 
[2019.08.19-05.31.07:953][230]LogMaterial: Display: Missing cached shader map for material M_SlingBand, compiling. 
[2019.08.19-05.31.07:985][230]LogMaterial: Display: Missing cached shader map for material FMatExpressionPreview MaterialExpressionVectorParameter_0, compiling. 
[2019.08.19-05.31.13:049][532]LogMaterial: Display: Missing cached shader map for material M_SlingBand, compiling. 
[2019.08.19-05.31.13:083][532]LogMaterial: Display: Missing cached shader map for material FMatExpressionPreview MaterialExpressionVectorParameter_0, compiling. 
[2019.08.19-05.32.14:395][984]LogHttp: Warning: 00000217C2D1C7C0: invalid HTTP response code received. URL: https://datarouter.ol.epicgames.com/datarouter/api/v1/public/data?SessionID=%7B7AAC6108-43C8-7A37-A5E8-1EBE42260D0C%7D&AppID=UEEditor.Rocket.Release&AppVersion=4.23.0-7948402%2B%2B%2BUE4%2BRelease-4.23&UserID=686afba94cb91b2cdc5523813f4e1716%7C5b5cca900d1543e3ad4f647d0b8d4fde%7Cdc702d75-5693-405c-9ae0-b75093dd6c4a&AppEnvironment=datacollector-binary&UploadType=eteventstream, HTTP code: 0, content length: -1, actual payload size: 0
[2019.08.19-05.32.14:395][984]LogHttp: Warning: 00000217C2D1C7C0: request failed, libcurl error: 7 (Couldn't connect to server)
[2019.08.19-05.32.14:395][984]LogHttp: Warning: 00000217C2D1C7C0: libcurl info message cache 0 (Connection 5 seems to be dead!)
[2019.08.19-05.32.14:395][984]LogHttp: Warning: 00000217C2D1C7C0: libcurl info message cache 1 (Closing connection 5)
[2019.08.19-05.32.14:395][984]LogHttp: Warning: 00000217C2D1C7C0: libcurl info message cache 2 (TLSv1.2 (OUT), TLS alert, Client hello (1):)
[2019.08.19-05.32.14:395][984]LogHttp: Warning: 00000217C2D1C7C0: libcurl info message cache 3 (  Trying 100.25.121.66...)
[2019.08.19-05.32.14:395][984]LogHttp: Warning: 00000217C2D1C7C0: libcurl info message cache 4 (TCP_NODELAY set)
[2019.08.19-05.32.14:395][984]LogHttp: Warning: 00000217C2D1C7C0: libcurl info message cache 5 (connect to 100.25.121.66 port 443 failed: Timed out)
[2019.08.19-05.32.14:395][984]LogHttp: Warning: 00000217C2D1C7C0: libcurl info message cache 6 (  Trying 107.21.51.40...)
[2019.08.19-05.32.14:395][984]LogHttp: Warning: 00000217C2D1C7C0: libcurl info message cache 7 (TCP_NODELAY set)
[2019.08.19-05.32.14:395][984]LogHttp: Warning: 00000217C2D1C7C0: libcurl info message cache 8 (After 19500ms connect time, move on!)
[2019.08.19-05.32.14:395][984]LogHttp: Warning: 00000217C2D1C7C0: libcurl info message cache 9 (connect to 107.21.51.40 port 443 failed: Timed out)
[2019.08.19-05.32.14:395][984]LogHttp: Warning: 00000217C2D1C7C0: libcurl info message cache 10 (  Trying 52.204.243.49...)
[2019.08.19-05.32.14:395][984]LogHttp: Warning: 00000217C2D1C7C0: libcurl info message cache 11 (TCP_NODELAY set)
[2019.08.19-05.32.14:395][984]LogHttp: Warning: 00000217C2D1C7C0: libcurl info message cache 12 (connect to 52.204.243.49 port 443 failed: Connection was aborted)
[2019.08.19-05.32.14:395][984]LogHttp: Warning: 00000217C2D1C7C0: libcurl info message cache 13 (  Trying 52.54.203.96...)
[2019.08.19-05.32.14:395][984]LogHttp: Warning: 00000217C2D1C7C0: libcurl info message cache 14 (TCP_NODELAY set)
[2019.08.19-05.32.14:395][984]LogHttp: Warning: 00000217C2D1C7C0: libcurl info message cache 15 (After 5039ms connect time, move on!)
[2019.08.19-05.32.14:395][984]LogHttp: Warning: 00000217C2D1C7C0: libcurl info message cache 16 (connect to 52.54.203.96 port 443 failed: Timed out)
[2019.08.19-05.32.14:395][984]LogHttp: Warning: 00000217C2D1C7C0: libcurl info message cache 17 (  Trying 52.45.123.19...)
[2019.08.19-05.32.14:395][984]LogHttp: Warning: 00000217C2D1C7C0: libcurl info message cache 18 (TCP_NODELAY set)
[2019.08.19-05.32.14:395][984]LogHttp: Warning: 00000217C2D1C7C0: libcurl info message cache 19 (After 2515ms connect time, move on!)
[2019.08.19-05.32.14:395][984]LogHttp: Warning: 00000217C2D1C7C0: libcurl info message cache 20 (connect to 52.45.123.19 port 443 failed: Timed out)
[2019.08.19-05.32.14:395][984]LogHttp: Warning: 00000217C2D1C7C0: libcurl info message cache 21 (  Trying 35.169.59.58...)
[2019.08.19-05.32.14:396][984]LogHttp: Warning: 00000217C2D1C7C0: libcurl info message cache 22 (TCP_NODELAY set)
[2019.08.19-05.32.14:396][984]LogHttp: Warning: 00000217C2D1C7C0: libcurl info message cache 23 (After 1257ms connect time, move on!)
[2019.08.19-05.32.14:396][984]LogHttp: Warning: 00000217C2D1C7C0: libcurl info message cache 24 (connect to 35.169.59.58 port 443 failed: Timed out)
[2019.08.19-05.32.14:396][984]LogHttp: Warning: 00000217C2D1C7C0: libcurl info message cache 25 (  Trying 54.236.162.182...)
[2019.08.19-05.32.14:396][984]LogHttp: Warning: 00000217C2D1C7C0: libcurl info message cache 26 (TCP_NODELAY set)
[2019.08.19-05.32.14:396][984]LogHttp: Warning: 00000217C2D1C7C0: libcurl info message cache 27 (After 625ms connect time, move on!)
[2019.08.19-05.32.14:396][984]LogHttp: Warning: 00000217C2D1C7C0: libcurl info message cache 28 (connect to 54.236.162.182 port 443 failed: Timed out)
[2019.08.19-05.32.14:396][984]LogHttp: Warning: 00000217C2D1C7C0: libcurl info message cache 29 (  Trying 52.87.134.163...)
[2019.08.19-05.32.14:396][984]LogHttp: Warning: 00000217C2D1C7C0: libcurl info message cache 30 (TCP_NODELAY set)
[2019.08.19-05.32.14:396][984]LogHttp: Warning: 00000217C2D1C7C0: libcurl info message cache 31 (After 312ms connect time, move on!)
[2019.08.19-05.32.14:396][984]LogHttp: Warning: 00000217C2D1C7C0: libcurl info message cache 32 (connect to 52.87.134.163 port 443 failed: Timed out)
[2019.08.19-05.32.14:396][984]LogHttp: Warning: 00000217C2D1C7C0: libcurl info message cache 33 (Failed to connect to datarouter.ol.epicgames.com port 443: Timed out)
[2019.08.19-05.32.14:396][984]LogHttp: Warning: 00000217C2D1C7C0: libcurl info message cache 34 (Closing connection 6)
[2019.08.19-05.32.14:396][984]LogHttp: Warning: Retry exhausted on https://datarouter.ol.epicgames.com/datarouter/api/v1/public/data?SessionID=%7B7AAC6108-43C8-7A37-A5E8-1EBE42260D0C%7D&AppID=UEEditor.Rocket.Release&AppVersion=4.23.0-7948402%2B%2B%2BUE4%2BRelease-4.23&UserID=686afba94cb91b2cdc5523813f4e1716%7C5b5cca900d1543e3ad4f647d0b8d4fde%7Cdc702d75-5693-405c-9ae0-b75093dd6c4a&AppEnvironment=datacollector-binary&UploadType=eteventstream
[2019.08.19-05.32.40:738][208]LogTemp: IOS device listing is disabled (to many failed attempts)!
[2019.08.19-05.33.19:305][111]LogTemp: IOS device listing is disabled (to many failed attempts)!
[2019.08.19-05.33.47:095][686]LogMaterial: Display: Missing cached shader map for material M_SlingBand, compiling. 
[2019.08.19-05.33.47:135][686]LogMaterial: Display: Missing cached shader map for material FMatExpressionPreview MaterialExpressionVectorParameter_0, compiling. 
[2019.08.19-05.33.47:149][686]LogMaterial: Display: Missing cached shader map for material M_SlingBand, compiling. 
[2019.08.19-05.33.47:185][686]LogMaterial: Display: Missing cached shader map for material FMatExpressionPreview MaterialExpressionVectorParameter_0, compiling. 
[2019.08.19-05.34.30:876][271]LogMaterial: Display: Missing cached shader map for material M_SlingBand, compiling. 
[2019.08.19-05.34.30:907][271]LogMaterial: Display: Missing cached shader map for material FMatExpressionPreview MaterialExpressionVectorParameter_0, compiling. 
[2019.08.19-05.34.30:921][271]LogMaterial: Display: Missing cached shader map for material M_SlingBand, compiling. 
[2019.08.19-05.34.32:573][360]LogMaterial: Display: Missing cached shader map for material M_SlingBand, compiling. 
[2019.08.19-05.34.48:218][296]LogMaterialEditor: Saving and Compiling material M_SlingBand
[2019.08.19-05.34.48:786][296]LogMaterial: Display: Missing cached shader map for material M_SlingBand, compiling. 
[2019.08.19-05.34.48:928][296]LogMaterial: Display: Missing cached shader map for material M_SlingBand, compiling. 
[2019.08.19-05.34.48:959][296]LogMaterial: Display: Missing cached shader map for material M_SlingBand, compiling. 
[2019.08.19-05.34.49:020][296]LogUObjectHash: Compacting FUObjectHashTables data took   3.52ms
[2019.08.19-05.34.49:031][296]LogMaterial: Display: Missing cached shader map for material DebugViewMode MaterialTexCoordScale, compiling. 
